[0.704s] Invoking command in '/home/proving_ground_home/Documents/github/ENAE450/HW5/build/hw5': PYTHONPATH=/home/proving_ground_home/Documents/github/ENAE450/HW5/build/hw5/prefix_override:/home/proving_ground_home/Documents/github/ENAE450/HW5/install/hw5/lib/python3.10/site-packages:${PYTHONPATH} /usr/bin/python3 setup.py develop --editable --build-directory /home/proving_ground_home/Documents/github/ENAE450/HW5/build/hw5/build --no-deps install_data
[0.946s] running develop
[0.946s] /usr/lib/python3/dist-packages/setuptools/command/easy_install.py:158: EasyInstallDeprecationWarning: easy_install command is deprecated. Use build and pip and other standards-based tools.
[0.946s]   warnings.warn(
[0.947s] /usr/lib/python3/dist-packages/setuptools/command/install.py:34: SetuptoolsDeprecationWarning: setup.py install is deprecated. Use build and pip and other standards-based tools.
[0.947s]   warnings.warn(
[1.103s] running egg_info
[1.103s] writing hw5.egg-info/PKG-INFO
[1.103s] writing dependency_links to hw5.egg-info/dependency_links.txt
[1.103s] writing entry points to hw5.egg-info/entry_points.txt
[1.103s] writing requirements to hw5.egg-info/requires.txt
[1.104s] writing top-level names to hw5.egg-info/top_level.txt
[1.105s] reading manifest file 'hw5.egg-info/SOURCES.txt'
[1.106s] writing manifest file 'hw5.egg-info/SOURCES.txt'
[1.107s] running build_ext
[1.107s] Creating /home/proving_ground_home/Documents/github/ENAE450/HW5/install/hw5/lib/python3.10/site-packages/hw5.egg-link (link to .)
[1.108s] Installing hw5_2_inside script to /home/proving_ground_home/Documents/github/ENAE450/HW5/install/hw5/lib/hw5
[1.108s] Installing hw5_3_outside script to /home/proving_ground_home/Documents/github/ENAE450/HW5/install/hw5/lib/hw5
[1.108s] 
[1.108s] Installed /home/proving_ground_home/Documents/github/ENAE450/HW5/build/hw5
[1.108s] running install_data
[1.136s] Invoked command in '/home/proving_ground_home/Documents/github/ENAE450/HW5/build/hw5' returned '0': PYTHONPATH=/home/proving_ground_home/Documents/github/ENAE450/HW5/build/hw5/prefix_override:/home/proving_ground_home/Documents/github/ENAE450/HW5/install/hw5/lib/python3.10/site-packages:${PYTHONPATH} /usr/bin/python3 setup.py develop --editable --build-directory /home/proving_ground_home/Documents/github/ENAE450/HW5/build/hw5/build --no-deps install_data
