[0.051s] Invoking command in '/home/proving_ground_home/Documents/github/ENAE450/HW3/build/hw3_1': CMAKE_PREFIX_PATH=/opt/ros/humble /usr/bin/cmake /home/proving_ground_home/Documents/github/ENAE450/HW3/hw3_1 -DCMAKE_INSTALL_PREFIX=/home/proving_ground_home/Documents/github/ENAE450/HW3/install/hw3_1
[0.060s] -- Found ament_cmake: 1.3.7 (/opt/ros/humble/share/ament_cmake/cmake)
[0.185s] -- Found rclpy: 3.3.11 (/opt/ros/humble/share/rclpy/cmake)
[0.185s] -- Found std_msgs: 4.2.3 (/opt/ros/humble/share/std_msgs/cmake)
[0.209s] -- Found rosidl_generator_c: 3.1.5 (/opt/ros/humble/share/rosidl_generator_c/cmake)
[0.211s] -- Found rosidl_adapter: 3.1.5 (/opt/ros/humble/share/rosidl_adapter/cmake)
[0.216s] -- Found rosidl_generator_cpp: 3.1.5 (/opt/ros/humble/share/rosidl_generator_cpp/cmake)
[0.228s] -- Using all available rosidl_typesupport_c: rosidl_typesupport_fastrtps_c;rosidl_typesupport_introspection_c
[0.242s] -- Using all available rosidl_typesupport_cpp: rosidl_typesupport_fastrtps_cpp;rosidl_typesupport_introspection_cpp
[0.292s] -- Found ament_lint_auto: 0.12.10 (/opt/ros/humble/share/ament_lint_auto/cmake)
[0.359s] -- Added test 'flake8' to check Python code syntax and style conventions
[0.359s] -- Added test 'lint_cmake' to check CMake code style
[0.360s] -- Added test 'pep257' to check Python code against some of the docstring style conventions in PEP 257
[0.361s] -- Added test 'xmllint' to check XML markup files
[0.361s] -- Configuring done
[0.365s] [0mCMake Error: Cannot determine link language for target "hw3_1_pub".[0m
[0.366s] [0mCMake Error: CMake can not determine linker language for target: hw3_1_pub[0m
[0.366s] [0mCMake Error: Cannot determine link language for target "hw3_1_sub".[0m
[0.366s] [0mCMake Error: CMake can not determine linker language for target: hw3_1_sub[0m
[0.367s] -- Generating done
[0.370s] [0mCMake Generate step failed.  Build files cannot be regenerated correctly.[0m
[0.375s] Invoked command in '/home/proving_ground_home/Documents/github/ENAE450/HW3/build/hw3_1' returned '1': CMAKE_PREFIX_PATH=/opt/ros/humble /usr/bin/cmake /home/proving_ground_home/Documents/github/ENAE450/HW3/hw3_1 -DCMAKE_INSTALL_PREFIX=/home/proving_ground_home/Documents/github/ENAE450/HW3/install/hw3_1
