[0.916s] DEBUG:colcon:Command line arguments: ['/usr/bin/colcon', 'build', '--symlink-install']
[0.916s] DEBUG:colcon:Parsed command line arguments: Namespace(log_base=None, log_level=None, verb_name='build', build_base='build', install_base='install', merge_install=False, symlink_install=True, test_result_base=None, continue_on_error=False, executor='parallel', parallel_workers=8, event_handlers=None, ignore_user_meta=False, metas=['./colcon.meta'], base_paths=['.'], packages_ignore=None, packages_ignore_regex=None, paths=None, packages_up_to=None, packages_up_to_regex=None, packages_above=None, packages_above_and_dependencies=None, packages_above_depth=None, packages_select_by_dep=None, packages_skip_by_dep=None, packages_skip_up_to=None, packages_select_build_failed=False, packages_skip_build_finished=False, packages_select_test_failures=False, packages_skip_test_passed=False, packages_select=None, packages_skip=None, packages_select_regex=None, packages_skip_regex=None, packages_start=None, packages_end=None, allow_overriding=[], cmake_args=None, cmake_target=None, cmake_target_skip_unavailable=False, cmake_clean_cache=False, cmake_clean_first=False, cmake_force_configure=False, ament_cmake_args=None, catkin_cmake_args=None, catkin_skip_building_tests=False, verb_parser=<colcon_defaults.argument_parser.defaults.DefaultArgumentsDecorator object at 0x7fa8fa799270>, verb_extension=<colcon_core.verb.build.BuildVerb object at 0x7fa8fa79b490>, main=<bound method BuildVerb.main of <colcon_core.verb.build.BuildVerb object at 0x7fa8fa79b490>>)
[0.959s] Level 1:colcon.colcon_core.package_discovery:discover_packages(colcon_meta) check parameters
[0.959s] Level 1:colcon.colcon_core.package_discovery:discover_packages(recursive) check parameters
[0.959s] Level 1:colcon.colcon_core.package_discovery:discover_packages(ignore) check parameters
[0.959s] Level 1:colcon.colcon_core.package_discovery:discover_packages(path) check parameters
[0.959s] Level 1:colcon.colcon_core.package_discovery:discover_packages(colcon_meta) discover
[0.959s] Level 1:colcon.colcon_core.package_discovery:discover_packages(recursive) discover
[0.959s] INFO:colcon.colcon_core.package_discovery:Crawling recursively for packages in '/home/proving_ground_home/Documents/github/ENAE450/HW4/src'
[0.960s] Level 1:colcon.colcon_core.package_identification:_identify(.) by extensions ['ignore', 'ignore_ament_install']
[0.960s] Level 1:colcon.colcon_core.package_identification:_identify(.) by extension 'ignore'
[0.960s] Level 1:colcon.colcon_core.package_identification:_identify(.) by extension 'ignore_ament_install'
[0.960s] Level 1:colcon.colcon_core.package_identification:_identify(.) by extensions ['colcon_pkg']
[0.960s] Level 1:colcon.colcon_core.package_identification:_identify(.) by extension 'colcon_pkg'
[0.960s] Level 1:colcon.colcon_core.package_identification:_identify(.) by extensions ['colcon_meta']
[0.960s] Level 1:colcon.colcon_core.package_identification:_identify(.) by extension 'colcon_meta'
[0.960s] Level 1:colcon.colcon_core.package_identification:_identify(.) by extensions ['ros']
[0.960s] Level 1:colcon.colcon_core.package_identification:_identify(.) by extension 'ros'
[0.969s] Level 1:colcon.colcon_core.package_identification:_identify(.) by extensions ['cmake', 'python']
[0.970s] Level 1:colcon.colcon_core.package_identification:_identify(.) by extension 'cmake'
[0.970s] Level 1:colcon.colcon_core.package_identification:_identify(.) by extension 'python'
[0.970s] Level 1:colcon.colcon_core.package_identification:_identify(.) by extensions ['python_setup_py']
[0.970s] Level 1:colcon.colcon_core.package_identification:_identify(.) by extension 'python_setup_py'
[0.970s] Level 1:colcon.colcon_core.package_identification:_identify(build) by extensions ['ignore', 'ignore_ament_install']
[0.970s] Level 1:colcon.colcon_core.package_identification:_identify(build) by extension 'ignore'
[0.970s] Level 1:colcon.colcon_core.package_identification:_identify(build) ignored
[0.970s] Level 1:colcon.colcon_core.package_identification:_identify(hw4_1) by extensions ['ignore', 'ignore_ament_install']
[0.970s] Level 1:colcon.colcon_core.package_identification:_identify(hw4_1) by extension 'ignore'
[0.970s] Level 1:colcon.colcon_core.package_identification:_identify(hw4_1) by extension 'ignore_ament_install'
[0.970s] Level 1:colcon.colcon_core.package_identification:_identify(hw4_1) by extensions ['colcon_pkg']
[0.970s] Level 1:colcon.colcon_core.package_identification:_identify(hw4_1) by extension 'colcon_pkg'
[0.970s] Level 1:colcon.colcon_core.package_identification:_identify(hw4_1) by extensions ['colcon_meta']
[0.970s] Level 1:colcon.colcon_core.package_identification:_identify(hw4_1) by extension 'colcon_meta'
[0.970s] Level 1:colcon.colcon_core.package_identification:_identify(hw4_1) by extensions ['ros']
[0.970s] Level 1:colcon.colcon_core.package_identification:_identify(hw4_1) by extension 'ros'
[0.972s] DEBUG:colcon.colcon_core.package_identification:Package 'hw4_1' with type 'ros.ament_python' and name 'hw4_1'
[0.973s] Level 1:colcon.colcon_core.package_identification:_identify(hw4_2) by extensions ['ignore', 'ignore_ament_install']
[0.973s] Level 1:colcon.colcon_core.package_identification:_identify(hw4_2) by extension 'ignore'
[0.973s] Level 1:colcon.colcon_core.package_identification:_identify(hw4_2) by extension 'ignore_ament_install'
[0.973s] Level 1:colcon.colcon_core.package_identification:_identify(hw4_2) by extensions ['colcon_pkg']
[0.973s] Level 1:colcon.colcon_core.package_identification:_identify(hw4_2) by extension 'colcon_pkg'
[0.973s] Level 1:colcon.colcon_core.package_identification:_identify(hw4_2) by extensions ['colcon_meta']
[0.973s] Level 1:colcon.colcon_core.package_identification:_identify(hw4_2) by extension 'colcon_meta'
[0.973s] Level 1:colcon.colcon_core.package_identification:_identify(hw4_2) by extensions ['ros']
[0.973s] Level 1:colcon.colcon_core.package_identification:_identify(hw4_2) by extension 'ros'
[0.973s] DEBUG:colcon.colcon_core.package_identification:Package 'hw4_2' with type 'ros.ament_python' and name 'hw4_2'
[0.973s] Level 1:colcon.colcon_core.package_identification:_identify(hw4_3) by extensions ['ignore', 'ignore_ament_install']
[0.973s] Level 1:colcon.colcon_core.package_identification:_identify(hw4_3) by extension 'ignore'
[0.974s] Level 1:colcon.colcon_core.package_identification:_identify(hw4_3) by extension 'ignore_ament_install'
[0.974s] Level 1:colcon.colcon_core.package_identification:_identify(hw4_3) by extensions ['colcon_pkg']
[0.974s] Level 1:colcon.colcon_core.package_identification:_identify(hw4_3) by extension 'colcon_pkg'
[0.974s] Level 1:colcon.colcon_core.package_identification:_identify(hw4_3) by extensions ['colcon_meta']
[0.974s] Level 1:colcon.colcon_core.package_identification:_identify(hw4_3) by extension 'colcon_meta'
[0.974s] Level 1:colcon.colcon_core.package_identification:_identify(hw4_3) by extensions ['ros']
[0.974s] Level 1:colcon.colcon_core.package_identification:_identify(hw4_3) by extension 'ros'
[0.974s] DEBUG:colcon.colcon_core.package_identification:Package 'hw4_3' with type 'ros.ament_python' and name 'hw4_3'
[0.974s] Level 1:colcon.colcon_core.package_identification:_identify(install) by extensions ['ignore', 'ignore_ament_install']
[0.974s] Level 1:colcon.colcon_core.package_identification:_identify(install) by extension 'ignore'
[0.974s] Level 1:colcon.colcon_core.package_identification:_identify(install) ignored
[0.974s] Level 1:colcon.colcon_core.package_identification:_identify(log) by extensions ['ignore', 'ignore_ament_install']
[0.975s] Level 1:colcon.colcon_core.package_identification:_identify(log) by extension 'ignore'
[0.975s] Level 1:colcon.colcon_core.package_identification:_identify(log) ignored
[0.975s] Level 1:colcon.colcon_core.package_discovery:discover_packages(recursive) using defaults
[0.975s] Level 1:colcon.colcon_core.package_discovery:discover_packages(ignore) discover
[0.975s] Level 1:colcon.colcon_core.package_discovery:discover_packages(ignore) using defaults
[0.975s] Level 1:colcon.colcon_core.package_discovery:discover_packages(path) discover
[0.975s] Level 1:colcon.colcon_core.package_discovery:discover_packages(path) using defaults
[1.058s] Level 1:colcon.colcon_core.package_discovery:discover_packages(prefix_path) check parameters
[1.058s] Level 1:colcon.colcon_core.package_discovery:discover_packages(prefix_path) discover
[1.085s] DEBUG:colcon.colcon_installed_package_information.package_discovery:Found 3 installed packages in /home/proving_ground_home/Documents/github/ENAE450/HW4/src/install
[1.099s] DEBUG:colcon.colcon_installed_package_information.package_discovery:Found 2 installed packages in /home/proving_ground_home/Documents/github/ENAE450/HW3/install
[1.113s] DEBUG:colcon.colcon_installed_package_information.package_discovery:Found 284 installed packages in /opt/ros/humble
[1.114s] Level 1:colcon.colcon_core.package_discovery:discover_packages(prefix_path) using defaults
[1.202s] Level 5:colcon.colcon_core.verb:set package 'hw4_1' build argument 'cmake_args' from command line to 'None'
[1.202s] Level 5:colcon.colcon_core.verb:set package 'hw4_1' build argument 'cmake_target' from command line to 'None'
[1.202s] Level 5:colcon.colcon_core.verb:set package 'hw4_1' build argument 'cmake_target_skip_unavailable' from command line to 'False'
[1.203s] Level 5:colcon.colcon_core.verb:set package 'hw4_1' build argument 'cmake_clean_cache' from command line to 'False'
[1.203s] Level 5:colcon.colcon_core.verb:set package 'hw4_1' build argument 'cmake_clean_first' from command line to 'False'
[1.203s] Level 5:colcon.colcon_core.verb:set package 'hw4_1' build argument 'cmake_force_configure' from command line to 'False'
[1.203s] Level 5:colcon.colcon_core.verb:set package 'hw4_1' build argument 'ament_cmake_args' from command line to 'None'
[1.203s] Level 5:colcon.colcon_core.verb:set package 'hw4_1' build argument 'catkin_cmake_args' from command line to 'None'
[1.203s] Level 5:colcon.colcon_core.verb:set package 'hw4_1' build argument 'catkin_skip_building_tests' from command line to 'False'
[1.203s] DEBUG:colcon.colcon_core.verb:Building package 'hw4_1' with the following arguments: {'ament_cmake_args': None, 'build_base': '/home/proving_ground_home/Documents/github/ENAE450/HW4/src/build/hw4_1', 'catkin_cmake_args': None, 'catkin_skip_building_tests': False, 'cmake_args': None, 'cmake_clean_cache': False, 'cmake_clean_first': False, 'cmake_force_configure': False, 'cmake_target': None, 'cmake_target_skip_unavailable': False, 'install_base': '/home/proving_ground_home/Documents/github/ENAE450/HW4/src/install/hw4_1', 'merge_install': False, 'path': '/home/proving_ground_home/Documents/github/ENAE450/HW4/src/hw4_1', 'symlink_install': True, 'test_result_base': None}
[1.216s] Level 5:colcon.colcon_core.verb:set package 'hw4_2' build argument 'cmake_args' from command line to 'None'
[1.216s] Level 5:colcon.colcon_core.verb:set package 'hw4_2' build argument 'cmake_target' from command line to 'None'
[1.216s] Level 5:colcon.colcon_core.verb:set package 'hw4_2' build argument 'cmake_target_skip_unavailable' from command line to 'False'
[1.216s] Level 5:colcon.colcon_core.verb:set package 'hw4_2' build argument 'cmake_clean_cache' from command line to 'False'
[1.216s] Level 5:colcon.colcon_core.verb:set package 'hw4_2' build argument 'cmake_clean_first' from command line to 'False'
[1.216s] Level 5:colcon.colcon_core.verb:set package 'hw4_2' build argument 'cmake_force_configure' from command line to 'False'
[1.216s] Level 5:colcon.colcon_core.verb:set package 'hw4_2' build argument 'ament_cmake_args' from command line to 'None'
[1.216s] Level 5:colcon.colcon_core.verb:set package 'hw4_2' build argument 'catkin_cmake_args' from command line to 'None'
[1.216s] Level 5:colcon.colcon_core.verb:set package 'hw4_2' build argument 'catkin_skip_building_tests' from command line to 'False'
[1.216s] DEBUG:colcon.colcon_core.verb:Building package 'hw4_2' with the following arguments: {'ament_cmake_args': None, 'build_base': '/home/proving_ground_home/Documents/github/ENAE450/HW4/src/build/hw4_2', 'catkin_cmake_args': None, 'catkin_skip_building_tests': False, 'cmake_args': None, 'cmake_clean_cache': False, 'cmake_clean_first': False, 'cmake_force_configure': False, 'cmake_target': None, 'cmake_target_skip_unavailable': False, 'install_base': '/home/proving_ground_home/Documents/github/ENAE450/HW4/src/install/hw4_2', 'merge_install': False, 'path': '/home/proving_ground_home/Documents/github/ENAE450/HW4/src/hw4_2', 'symlink_install': True, 'test_result_base': None}
[1.230s] Level 5:colcon.colcon_core.verb:set package 'hw4_3' build argument 'cmake_args' from command line to 'None'
[1.230s] Level 5:colcon.colcon_core.verb:set package 'hw4_3' build argument 'cmake_target' from command line to 'None'
[1.230s] Level 5:colcon.colcon_core.verb:set package 'hw4_3' build argument 'cmake_target_skip_unavailable' from command line to 'False'
[1.230s] Level 5:colcon.colcon_core.verb:set package 'hw4_3' build argument 'cmake_clean_cache' from command line to 'False'
[1.230s] Level 5:colcon.colcon_core.verb:set package 'hw4_3' build argument 'cmake_clean_first' from command line to 'False'
[1.230s] Level 5:colcon.colcon_core.verb:set package 'hw4_3' build argument 'cmake_force_configure' from command line to 'False'
[1.230s] Level 5:colcon.colcon_core.verb:set package 'hw4_3' build argument 'ament_cmake_args' from command line to 'None'
[1.230s] Level 5:colcon.colcon_core.verb:set package 'hw4_3' build argument 'catkin_cmake_args' from command line to 'None'
[1.230s] Level 5:colcon.colcon_core.verb:set package 'hw4_3' build argument 'catkin_skip_building_tests' from command line to 'False'
[1.230s] DEBUG:colcon.colcon_core.verb:Building package 'hw4_3' with the following arguments: {'ament_cmake_args': None, 'build_base': '/home/proving_ground_home/Documents/github/ENAE450/HW4/src/build/hw4_3', 'catkin_cmake_args': None, 'catkin_skip_building_tests': False, 'cmake_args': None, 'cmake_clean_cache': False, 'cmake_clean_first': False, 'cmake_force_configure': False, 'cmake_target': None, 'cmake_target_skip_unavailable': False, 'install_base': '/home/proving_ground_home/Documents/github/ENAE450/HW4/src/install/hw4_3', 'merge_install': False, 'path': '/home/proving_ground_home/Documents/github/ENAE450/HW4/src/hw4_3', 'symlink_install': True, 'test_result_base': None}
[1.243s] INFO:colcon.colcon_core.executor:Executing jobs using 'parallel' executor
[1.257s] DEBUG:colcon.colcon_parallel_executor.executor.parallel:run_until_complete
[1.257s] INFO:colcon.colcon_ros.task.ament_python.build:Building ROS package in '/home/proving_ground_home/Documents/github/ENAE450/HW4/src/hw4_1' with build type 'ament_python'
[1.258s] Level 1:colcon.colcon_core.shell:create_environment_hook('hw4_1', 'ament_prefix_path')
[1.273s] INFO:colcon.colcon_core.plugin_system:Skipping extension 'colcon_core.shell.bat': Not used on non-Windows systems
[1.274s] INFO:colcon.colcon_core.shell:Creating environment hook '/home/proving_ground_home/Documents/github/ENAE450/HW4/src/install/hw4_1/share/hw4_1/hook/ament_prefix_path.ps1'
[1.274s] INFO:colcon.colcon_core.shell:Creating environment descriptor '/home/proving_ground_home/Documents/github/ENAE450/HW4/src/install/hw4_1/share/hw4_1/hook/ament_prefix_path.dsv'
[1.275s] INFO:colcon.colcon_core.shell:Creating environment hook '/home/proving_ground_home/Documents/github/ENAE450/HW4/src/install/hw4_1/share/hw4_1/hook/ament_prefix_path.sh'
[1.288s] INFO:colcon.colcon_core.shell:Skip shell extension 'powershell' for command environment: Not usable outside of PowerShell
[1.288s] DEBUG:colcon.colcon_core.shell:Skip shell extension 'dsv' for command environment
[1.348s] INFO:colcon.colcon_ros.task.ament_python.build:Building ROS package in '/home/proving_ground_home/Documents/github/ENAE450/HW4/src/hw4_2' with build type 'ament_python'
[1.349s] Level 1:colcon.colcon_core.shell:create_environment_hook('hw4_2', 'ament_prefix_path')
[1.363s] INFO:colcon.colcon_core.shell:Creating environment hook '/home/proving_ground_home/Documents/github/ENAE450/HW4/src/install/hw4_2/share/hw4_2/hook/ament_prefix_path.ps1'
[1.363s] INFO:colcon.colcon_core.shell:Creating environment descriptor '/home/proving_ground_home/Documents/github/ENAE450/HW4/src/install/hw4_2/share/hw4_2/hook/ament_prefix_path.dsv'
[1.363s] INFO:colcon.colcon_core.shell:Creating environment hook '/home/proving_ground_home/Documents/github/ENAE450/HW4/src/install/hw4_2/share/hw4_2/hook/ament_prefix_path.sh'
[1.378s] INFO:colcon.colcon_core.shell:Skip shell extension 'powershell' for command environment: Not usable outside of PowerShell
[1.378s] DEBUG:colcon.colcon_core.shell:Skip shell extension 'dsv' for command environment
[1.433s] INFO:colcon.colcon_ros.task.ament_python.build:Building ROS package in '/home/proving_ground_home/Documents/github/ENAE450/HW4/src/hw4_3' with build type 'ament_python'
[1.433s] Level 1:colcon.colcon_core.shell:create_environment_hook('hw4_3', 'ament_prefix_path')
[1.448s] INFO:colcon.colcon_core.shell:Creating environment hook '/home/proving_ground_home/Documents/github/ENAE450/HW4/src/install/hw4_3/share/hw4_3/hook/ament_prefix_path.ps1'
[1.448s] INFO:colcon.colcon_core.shell:Creating environment descriptor '/home/proving_ground_home/Documents/github/ENAE450/HW4/src/install/hw4_3/share/hw4_3/hook/ament_prefix_path.dsv'
[1.449s] INFO:colcon.colcon_core.shell:Creating environment hook '/home/proving_ground_home/Documents/github/ENAE450/HW4/src/install/hw4_3/share/hw4_3/hook/ament_prefix_path.sh'
[1.464s] INFO:colcon.colcon_core.shell:Skip shell extension 'powershell' for command environment: Not usable outside of PowerShell
[1.464s] DEBUG:colcon.colcon_core.shell:Skip shell extension 'dsv' for command environment
[1.754s] INFO:colcon.colcon_core.task.python.build:Building Python package in '/home/proving_ground_home/Documents/github/ENAE450/HW4/src/hw4_1'
[1.770s] INFO:colcon.colcon_core.shell:Skip shell extension 'powershell' for command environment: Not usable outside of PowerShell
[1.770s] DEBUG:colcon.colcon_core.shell:Skip shell extension 'dsv' for command environment
[2.053s] INFO:colcon.colcon_core.task.python.build:Building Python package in '/home/proving_ground_home/Documents/github/ENAE450/HW4/src/hw4_2'
[2.068s] INFO:colcon.colcon_core.shell:Skip shell extension 'powershell' for command environment: Not usable outside of PowerShell
[2.068s] DEBUG:colcon.colcon_core.shell:Skip shell extension 'dsv' for command environment
[2.354s] INFO:colcon.colcon_core.task.python.build:Building Python package in '/home/proving_ground_home/Documents/github/ENAE450/HW4/src/hw4_3'
[2.368s] INFO:colcon.colcon_core.shell:Skip shell extension 'powershell' for command environment: Not usable outside of PowerShell
[2.368s] DEBUG:colcon.colcon_core.shell:Skip shell extension 'dsv' for command environment
[2.774s] DEBUG:colcon.colcon_core.event_handler.log_command:Invoking command in '/home/proving_ground_home/Documents/github/ENAE450/HW4/src/build/hw4_3': PYTHONPATH=/home/proving_ground_home/Documents/github/ENAE450/HW4/src/build/hw4_3/prefix_override:/home/proving_ground_home/Documents/github/ENAE450/HW4/src/install/hw4_3/lib/python3.10/site-packages:${PYTHONPATH} /usr/bin/python3 setup.py develop --editable --build-directory /home/proving_ground_home/Documents/github/ENAE450/HW4/src/build/hw4_3/build --no-deps install_data
[2.805s] DEBUG:colcon.colcon_core.event_handler.log_command:Invoking command in '/home/proving_ground_home/Documents/github/ENAE450/HW4/src/build/hw4_1': PYTHONPATH=/home/proving_ground_home/Documents/github/ENAE450/HW4/src/build/hw4_1/prefix_override:/home/proving_ground_home/Documents/github/ENAE450/HW4/src/install/hw4_1/lib/python3.10/site-packages:${PYTHONPATH} /usr/bin/python3 setup.py develop --editable --build-directory /home/proving_ground_home/Documents/github/ENAE450/HW4/src/build/hw4_1/build --no-deps install_data
[2.816s] DEBUG:colcon.colcon_core.event_handler.log_command:Invoking command in '/home/proving_ground_home/Documents/github/ENAE450/HW4/src/build/hw4_2': PYTHONPATH=/home/proving_ground_home/Documents/github/ENAE450/HW4/src/build/hw4_2/prefix_override:/home/proving_ground_home/Documents/github/ENAE450/HW4/src/install/hw4_2/lib/python3.10/site-packages:${PYTHONPATH} /usr/bin/python3 setup.py develop --editable --build-directory /home/proving_ground_home/Documents/github/ENAE450/HW4/src/build/hw4_2/build --no-deps install_data
[3.218s] Level 1:colcon.colcon_core.shell:create_environment_hook('hw4_3', 'pythonpath_develop')
[3.220s] DEBUG:colcon.colcon_core.event_handler.log_command:Invoked command in '/home/proving_ground_home/Documents/github/ENAE450/HW4/src/build/hw4_3' returned '0': PYTHONPATH=/home/proving_ground_home/Documents/github/ENAE450/HW4/src/build/hw4_3/prefix_override:/home/proving_ground_home/Documents/github/ENAE450/HW4/src/install/hw4_3/lib/python3.10/site-packages:${PYTHONPATH} /usr/bin/python3 setup.py develop --editable --build-directory /home/proving_ground_home/Documents/github/ENAE450/HW4/src/build/hw4_3/build --no-deps install_data
[3.240s] INFO:colcon.colcon_core.shell:Creating environment hook '/home/proving_ground_home/Documents/github/ENAE450/HW4/src/build/hw4_3/share/hw4_3/hook/pythonpath_develop.ps1'
[3.241s] INFO:colcon.colcon_core.shell:Creating environment descriptor '/home/proving_ground_home/Documents/github/ENAE450/HW4/src/build/hw4_3/share/hw4_3/hook/pythonpath_develop.dsv'
[3.241s] INFO:colcon.colcon_core.shell:Creating environment hook '/home/proving_ground_home/Documents/github/ENAE450/HW4/src/build/hw4_3/share/hw4_3/hook/pythonpath_develop.sh'
[3.257s] Level 1:colcon.colcon_core.environment:checking '/home/proving_ground_home/Documents/github/ENAE450/HW4/src/install/hw4_3' for CMake module files
[3.258s] Level 1:colcon.colcon_core.environment:checking '/home/proving_ground_home/Documents/github/ENAE450/HW4/src/install/hw4_3' for CMake config files
[3.258s] Level 1:colcon.colcon_core.environment:checking '/home/proving_ground_home/Documents/github/ENAE450/HW4/src/install/hw4_3/lib'
[3.258s] Level 1:colcon.colcon_core.environment:checking '/home/proving_ground_home/Documents/github/ENAE450/HW4/src/install/hw4_3/bin'
[3.258s] Level 1:colcon.colcon_core.environment:checking '/home/proving_ground_home/Documents/github/ENAE450/HW4/src/install/hw4_3/lib/pkgconfig/hw4_3.pc'
[3.259s] Level 1:colcon.colcon_core.environment:checking '/home/proving_ground_home/Documents/github/ENAE450/HW4/src/install/hw4_3/lib/python3.10/site-packages'
[3.259s] Level 1:colcon.colcon_core.shell:create_environment_hook('hw4_3', 'pythonpath')
[3.273s] INFO:colcon.colcon_core.shell:Creating environment hook '/home/proving_ground_home/Documents/github/ENAE450/HW4/src/install/hw4_3/share/hw4_3/hook/pythonpath.ps1'
[3.273s] INFO:colcon.colcon_core.shell:Creating environment descriptor '/home/proving_ground_home/Documents/github/ENAE450/HW4/src/install/hw4_3/share/hw4_3/hook/pythonpath.dsv'
[3.274s] INFO:colcon.colcon_core.shell:Creating environment hook '/home/proving_ground_home/Documents/github/ENAE450/HW4/src/install/hw4_3/share/hw4_3/hook/pythonpath.sh'
[3.274s] Level 1:colcon.colcon_core.environment:checking '/home/proving_ground_home/Documents/github/ENAE450/HW4/src/install/hw4_3/bin'
[3.274s] Level 1:colcon.colcon_core.environment:create_environment_scripts_only(hw4_3)
[3.288s] INFO:colcon.colcon_core.shell:Creating package script '/home/proving_ground_home/Documents/github/ENAE450/HW4/src/install/hw4_3/share/hw4_3/package.ps1'
[3.289s] INFO:colcon.colcon_core.shell:Creating package descriptor '/home/proving_ground_home/Documents/github/ENAE450/HW4/src/install/hw4_3/share/hw4_3/package.dsv'
[3.290s] INFO:colcon.colcon_core.shell:Creating package script '/home/proving_ground_home/Documents/github/ENAE450/HW4/src/install/hw4_3/share/hw4_3/package.sh'
[3.290s] INFO:colcon.colcon_core.shell:Creating package script '/home/proving_ground_home/Documents/github/ENAE450/HW4/src/install/hw4_3/share/hw4_3/package.bash'
[3.291s] INFO:colcon.colcon_core.shell:Creating package script '/home/proving_ground_home/Documents/github/ENAE450/HW4/src/install/hw4_3/share/hw4_3/package.zsh'
[3.291s] Level 1:colcon.colcon_core.environment:create_file_with_runtime_dependencies(/home/proving_ground_home/Documents/github/ENAE450/HW4/src/install/hw4_3/share/colcon-core/packages/hw4_3)
[3.293s] Level 1:colcon.colcon_core.shell:create_environment_hook('hw4_1', 'pythonpath_develop')
[3.296s] DEBUG:colcon.colcon_core.event_handler.log_command:Invoked command in '/home/proving_ground_home/Documents/github/ENAE450/HW4/src/build/hw4_1' returned '0': PYTHONPATH=/home/proving_ground_home/Documents/github/ENAE450/HW4/src/build/hw4_1/prefix_override:/home/proving_ground_home/Documents/github/ENAE450/HW4/src/install/hw4_1/lib/python3.10/site-packages:${PYTHONPATH} /usr/bin/python3 setup.py develop --editable --build-directory /home/proving_ground_home/Documents/github/ENAE450/HW4/src/build/hw4_1/build --no-deps install_data
[3.308s] INFO:colcon.colcon_core.shell:Creating environment hook '/home/proving_ground_home/Documents/github/ENAE450/HW4/src/build/hw4_1/share/hw4_1/hook/pythonpath_develop.ps1'
[3.309s] INFO:colcon.colcon_core.shell:Creating environment descriptor '/home/proving_ground_home/Documents/github/ENAE450/HW4/src/build/hw4_1/share/hw4_1/hook/pythonpath_develop.dsv'
[3.309s] INFO:colcon.colcon_core.shell:Creating environment hook '/home/proving_ground_home/Documents/github/ENAE450/HW4/src/build/hw4_1/share/hw4_1/hook/pythonpath_develop.sh'
[3.323s] Level 1:colcon.colcon_core.environment:checking '/home/proving_ground_home/Documents/github/ENAE450/HW4/src/install/hw4_1' for CMake module files
[3.324s] Level 1:colcon.colcon_core.environment:checking '/home/proving_ground_home/Documents/github/ENAE450/HW4/src/install/hw4_1' for CMake config files
[3.324s] Level 1:colcon.colcon_core.environment:checking '/home/proving_ground_home/Documents/github/ENAE450/HW4/src/install/hw4_1/lib'
[3.324s] Level 1:colcon.colcon_core.environment:checking '/home/proving_ground_home/Documents/github/ENAE450/HW4/src/install/hw4_1/bin'
[3.324s] Level 1:colcon.colcon_core.environment:checking '/home/proving_ground_home/Documents/github/ENAE450/HW4/src/install/hw4_1/lib/pkgconfig/hw4_1.pc'
[3.324s] Level 1:colcon.colcon_core.environment:checking '/home/proving_ground_home/Documents/github/ENAE450/HW4/src/install/hw4_1/lib/python3.10/site-packages'
[3.325s] Level 1:colcon.colcon_core.shell:create_environment_hook('hw4_1', 'pythonpath')
[3.338s] INFO:colcon.colcon_core.shell:Creating environment hook '/home/proving_ground_home/Documents/github/ENAE450/HW4/src/install/hw4_1/share/hw4_1/hook/pythonpath.ps1'
[3.338s] INFO:colcon.colcon_core.shell:Creating environment descriptor '/home/proving_ground_home/Documents/github/ENAE450/HW4/src/install/hw4_1/share/hw4_1/hook/pythonpath.dsv'
[3.339s] INFO:colcon.colcon_core.shell:Creating environment hook '/home/proving_ground_home/Documents/github/ENAE450/HW4/src/install/hw4_1/share/hw4_1/hook/pythonpath.sh'
[3.339s] Level 1:colcon.colcon_core.environment:checking '/home/proving_ground_home/Documents/github/ENAE450/HW4/src/install/hw4_1/bin'
[3.339s] Level 1:colcon.colcon_core.environment:create_environment_scripts_only(hw4_1)
[3.353s] INFO:colcon.colcon_core.shell:Creating package script '/home/proving_ground_home/Documents/github/ENAE450/HW4/src/install/hw4_1/share/hw4_1/package.ps1'
[3.354s] INFO:colcon.colcon_core.shell:Creating package descriptor '/home/proving_ground_home/Documents/github/ENAE450/HW4/src/install/hw4_1/share/hw4_1/package.dsv'
[3.354s] INFO:colcon.colcon_core.shell:Creating package script '/home/proving_ground_home/Documents/github/ENAE450/HW4/src/install/hw4_1/share/hw4_1/package.sh'
[3.355s] INFO:colcon.colcon_core.shell:Creating package script '/home/proving_ground_home/Documents/github/ENAE450/HW4/src/install/hw4_1/share/hw4_1/package.bash'
[3.355s] INFO:colcon.colcon_core.shell:Creating package script '/home/proving_ground_home/Documents/github/ENAE450/HW4/src/install/hw4_1/share/hw4_1/package.zsh'
[3.355s] Level 1:colcon.colcon_core.environment:create_file_with_runtime_dependencies(/home/proving_ground_home/Documents/github/ENAE450/HW4/src/install/hw4_1/share/colcon-core/packages/hw4_1)
[3.356s] Level 1:colcon.colcon_core.shell:create_environment_hook('hw4_2', 'pythonpath_develop')
[3.358s] DEBUG:colcon.colcon_core.event_handler.log_command:Invoked command in '/home/proving_ground_home/Documents/github/ENAE450/HW4/src/build/hw4_2' returned '0': PYTHONPATH=/home/proving_ground_home/Documents/github/ENAE450/HW4/src/build/hw4_2/prefix_override:/home/proving_ground_home/Documents/github/ENAE450/HW4/src/install/hw4_2/lib/python3.10/site-packages:${PYTHONPATH} /usr/bin/python3 setup.py develop --editable --build-directory /home/proving_ground_home/Documents/github/ENAE450/HW4/src/build/hw4_2/build --no-deps install_data
[3.371s] INFO:colcon.colcon_core.shell:Creating environment hook '/home/proving_ground_home/Documents/github/ENAE450/HW4/src/build/hw4_2/share/hw4_2/hook/pythonpath_develop.ps1'
[3.372s] INFO:colcon.colcon_core.shell:Creating environment descriptor '/home/proving_ground_home/Documents/github/ENAE450/HW4/src/build/hw4_2/share/hw4_2/hook/pythonpath_develop.dsv'
[3.372s] INFO:colcon.colcon_core.shell:Creating environment hook '/home/proving_ground_home/Documents/github/ENAE450/HW4/src/build/hw4_2/share/hw4_2/hook/pythonpath_develop.sh'
[3.386s] Level 1:colcon.colcon_core.environment:checking '/home/proving_ground_home/Documents/github/ENAE450/HW4/src/install/hw4_2' for CMake module files
[3.387s] Level 1:colcon.colcon_core.environment:checking '/home/proving_ground_home/Documents/github/ENAE450/HW4/src/install/hw4_2' for CMake config files
[3.387s] Level 1:colcon.colcon_core.environment:checking '/home/proving_ground_home/Documents/github/ENAE450/HW4/src/install/hw4_2/lib'
[3.387s] Level 1:colcon.colcon_core.environment:checking '/home/proving_ground_home/Documents/github/ENAE450/HW4/src/install/hw4_2/bin'
[3.387s] Level 1:colcon.colcon_core.environment:checking '/home/proving_ground_home/Documents/github/ENAE450/HW4/src/install/hw4_2/lib/pkgconfig/hw4_2.pc'
[3.387s] Level 1:colcon.colcon_core.environment:checking '/home/proving_ground_home/Documents/github/ENAE450/HW4/src/install/hw4_2/lib/python3.10/site-packages'
[3.387s] Level 1:colcon.colcon_core.shell:create_environment_hook('hw4_2', 'pythonpath')
[3.401s] INFO:colcon.colcon_core.shell:Creating environment hook '/home/proving_ground_home/Documents/github/ENAE450/HW4/src/install/hw4_2/share/hw4_2/hook/pythonpath.ps1'
[3.402s] INFO:colcon.colcon_core.shell:Creating environment descriptor '/home/proving_ground_home/Documents/github/ENAE450/HW4/src/install/hw4_2/share/hw4_2/hook/pythonpath.dsv'
[3.402s] INFO:colcon.colcon_core.shell:Creating environment hook '/home/proving_ground_home/Documents/github/ENAE450/HW4/src/install/hw4_2/share/hw4_2/hook/pythonpath.sh'
[3.403s] Level 1:colcon.colcon_core.environment:checking '/home/proving_ground_home/Documents/github/ENAE450/HW4/src/install/hw4_2/bin'
[3.403s] Level 1:colcon.colcon_core.environment:create_environment_scripts_only(hw4_2)
[3.417s] INFO:colcon.colcon_core.shell:Creating package script '/home/proving_ground_home/Documents/github/ENAE450/HW4/src/install/hw4_2/share/hw4_2/package.ps1'
[3.417s] INFO:colcon.colcon_core.shell:Creating package descriptor '/home/proving_ground_home/Documents/github/ENAE450/HW4/src/install/hw4_2/share/hw4_2/package.dsv'
[3.418s] INFO:colcon.colcon_core.shell:Creating package script '/home/proving_ground_home/Documents/github/ENAE450/HW4/src/install/hw4_2/share/hw4_2/package.sh'
[3.418s] INFO:colcon.colcon_core.shell:Creating package script '/home/proving_ground_home/Documents/github/ENAE450/HW4/src/install/hw4_2/share/hw4_2/package.bash'
[3.419s] INFO:colcon.colcon_core.shell:Creating package script '/home/proving_ground_home/Documents/github/ENAE450/HW4/src/install/hw4_2/share/hw4_2/package.zsh'
[3.419s] Level 1:colcon.colcon_core.environment:create_file_with_runtime_dependencies(/home/proving_ground_home/Documents/github/ENAE450/HW4/src/install/hw4_2/share/colcon-core/packages/hw4_2)
[3.420s] DEBUG:colcon.colcon_parallel_executor.executor.parallel:closing loop
[3.423s] DEBUG:colcon.colcon_parallel_executor.executor.parallel:loop closed
[3.423s] DEBUG:colcon.colcon_parallel_executor.executor.parallel:run_until_complete finished with '0'
[3.423s] DEBUG:colcon.colcon_core.event_reactor:joining thread
[3.441s] INFO:colcon.colcon_core.plugin_system:Skipping extension 'colcon_notification.desktop_notification.notify_send': Could not find 'notify-send'
[3.441s] INFO:colcon.colcon_core.plugin_system:Skipping extension 'colcon_notification.desktop_notification.terminal_notifier': Not used on non-Darwin systems
[3.441s] INFO:colcon.colcon_core.plugin_system:Skipping extension 'colcon_notification.desktop_notification.win32': Not used on non-Windows systems
[3.441s] INFO:colcon.colcon_notification.desktop_notification:Sending desktop notification using 'notify2'
[3.463s] DEBUG:colcon.colcon_core.event_reactor:joined thread
[3.477s] INFO:colcon.colcon_core.shell:Creating prefix script '/home/proving_ground_home/Documents/github/ENAE450/HW4/src/install/local_setup.ps1'
[3.478s] INFO:colcon.colcon_core.shell:Creating prefix util module '/home/proving_ground_home/Documents/github/ENAE450/HW4/src/install/_local_setup_util_ps1.py'
[3.479s] INFO:colcon.colcon_core.shell:Creating prefix chain script '/home/proving_ground_home/Documents/github/ENAE450/HW4/src/install/setup.ps1'
[3.494s] INFO:colcon.colcon_core.shell:Creating prefix script '/home/proving_ground_home/Documents/github/ENAE450/HW4/src/install/local_setup.sh'
[3.495s] INFO:colcon.colcon_core.shell:Creating prefix util module '/home/proving_ground_home/Documents/github/ENAE450/HW4/src/install/_local_setup_util_sh.py'
[3.495s] INFO:colcon.colcon_core.shell:Creating prefix chain script '/home/proving_ground_home/Documents/github/ENAE450/HW4/src/install/setup.sh'
[3.520s] INFO:colcon.colcon_core.shell:Creating prefix script '/home/proving_ground_home/Documents/github/ENAE450/HW4/src/install/local_setup.bash'
[3.521s] INFO:colcon.colcon_core.shell:Creating prefix chain script '/home/proving_ground_home/Documents/github/ENAE450/HW4/src/install/setup.bash'
[3.536s] INFO:colcon.colcon_core.shell:Creating prefix script '/home/proving_ground_home/Documents/github/ENAE450/HW4/src/install/local_setup.zsh'
[3.536s] INFO:colcon.colcon_core.shell:Creating prefix chain script '/home/proving_ground_home/Documents/github/ENAE450/HW4/src/install/setup.zsh'
