running egg_info
creating ../build/hw3_2/hw3_2.egg-info
writing ../build/hw3_2/hw3_2.egg-info/PKG-INFO
writing dependency_links to ../build/hw3_2/hw3_2.egg-info/dependency_links.txt
writing entry points to ../build/hw3_2/hw3_2.egg-info/entry_points.txt
writing requirements to ../build/hw3_2/hw3_2.egg-info/requires.txt
writing top-level names to ../build/hw3_2/hw3_2.egg-info/top_level.txt
writing manifest file '../build/hw3_2/hw3_2.egg-info/SOURCES.txt'
reading manifest file '../build/hw3_2/hw3_2.egg-info/SOURCES.txt'
writing manifest file '../build/hw3_2/hw3_2.egg-info/SOURCES.txt'
running build
running build_py
creating /home/proving_ground_home/Documents/github/ENAE450/HW3/build/hw3_2/build
creating /home/proving_ground_home/Documents/github/ENAE450/HW3/build/hw3_2/build/lib
creating /home/proving_ground_home/Documents/github/ENAE450/HW3/build/hw3_2/build/lib/hw3_2
copying hw3_2/__init__.py -> /home/proving_ground_home/Documents/github/ENAE450/HW3/build/hw3_2/build/lib/hw3_2
running install
running install_lib
creating /home/proving_ground_home/Documents/github/ENAE450/HW3/install/hw3_2/lib/python3.10/site-packages/hw3_2
copying /home/proving_ground_home/Documents/github/ENAE450/HW3/build/hw3_2/build/lib/hw3_2/__init__.py -> /home/proving_ground_home/Documents/github/ENAE450/HW3/install/hw3_2/lib/python3.10/site-packages/hw3_2
byte-compiling /home/proving_ground_home/Documents/github/ENAE450/HW3/install/hw3_2/lib/python3.10/site-packages/hw3_2/__init__.py to __init__.cpython-310.pyc
running install_data
creating /home/proving_ground_home/Documents/github/ENAE450/HW3/install/hw3_2/share/ament_index
creating /home/proving_ground_home/Documents/github/ENAE450/HW3/install/hw3_2/share/ament_index/resource_index
creating /home/proving_ground_home/Documents/github/ENAE450/HW3/install/hw3_2/share/ament_index/resource_index/packages
copying resource/hw3_2 -> /home/proving_ground_home/Documents/github/ENAE450/HW3/install/hw3_2/share/ament_index/resource_index/packages
copying package.xml -> /home/proving_ground_home/Documents/github/ENAE450/HW3/install/hw3_2/share/hw3_2
running install_egg_info
Copying ../build/hw3_2/hw3_2.egg-info to /home/proving_ground_home/Documents/github/ENAE450/HW3/install/hw3_2/lib/python3.10/site-packages/hw3_2-0.0.0-py3.10.egg-info
running install_scripts
Installing hw3_2_pub script to /home/proving_ground_home/Documents/github/ENAE450/HW3/install/hw3_2/lib/hw3_2
Installing hw3_2_sub script to /home/proving_ground_home/Documents/github/ENAE450/HW3/install/hw3_2/lib/hw3_2
writing list of installed files to '/home/proving_ground_home/Documents/github/ENAE450/HW3/build/hw3_2/install.log'
