[0.047s] Invoking command in '/home/proving_ground_home/Documents/github/ENAE450/HW3/build/hw3_1': CMAKE_PREFIX_PATH=/opt/ros/humble /usr/bin/cmake /home/proving_ground_home/Documents/github/ENAE450/HW3/hw3_1 -DCMAKE_INSTALL_PREFIX=/home/proving_ground_home/Documents/github/ENAE450/HW3/install/hw3_1
[0.059s] -- Found ament_cmake: 1.3.7 (/opt/ros/humble/share/ament_cmake/cmake)
[0.186s] -- Found rclpy: 3.3.11 (/opt/ros/humble/share/rclpy/cmake)
[0.237s] -- Found std_msgs: 4.2.3 (/opt/ros/humble/share/std_msgs/cmake)
[0.572s] -- Found rosidl_generator_c: 3.1.5 (/opt/ros/humble/share/rosidl_generator_c/cmake)
[0.643s] -- Found rosidl_adapter: 3.1.5 (/opt/ros/humble/share/rosidl_adapter/cmake)
[0.679s] -- Found rosidl_generator_cpp: 3.1.5 (/opt/ros/humble/share/rosidl_generator_cpp/cmake)
[0.767s] -- Using all available rosidl_typesupport_c: rosidl_typesupport_fastrtps_c;rosidl_typesupport_introspection_c
[0.797s] -- Using all available rosidl_typesupport_cpp: rosidl_typesupport_fastrtps_cpp;rosidl_typesupport_introspection_cpp
[0.883s] [31mCMake Error at CMakeLists.txt:22 (install):
[0.883s]   install does not recognize sub-command ament_target_dependencies
[0.883s] 
[0.883s] [0m
[0.895s] -- Found ament_lint_auto: 0.12.10 (/opt/ros/humble/share/ament_lint_auto/cmake)
[1.069s] -- Added test 'flake8' to check Python code syntax and style conventions
[1.070s] -- Added test 'lint_cmake' to check CMake code style
[1.073s] -- Added test 'pep257' to check Python code against some of the docstring style conventions in PEP 257
[1.075s] -- Added test 'xmllint' to check XML markup files
[1.082s] -- Configuring incomplete, errors occurred!
[1.082s] See also "/home/proving_ground_home/Documents/github/ENAE450/HW3/build/hw3_1/CMakeFiles/CMakeOutput.log".
[1.087s] Invoked command in '/home/proving_ground_home/Documents/github/ENAE450/HW3/build/hw3_1' returned '1': CMAKE_PREFIX_PATH=/opt/ros/humble /usr/bin/cmake /home/proving_ground_home/Documents/github/ENAE450/HW3/hw3_1 -DCMAKE_INSTALL_PREFIX=/home/proving_ground_home/Documents/github/ENAE450/HW3/install/hw3_1
