[0.770s] Invoking command in '/home/proving_ground_home/Documents/github/ENAE450/HW3/hw3_2': PYTHONPATH=/home/proving_ground_home/Documents/github/ENAE450/HW3/build/hw3_2/prefix_override:/home/proving_ground_home/Documents/github/ENAE450/HW3/install/hw3_2/lib/python3.10/site-packages:${PYTHONPATH} /usr/bin/python3 setup.py egg_info --egg-base ../build/hw3_2 build --build-base /home/proving_ground_home/Documents/github/ENAE450/HW3/build/hw3_2/build install --record /home/proving_ground_home/Documents/github/ENAE450/HW3/build/hw3_2/install.log --single-version-externally-managed
[0.986s] running egg_info
[0.987s] writing ../build/hw3_2/hw3_2.egg-info/PKG-INFO
[0.988s] writing dependency_links to ../build/hw3_2/hw3_2.egg-info/dependency_links.txt
[0.988s] writing entry points to ../build/hw3_2/hw3_2.egg-info/entry_points.txt
[0.989s] writing requirements to ../build/hw3_2/hw3_2.egg-info/requires.txt
[0.989s] writing top-level names to ../build/hw3_2/hw3_2.egg-info/top_level.txt
[0.991s] reading manifest file '../build/hw3_2/hw3_2.egg-info/SOURCES.txt'
[0.992s] writing manifest file '../build/hw3_2/hw3_2.egg-info/SOURCES.txt'
[0.993s] running build
[0.993s] running build_py
[0.994s] copying hw3_2/hw3_2_sub.py -> /home/proving_ground_home/Documents/github/ENAE450/HW3/build/hw3_2/build/lib/hw3_2
[0.994s] running install
[0.994s] /usr/lib/python3/dist-packages/setuptools/command/install.py:34: SetuptoolsDeprecationWarning: setup.py install is deprecated. Use build and pip and other standards-based tools.
[0.994s]   warnings.warn(
[0.995s] running install_lib
[0.996s] copying /home/proving_ground_home/Documents/github/ENAE450/HW3/build/hw3_2/build/lib/hw3_2/hw3_2_sub.py -> /home/proving_ground_home/Documents/github/ENAE450/HW3/install/hw3_2/lib/python3.10/site-packages/hw3_2
[0.998s] byte-compiling /home/proving_ground_home/Documents/github/ENAE450/HW3/install/hw3_2/lib/python3.10/site-packages/hw3_2/hw3_2_sub.py to hw3_2_sub.cpython-310.pyc
[0.998s] running install_data
[0.999s] running install_egg_info
[1.000s] removing '/home/proving_ground_home/Documents/github/ENAE450/HW3/install/hw3_2/lib/python3.10/site-packages/hw3_2-0.0.0-py3.10.egg-info' (and everything under it)
[1.001s] Copying ../build/hw3_2/hw3_2.egg-info to /home/proving_ground_home/Documents/github/ENAE450/HW3/install/hw3_2/lib/python3.10/site-packages/hw3_2-0.0.0-py3.10.egg-info
[1.002s] running install_scripts
[1.020s] Installing hw3_2_pub script to /home/proving_ground_home/Documents/github/ENAE450/HW3/install/hw3_2/lib/hw3_2
[1.021s] Installing hw3_2_sub script to /home/proving_ground_home/Documents/github/ENAE450/HW3/install/hw3_2/lib/hw3_2
[1.022s] writing list of installed files to '/home/proving_ground_home/Documents/github/ENAE450/HW3/build/hw3_2/install.log'
[1.045s] Invoked command in '/home/proving_ground_home/Documents/github/ENAE450/HW3/hw3_2' returned '0': PYTHONPATH=/home/proving_ground_home/Documents/github/ENAE450/HW3/build/hw3_2/prefix_override:/home/proving_ground_home/Documents/github/ENAE450/HW3/install/hw3_2/lib/python3.10/site-packages:${PYTHONPATH} /usr/bin/python3 setup.py egg_info --egg-base ../build/hw3_2 build --build-base /home/proving_ground_home/Documents/github/ENAE450/HW3/build/hw3_2/build install --record /home/proving_ground_home/Documents/github/ENAE450/HW3/build/hw3_2/install.log --single-version-externally-managed
