[1.400s] Invoking command in '/home/proving_ground_home/Documents/github/ENAE450/HW4/src/build/hw4_2': PYTHONPATH=/home/proving_ground_home/Documents/github/ENAE450/HW4/src/build/hw4_2/prefix_override:/home/proving_ground_home/Documents/github/ENAE450/HW4/src/install/hw4_2/lib/python3.10/site-packages:${PYTHONPATH} /usr/bin/python3 setup.py develop --editable --build-directory /home/proving_ground_home/Documents/github/ENAE450/HW4/src/build/hw4_2/build --no-deps install_data
[1.644s] /usr/lib/python3/dist-packages/setuptools/command/easy_install.py:158: EasyInstallDeprecationWarning: easy_install command is deprecated. Use build and pip and other standards-based tools.
[1.644s]   warnings.warn(
[1.645s] running develop
[1.645s] /usr/lib/python3/dist-packages/setuptools/command/install.py:34: SetuptoolsDeprecationWarning: setup.py install is deprecated. Use build and pip and other standards-based tools.
[1.645s]   warnings.warn(
[1.792s] running egg_info
[1.792s] writing hw4_2.egg-info/PKG-INFO
[1.792s] writing dependency_links to hw4_2.egg-info/dependency_links.txt
[1.792s] writing entry points to hw4_2.egg-info/entry_points.txt
[1.793s] writing requirements to hw4_2.egg-info/requires.txt
[1.793s] writing top-level names to hw4_2.egg-info/top_level.txt
[1.794s] reading manifest file 'hw4_2.egg-info/SOURCES.txt'
[1.795s] writing manifest file 'hw4_2.egg-info/SOURCES.txt'
[1.796s] running build_ext
[1.796s] Creating /home/proving_ground_home/Documents/github/ENAE450/HW4/src/install/hw4_2/lib/python3.10/site-packages/hw4-2.egg-link (link to .)
[1.797s] Installing hw4_2_controller script to /home/proving_ground_home/Documents/github/ENAE450/HW4/src/install/hw4_2/lib/hw4_2
[1.797s] 
[1.797s] Installed /home/proving_ground_home/Documents/github/ENAE450/HW4/src/build/hw4_2
[1.797s] running install_data
[1.948s] Invoked command in '/home/proving_ground_home/Documents/github/ENAE450/HW4/src/build/hw4_2' returned '0': PYTHONPATH=/home/proving_ground_home/Documents/github/ENAE450/HW4/src/build/hw4_2/prefix_override:/home/proving_ground_home/Documents/github/ENAE450/HW4/src/install/hw4_2/lib/python3.10/site-packages:${PYTHONPATH} /usr/bin/python3 setup.py develop --editable --build-directory /home/proving_ground_home/Documents/github/ENAE450/HW4/src/build/hw4_2/build --no-deps install_data
