[1.593s] Invoking command in '/home/proving_ground_home/Documents/github/ENAE450/HW4/src/build/hw4_1': PYTHONPATH=/home/proving_ground_home/Documents/github/ENAE450/HW4/src/build/hw4_1/prefix_override:/home/proving_ground_home/Documents/github/ENAE450/HW4/src/install/hw4_1/lib/python3.10/site-packages:${PYTHONPATH} /usr/bin/python3 setup.py develop --editable --build-directory /home/proving_ground_home/Documents/github/ENAE450/HW4/src/build/hw4_1/build --no-deps install_data
[1.848s] running develop
[1.848s] /usr/lib/python3/dist-packages/setuptools/command/easy_install.py:158: EasyInstallDeprecationWarning: easy_install command is deprecated. Use build and pip and other standards-based tools.
[1.848s]   warnings.warn(
[1.849s] /usr/lib/python3/dist-packages/setuptools/command/install.py:34: SetuptoolsDeprecationWarning: setup.py install is deprecated. Use build and pip and other standards-based tools.
[1.849s]   warnings.warn(
[2.014s] running egg_info
[2.014s] writing hw4_1.egg-info/PKG-INFO
[2.014s] writing dependency_links to hw4_1.egg-info/dependency_links.txt
[2.015s] writing entry points to hw4_1.egg-info/entry_points.txt
[2.015s] writing requirements to hw4_1.egg-info/requires.txt
[2.015s] writing top-level names to hw4_1.egg-info/top_level.txt
[2.017s] reading manifest file 'hw4_1.egg-info/SOURCES.txt'
[2.017s] writing manifest file 'hw4_1.egg-info/SOURCES.txt'
[2.019s] running build_ext
[2.019s] Creating /home/proving_ground_home/Documents/github/ENAE450/HW4/src/install/hw4_1/lib/python3.10/site-packages/hw4-1.egg-link (link to .)
[2.020s] Installing hw4_1_controller script to /home/proving_ground_home/Documents/github/ENAE450/HW4/src/install/hw4_1/lib/hw4_1
[2.020s] 
[2.020s] Installed /home/proving_ground_home/Documents/github/ENAE450/HW4/src/build/hw4_1
[2.020s] running install_data
[2.020s] copying package.xml -> /home/proving_ground_home/Documents/github/ENAE450/HW4/src/install/hw4_1/share/hw4_1
[2.058s] Invoked command in '/home/proving_ground_home/Documents/github/ENAE450/HW4/src/build/hw4_1' returned '0': PYTHONPATH=/home/proving_ground_home/Documents/github/ENAE450/HW4/src/build/hw4_1/prefix_override:/home/proving_ground_home/Documents/github/ENAE450/HW4/src/install/hw4_1/lib/python3.10/site-packages:${PYTHONPATH} /usr/bin/python3 setup.py develop --editable --build-directory /home/proving_ground_home/Documents/github/ENAE450/HW4/src/build/hw4_1/build --no-deps install_data
