[1.318s] Invoking command in '/home/proving_ground_home/Documents/github/ENAE450/HW4/src/build/hw4_3': PYTHONPATH=/home/proving_ground_home/Documents/github/ENAE450/HW4/src/build/hw4_3/prefix_override:/home/proving_ground_home/Documents/github/ENAE450/HW4/src/install/hw4_3/lib/python3.10/site-packages:${PYTHONPATH} /usr/bin/python3 setup.py develop --editable --build-directory /home/proving_ground_home/Documents/github/ENAE450/HW4/src/build/hw4_3/build --no-deps install_data
[1.559s] running develop
[1.559s] /usr/lib/python3/dist-packages/setuptools/command/easy_install.py:158: EasyInstallDeprecationWarning: easy_install command is deprecated. Use build and pip and other standards-based tools.
[1.559s]   warnings.warn(
[1.560s] /usr/lib/python3/dist-packages/setuptools/command/install.py:34: SetuptoolsDeprecationWarning: setup.py install is deprecated. Use build and pip and other standards-based tools.
[1.560s]   warnings.warn(
[1.715s] running egg_info
[1.715s] writing hw4_3.egg-info/PKG-INFO
[1.715s] writing dependency_links to hw4_3.egg-info/dependency_links.txt
[1.715s] writing entry points to hw4_3.egg-info/entry_points.txt
[1.715s] writing requirements to hw4_3.egg-info/requires.txt
[1.715s] writing top-level names to hw4_3.egg-info/top_level.txt
[1.718s] reading manifest file 'hw4_3.egg-info/SOURCES.txt'
[1.718s] writing manifest file 'hw4_3.egg-info/SOURCES.txt'
[1.718s] running build_ext
[1.718s] Creating /home/proving_ground_home/Documents/github/ENAE450/HW4/src/install/hw4_3/lib/python3.10/site-packages/hw4-3.egg-link (link to .)
[1.719s] Installing hw4_3_controller script to /home/proving_ground_home/Documents/github/ENAE450/HW4/src/install/hw4_3/lib/hw4_3
[1.719s] Installing hw4_3_spawner script to /home/proving_ground_home/Documents/github/ENAE450/HW4/src/install/hw4_3/lib/hw4_3
[1.720s] 
[1.720s] Installed /home/proving_ground_home/Documents/github/ENAE450/HW4/src/build/hw4_3
[1.720s] running install_data
[1.815s] Invoked command in '/home/proving_ground_home/Documents/github/ENAE450/HW4/src/build/hw4_3' returned '0': PYTHONPATH=/home/proving_ground_home/Documents/github/ENAE450/HW4/src/build/hw4_3/prefix_override:/home/proving_ground_home/Documents/github/ENAE450/HW4/src/install/hw4_3/lib/python3.10/site-packages:${PYTHONPATH} /usr/bin/python3 setup.py develop --editable --build-directory /home/proving_ground_home/Documents/github/ENAE450/HW4/src/build/hw4_3/build --no-deps install_data
