[1.416s] Invoking command in '/home/proving_ground_home/Documents/github/ENAE450/HW4/src/build/hw4_2': PYTHONPATH=/home/proving_ground_home/Documents/github/ENAE450/HW4/src/build/hw4_2/prefix_override:/home/proving_ground_home/Documents/github/ENAE450/HW4/src/install/hw4_2/lib/python3.10/site-packages:${PYTHONPATH} /usr/bin/python3 setup.py develop --editable --build-directory /home/proving_ground_home/Documents/github/ENAE450/HW4/src/build/hw4_2/build --no-deps install_data
[1.661s] running develop
[1.661s] /usr/lib/python3/dist-packages/setuptools/command/easy_install.py:158: EasyInstallDeprecationWarning: easy_install command is deprecated. Use build and pip and other standards-based tools.
[1.661s]   warnings.warn(
[1.662s] /usr/lib/python3/dist-packages/setuptools/command/install.py:34: SetuptoolsDeprecationWarning: setup.py install is deprecated. Use build and pip and other standards-based tools.
[1.662s]   warnings.warn(
[1.842s] running egg_info
[1.842s] writing hw4_2.egg-info/PKG-INFO
[1.842s] writing dependency_links to hw4_2.egg-info/dependency_links.txt
[1.843s] writing entry points to hw4_2.egg-info/entry_points.txt
[1.843s] writing requirements to hw4_2.egg-info/requires.txt
[1.843s] writing top-level names to hw4_2.egg-info/top_level.txt
[1.844s] reading manifest file 'hw4_2.egg-info/SOURCES.txt'
[1.845s] writing manifest file 'hw4_2.egg-info/SOURCES.txt'
[1.847s] running build_ext
[1.850s] Creating /home/proving_ground_home/Documents/github/ENAE450/HW4/src/install/hw4_2/lib/python3.10/site-packages/hw4-2.egg-link (link to .)
[1.850s] Installing hw4_2_controller script to /home/proving_ground_home/Documents/github/ENAE450/HW4/src/install/hw4_2/lib/hw4_2
[1.850s] 
[1.851s] Installed /home/proving_ground_home/Documents/github/ENAE450/HW4/src/build/hw4_2
[1.851s] running install_data
[1.884s] Invoked command in '/home/proving_ground_home/Documents/github/ENAE450/HW4/src/build/hw4_2' returned '0': PYTHONPATH=/home/proving_ground_home/Documents/github/ENAE450/HW4/src/build/hw4_2/prefix_override:/home/proving_ground_home/Documents/github/ENAE450/HW4/src/install/hw4_2/lib/python3.10/site-packages:${PYTHONPATH} /usr/bin/python3 setup.py develop --editable --build-directory /home/proving_ground_home/Documents/github/ENAE450/HW4/src/build/hw4_2/build --no-deps install_data
