[1.340s] Invoking command in '/home/proving_ground_home/Documents/github/ENAE450/HW4/src/build/hw4_3': PYTHONPATH=/home/proving_ground_home/Documents/github/ENAE450/HW4/src/build/hw4_3/prefix_override:/home/proving_ground_home/Documents/github/ENAE450/HW4/src/install/hw4_3/lib/python3.10/site-packages:${PYTHONPATH} /usr/bin/python3 setup.py develop --editable --build-directory /home/proving_ground_home/Documents/github/ENAE450/HW4/src/build/hw4_3/build --no-deps install_data
[1.588s] running develop
[1.588s] /usr/lib/python3/dist-packages/setuptools/command/easy_install.py:158: EasyInstallDeprecationWarning: easy_install command is deprecated. Use build and pip and other standards-based tools.
[1.588s]   warnings.warn(
[1.589s] /usr/lib/python3/dist-packages/setuptools/command/install.py:34: SetuptoolsDeprecationWarning: setup.py install is deprecated. Use build and pip and other standards-based tools.
[1.589s]   warnings.warn(
[1.745s] running egg_info
[1.745s] writing hw4_3.egg-info/PKG-INFO
[1.746s] writing dependency_links to hw4_3.egg-info/dependency_links.txt
[1.747s] writing entry points to hw4_3.egg-info/entry_points.txt
[1.748s] writing requirements to hw4_3.egg-info/requires.txt
[1.748s] writing top-level names to hw4_3.egg-info/top_level.txt
[1.751s] reading manifest file 'hw4_3.egg-info/SOURCES.txt'
[1.751s] writing manifest file 'hw4_3.egg-info/SOURCES.txt'
[1.754s] running build_ext
[1.755s] Creating /home/proving_ground_home/Documents/github/ENAE450/HW4/src/install/hw4_3/lib/python3.10/site-packages/hw4-3.egg-link (link to .)
[1.756s] Installing hw4_3_controller script to /home/proving_ground_home/Documents/github/ENAE450/HW4/src/install/hw4_3/lib/hw4_3
[1.757s] Installing hw4_3_spawner script to /home/proving_ground_home/Documents/github/ENAE450/HW4/src/install/hw4_3/lib/hw4_3
[1.760s] 
[1.760s] Installed /home/proving_ground_home/Documents/github/ENAE450/HW4/src/build/hw4_3
[1.760s] running install_data
[1.761s] copying launch/hw4_3_launch.py -> /home/proving_ground_home/Documents/github/ENAE450/HW4/src/install/hw4_3/share/hw4_3/launch
[1.832s] Invoked command in '/home/proving_ground_home/Documents/github/ENAE450/HW4/src/build/hw4_3' returned '0': PYTHONPATH=/home/proving_ground_home/Documents/github/ENAE450/HW4/src/build/hw4_3/prefix_override:/home/proving_ground_home/Documents/github/ENAE450/HW4/src/install/hw4_3/lib/python3.10/site-packages:${PYTHONPATH} /usr/bin/python3 setup.py develop --editable --build-directory /home/proving_ground_home/Documents/github/ENAE450/HW4/src/build/hw4_3/build --no-deps install_data
