[0.052s] Invoking command in '/home/proving_ground_home/Documents/github/ENAE450/HW3/build/hw3_1': CMAKE_PREFIX_PATH=/opt/ros/humble /usr/bin/cmake /home/proving_ground_home/Documents/github/ENAE450/HW3/hw3_1 -DCMAKE_INSTALL_PREFIX=/home/proving_ground_home/Documents/github/ENAE450/HW3/install/hw3_1
[0.062s] [31mCMake Error at CMakeLists.txt:8 (set_target_properties):
[0.063s]   set_target_properties Can not find target to add properties to: hw3_1
[0.063s] 
[0.063s] [0m
[0.063s] -- Found ament_cmake: 1.3.7 (/opt/ros/humble/share/ament_cmake/cmake)
[0.230s] -- Found rclpy: 3.3.11 (/opt/ros/humble/share/rclpy/cmake)
[0.230s] -- Found std_msgs: 4.2.3 (/opt/ros/humble/share/std_msgs/cmake)
[0.255s] -- Found rosidl_generator_c: 3.1.5 (/opt/ros/humble/share/rosidl_generator_c/cmake)
[0.257s] -- Found rosidl_adapter: 3.1.5 (/opt/ros/humble/share/rosidl_adapter/cmake)
[0.263s] -- Found rosidl_generator_cpp: 3.1.5 (/opt/ros/humble/share/rosidl_generator_cpp/cmake)
[0.275s] -- Using all available rosidl_typesupport_c: rosidl_typesupport_fastrtps_c;rosidl_typesupport_introspection_c
[0.289s] -- Using all available rosidl_typesupport_cpp: rosidl_typesupport_fastrtps_cpp;rosidl_typesupport_introspection_cpp
[0.339s] -- Found ament_lint_auto: 0.12.10 (/opt/ros/humble/share/ament_lint_auto/cmake)
[0.437s] -- Added test 'flake8' to check Python code syntax and style conventions
[0.438s] -- Added test 'lint_cmake' to check CMake code style
[0.438s] -- Added test 'pep257' to check Python code against some of the docstring style conventions in PEP 257
[0.439s] -- Added test 'xmllint' to check XML markup files
[0.440s] -- Configuring incomplete, errors occurred!
[0.440s] See also "/home/proving_ground_home/Documents/github/ENAE450/HW3/build/hw3_1/CMakeFiles/CMakeOutput.log".
[0.446s] Invoked command in '/home/proving_ground_home/Documents/github/ENAE450/HW3/build/hw3_1' returned '1': CMAKE_PREFIX_PATH=/opt/ros/humble /usr/bin/cmake /home/proving_ground_home/Documents/github/ENAE450/HW3/hw3_1 -DCMAKE_INSTALL_PREFIX=/home/proving_ground_home/Documents/github/ENAE450/HW3/install/hw3_1
