[1.644s] Invoking command in '/home/proving_ground_home/Documents/github/ENAE450/HW4/src/build/hw4_1': PYTHONPATH=/home/proving_ground_home/Documents/github/ENAE450/HW4/src/build/hw4_1/prefix_override:/home/proving_ground_home/Documents/github/ENAE450/HW4/src/install/hw4_1/lib/python3.10/site-packages:${PYTHONPATH} /usr/bin/python3 setup.py develop --editable --build-directory /home/proving_ground_home/Documents/github/ENAE450/HW4/src/build/hw4_1/build --no-deps install_data
[1.895s] running develop
[1.895s] /usr/lib/python3/dist-packages/setuptools/command/easy_install.py:158: EasyInstallDeprecationWarning: easy_install command is deprecated. Use build and pip and other standards-based tools.
[1.895s]   warnings.warn(
[1.896s] /usr/lib/python3/dist-packages/setuptools/command/install.py:34: SetuptoolsDeprecationWarning: setup.py install is deprecated. Use build and pip and other standards-based tools.
[1.896s]   warnings.warn(
[2.067s] running egg_info
[2.067s] writing hw4_1.egg-info/PKG-INFO
[2.068s] writing dependency_links to hw4_1.egg-info/dependency_links.txt
[2.068s] writing entry points to hw4_1.egg-info/entry_points.txt
[2.068s] writing requirements to hw4_1.egg-info/requires.txt
[2.068s] writing top-level names to hw4_1.egg-info/top_level.txt
[2.070s] reading manifest file 'hw4_1.egg-info/SOURCES.txt'
[2.070s] writing manifest file 'hw4_1.egg-info/SOURCES.txt'
[2.071s] running build_ext
[2.071s] Creating /home/proving_ground_home/Documents/github/ENAE450/HW4/src/install/hw4_1/lib/python3.10/site-packages/hw4-1.egg-link (link to .)
[2.072s] Installing hw4_1_controller script to /home/proving_ground_home/Documents/github/ENAE450/HW4/src/install/hw4_1/lib/hw4_1
[2.072s] 
[2.073s] Installed /home/proving_ground_home/Documents/github/ENAE450/HW4/src/build/hw4_1
[2.073s] running install_data
[2.104s] Invoked command in '/home/proving_ground_home/Documents/github/ENAE450/HW4/src/build/hw4_1' returned '0': PYTHONPATH=/home/proving_ground_home/Documents/github/ENAE450/HW4/src/build/hw4_1/prefix_override:/home/proving_ground_home/Documents/github/ENAE450/HW4/src/install/hw4_1/lib/python3.10/site-packages:${PYTHONPATH} /usr/bin/python3 setup.py develop --editable --build-directory /home/proving_ground_home/Documents/github/ENAE450/HW4/src/build/hw4_1/build --no-deps install_data
