[1.580s] Invoking command in '/home/proving_ground_home/Documents/github/ENAE450/HW4/src/build/hw4_1': PYTHONPATH=/home/proving_ground_home/Documents/github/ENAE450/HW4/src/build/hw4_1/prefix_override:/home/proving_ground_home/Documents/github/ENAE450/HW4/src/install/hw4_1/lib/python3.10/site-packages:${PYTHONPATH} /usr/bin/python3 setup.py develop --editable --build-directory /home/proving_ground_home/Documents/github/ENAE450/HW4/src/build/hw4_1/build --no-deps install_data
[1.832s] running develop
[1.833s] /usr/lib/python3/dist-packages/setuptools/command/easy_install.py:158: EasyInstallDeprecationWarning: easy_install command is deprecated. Use build and pip and other standards-based tools.
[1.833s]   warnings.warn(
[1.834s] /usr/lib/python3/dist-packages/setuptools/command/install.py:34: SetuptoolsDeprecationWarning: setup.py install is deprecated. Use build and pip and other standards-based tools.
[1.835s]   warnings.warn(
[2.000s] running egg_info
[2.000s] writing hw4_1.egg-info/PKG-INFO
[2.001s] writing dependency_links to hw4_1.egg-info/dependency_links.txt
[2.001s] writing entry points to hw4_1.egg-info/entry_points.txt
[2.001s] writing requirements to hw4_1.egg-info/requires.txt
[2.002s] writing top-level names to hw4_1.egg-info/top_level.txt
[2.003s] reading manifest file 'hw4_1.egg-info/SOURCES.txt'
[2.004s] writing manifest file 'hw4_1.egg-info/SOURCES.txt'
[2.011s] running build_ext
[2.011s] Creating /home/proving_ground_home/Documents/github/ENAE450/HW4/src/install/hw4_1/lib/python3.10/site-packages/hw4-1.egg-link (link to .)
[2.012s] Installing hw4_1_controller script to /home/proving_ground_home/Documents/github/ENAE450/HW4/src/install/hw4_1/lib/hw4_1
[2.012s] 
[2.013s] Installed /home/proving_ground_home/Documents/github/ENAE450/HW4/src/build/hw4_1
[2.013s] running install_data
[2.154s] Invoked command in '/home/proving_ground_home/Documents/github/ENAE450/HW4/src/build/hw4_1' returned '0': PYTHONPATH=/home/proving_ground_home/Documents/github/ENAE450/HW4/src/build/hw4_1/prefix_override:/home/proving_ground_home/Documents/github/ENAE450/HW4/src/install/hw4_1/lib/python3.10/site-packages:${PYTHONPATH} /usr/bin/python3 setup.py develop --editable --build-directory /home/proving_ground_home/Documents/github/ENAE450/HW4/src/build/hw4_1/build --no-deps install_data
