[0.902s] DEBUG:colcon:Command line arguments: ['/usr/bin/colcon', 'build', '--symlink-install']
[0.902s] DEBUG:colcon:Parsed command line arguments: Namespace(log_base=None, log_level=None, verb_name='build', build_base='build', install_base='install', merge_install=False, symlink_install=True, test_result_base=None, continue_on_error=False, executor='parallel', parallel_workers=8, event_handlers=None, ignore_user_meta=False, metas=['./colcon.meta'], base_paths=['.'], packages_ignore=None, packages_ignore_regex=None, paths=None, packages_up_to=None, packages_up_to_regex=None, packages_above=None, packages_above_and_dependencies=None, packages_above_depth=None, packages_select_by_dep=None, packages_skip_by_dep=None, packages_skip_up_to=None, packages_select_build_failed=False, packages_skip_build_finished=False, packages_select_test_failures=False, packages_skip_test_passed=False, packages_select=None, packages_skip=None, packages_select_regex=None, packages_skip_regex=None, packages_start=None, packages_end=None, allow_overriding=[], cmake_args=None, cmake_target=None, cmake_target_skip_unavailable=False, cmake_clean_cache=False, cmake_clean_first=False, cmake_force_configure=False, ament_cmake_args=None, catkin_cmake_args=None, catkin_skip_building_tests=False, verb_parser=<colcon_defaults.argument_parser.defaults.DefaultArgumentsDecorator object at 0x7fd04c1eb9d0>, verb_extension=<colcon_core.verb.build.BuildVerb object at 0x7fd04c1e9d50>, main=<bound method BuildVerb.main of <colcon_core.verb.build.BuildVerb object at 0x7fd04c1e9d50>>)
[0.942s] Level 1:colcon.colcon_core.package_discovery:discover_packages(colcon_meta) check parameters
[0.942s] Level 1:colcon.colcon_core.package_discovery:discover_packages(recursive) check parameters
[0.942s] Level 1:colcon.colcon_core.package_discovery:discover_packages(ignore) check parameters
[0.943s] Level 1:colcon.colcon_core.package_discovery:discover_packages(path) check parameters
[0.943s] Level 1:colcon.colcon_core.package_discovery:discover_packages(colcon_meta) discover
[0.943s] Level 1:colcon.colcon_core.package_discovery:discover_packages(recursive) discover
[0.943s] INFO:colcon.colcon_core.package_discovery:Crawling recursively for packages in '/home/proving_ground_home/Documents/github/ENAE450/HW4/src'
[0.943s] Level 1:colcon.colcon_core.package_identification:_identify(.) by extensions ['ignore', 'ignore_ament_install']
[0.943s] Level 1:colcon.colcon_core.package_identification:_identify(.) by extension 'ignore'
[0.943s] Level 1:colcon.colcon_core.package_identification:_identify(.) by extension 'ignore_ament_install'
[0.943s] Level 1:colcon.colcon_core.package_identification:_identify(.) by extensions ['colcon_pkg']
[0.943s] Level 1:colcon.colcon_core.package_identification:_identify(.) by extension 'colcon_pkg'
[0.943s] Level 1:colcon.colcon_core.package_identification:_identify(.) by extensions ['colcon_meta']
[0.943s] Level 1:colcon.colcon_core.package_identification:_identify(.) by extension 'colcon_meta'
[0.943s] Level 1:colcon.colcon_core.package_identification:_identify(.) by extensions ['ros']
[0.943s] Level 1:colcon.colcon_core.package_identification:_identify(.) by extension 'ros'
[0.953s] Level 1:colcon.colcon_core.package_identification:_identify(.) by extensions ['cmake', 'python']
[0.953s] Level 1:colcon.colcon_core.package_identification:_identify(.) by extension 'cmake'
[0.953s] Level 1:colcon.colcon_core.package_identification:_identify(.) by extension 'python'
[0.953s] Level 1:colcon.colcon_core.package_identification:_identify(.) by extensions ['python_setup_py']
[0.953s] Level 1:colcon.colcon_core.package_identification:_identify(.) by extension 'python_setup_py'
[0.953s] Level 1:colcon.colcon_core.package_identification:_identify(build) by extensions ['ignore', 'ignore_ament_install']
[0.953s] Level 1:colcon.colcon_core.package_identification:_identify(build) by extension 'ignore'
[0.953s] Level 1:colcon.colcon_core.package_identification:_identify(build) ignored
[0.953s] Level 1:colcon.colcon_core.package_identification:_identify(hw4_1) by extensions ['ignore', 'ignore_ament_install']
[0.954s] Level 1:colcon.colcon_core.package_identification:_identify(hw4_1) by extension 'ignore'
[0.954s] Level 1:colcon.colcon_core.package_identification:_identify(hw4_1) by extension 'ignore_ament_install'
[0.954s] Level 1:colcon.colcon_core.package_identification:_identify(hw4_1) by extensions ['colcon_pkg']
[0.954s] Level 1:colcon.colcon_core.package_identification:_identify(hw4_1) by extension 'colcon_pkg'
[0.954s] Level 1:colcon.colcon_core.package_identification:_identify(hw4_1) by extensions ['colcon_meta']
[0.954s] Level 1:colcon.colcon_core.package_identification:_identify(hw4_1) by extension 'colcon_meta'
[0.954s] Level 1:colcon.colcon_core.package_identification:_identify(hw4_1) by extensions ['ros']
[0.954s] Level 1:colcon.colcon_core.package_identification:_identify(hw4_1) by extension 'ros'
[0.956s] DEBUG:colcon.colcon_core.package_identification:Package 'hw4_1' with type 'ros.ament_python' and name 'hw4_1'
[0.956s] Level 1:colcon.colcon_core.package_identification:_identify(hw4_2) by extensions ['ignore', 'ignore_ament_install']
[0.956s] Level 1:colcon.colcon_core.package_identification:_identify(hw4_2) by extension 'ignore'
[0.956s] Level 1:colcon.colcon_core.package_identification:_identify(hw4_2) by extension 'ignore_ament_install'
[0.956s] Level 1:colcon.colcon_core.package_identification:_identify(hw4_2) by extensions ['colcon_pkg']
[0.956s] Level 1:colcon.colcon_core.package_identification:_identify(hw4_2) by extension 'colcon_pkg'
[0.956s] Level 1:colcon.colcon_core.package_identification:_identify(hw4_2) by extensions ['colcon_meta']
[0.956s] Level 1:colcon.colcon_core.package_identification:_identify(hw4_2) by extension 'colcon_meta'
[0.956s] Level 1:colcon.colcon_core.package_identification:_identify(hw4_2) by extensions ['ros']
[0.956s] Level 1:colcon.colcon_core.package_identification:_identify(hw4_2) by extension 'ros'
[0.957s] DEBUG:colcon.colcon_core.package_identification:Package 'hw4_2' with type 'ros.ament_python' and name 'hw4_2'
[0.957s] Level 1:colcon.colcon_core.package_identification:_identify(hw4_3) by extensions ['ignore', 'ignore_ament_install']
[0.957s] Level 1:colcon.colcon_core.package_identification:_identify(hw4_3) by extension 'ignore'
[0.957s] Level 1:colcon.colcon_core.package_identification:_identify(hw4_3) by extension 'ignore_ament_install'
[0.957s] Level 1:colcon.colcon_core.package_identification:_identify(hw4_3) by extensions ['colcon_pkg']
[0.957s] Level 1:colcon.colcon_core.package_identification:_identify(hw4_3) by extension 'colcon_pkg'
[0.957s] Level 1:colcon.colcon_core.package_identification:_identify(hw4_3) by extensions ['colcon_meta']
[0.957s] Level 1:colcon.colcon_core.package_identification:_identify(hw4_3) by extension 'colcon_meta'
[0.957s] Level 1:colcon.colcon_core.package_identification:_identify(hw4_3) by extensions ['ros']
[0.957s] Level 1:colcon.colcon_core.package_identification:_identify(hw4_3) by extension 'ros'
[0.958s] DEBUG:colcon.colcon_core.package_identification:Package 'hw4_3' with type 'ros.ament_python' and name 'hw4_3'
[0.958s] Level 1:colcon.colcon_core.package_identification:_identify(install) by extensions ['ignore', 'ignore_ament_install']
[0.958s] Level 1:colcon.colcon_core.package_identification:_identify(install) by extension 'ignore'
[0.958s] Level 1:colcon.colcon_core.package_identification:_identify(install) ignored
[0.958s] Level 1:colcon.colcon_core.package_identification:_identify(log) by extensions ['ignore', 'ignore_ament_install']
[0.958s] Level 1:colcon.colcon_core.package_identification:_identify(log) by extension 'ignore'
[0.958s] Level 1:colcon.colcon_core.package_identification:_identify(log) ignored
[0.958s] Level 1:colcon.colcon_core.package_discovery:discover_packages(recursive) using defaults
[0.958s] Level 1:colcon.colcon_core.package_discovery:discover_packages(ignore) discover
[0.958s] Level 1:colcon.colcon_core.package_discovery:discover_packages(ignore) using defaults
[0.958s] Level 1:colcon.colcon_core.package_discovery:discover_packages(path) discover
[0.958s] Level 1:colcon.colcon_core.package_discovery:discover_packages(path) using defaults
[1.039s] Level 1:colcon.colcon_core.package_discovery:discover_packages(prefix_path) check parameters
[1.039s] Level 1:colcon.colcon_core.package_discovery:discover_packages(prefix_path) discover
[1.067s] DEBUG:colcon.colcon_installed_package_information.package_discovery:Found 3 installed packages in /home/proving_ground_home/Documents/github/ENAE450/HW4/src/install
[1.084s] DEBUG:colcon.colcon_installed_package_information.package_discovery:Found 2 installed packages in /home/proving_ground_home/Documents/github/ENAE450/HW3/install
[1.098s] DEBUG:colcon.colcon_installed_package_information.package_discovery:Found 284 installed packages in /opt/ros/humble
[1.099s] Level 1:colcon.colcon_core.package_discovery:discover_packages(prefix_path) using defaults
[1.187s] Level 5:colcon.colcon_core.verb:set package 'hw4_1' build argument 'cmake_args' from command line to 'None'
[1.187s] Level 5:colcon.colcon_core.verb:set package 'hw4_1' build argument 'cmake_target' from command line to 'None'
[1.187s] Level 5:colcon.colcon_core.verb:set package 'hw4_1' build argument 'cmake_target_skip_unavailable' from command line to 'False'
[1.187s] Level 5:colcon.colcon_core.verb:set package 'hw4_1' build argument 'cmake_clean_cache' from command line to 'False'
[1.187s] Level 5:colcon.colcon_core.verb:set package 'hw4_1' build argument 'cmake_clean_first' from command line to 'False'
[1.187s] Level 5:colcon.colcon_core.verb:set package 'hw4_1' build argument 'cmake_force_configure' from command line to 'False'
[1.187s] Level 5:colcon.colcon_core.verb:set package 'hw4_1' build argument 'ament_cmake_args' from command line to 'None'
[1.187s] Level 5:colcon.colcon_core.verb:set package 'hw4_1' build argument 'catkin_cmake_args' from command line to 'None'
[1.187s] Level 5:colcon.colcon_core.verb:set package 'hw4_1' build argument 'catkin_skip_building_tests' from command line to 'False'
[1.187s] DEBUG:colcon.colcon_core.verb:Building package 'hw4_1' with the following arguments: {'ament_cmake_args': None, 'build_base': '/home/proving_ground_home/Documents/github/ENAE450/HW4/src/build/hw4_1', 'catkin_cmake_args': None, 'catkin_skip_building_tests': False, 'cmake_args': None, 'cmake_clean_cache': False, 'cmake_clean_first': False, 'cmake_force_configure': False, 'cmake_target': None, 'cmake_target_skip_unavailable': False, 'install_base': '/home/proving_ground_home/Documents/github/ENAE450/HW4/src/install/hw4_1', 'merge_install': False, 'path': '/home/proving_ground_home/Documents/github/ENAE450/HW4/src/hw4_1', 'symlink_install': True, 'test_result_base': None}
[1.201s] Level 5:colcon.colcon_core.verb:set package 'hw4_2' build argument 'cmake_args' from command line to 'None'
[1.201s] Level 5:colcon.colcon_core.verb:set package 'hw4_2' build argument 'cmake_target' from command line to 'None'
[1.201s] Level 5:colcon.colcon_core.verb:set package 'hw4_2' build argument 'cmake_target_skip_unavailable' from command line to 'False'
[1.201s] Level 5:colcon.colcon_core.verb:set package 'hw4_2' build argument 'cmake_clean_cache' from command line to 'False'
[1.201s] Level 5:colcon.colcon_core.verb:set package 'hw4_2' build argument 'cmake_clean_first' from command line to 'False'
[1.201s] Level 5:colcon.colcon_core.verb:set package 'hw4_2' build argument 'cmake_force_configure' from command line to 'False'
[1.201s] Level 5:colcon.colcon_core.verb:set package 'hw4_2' build argument 'ament_cmake_args' from command line to 'None'
[1.201s] Level 5:colcon.colcon_core.verb:set package 'hw4_2' build argument 'catkin_cmake_args' from command line to 'None'
[1.201s] Level 5:colcon.colcon_core.verb:set package 'hw4_2' build argument 'catkin_skip_building_tests' from command line to 'False'
[1.201s] DEBUG:colcon.colcon_core.verb:Building package 'hw4_2' with the following arguments: {'ament_cmake_args': None, 'build_base': '/home/proving_ground_home/Documents/github/ENAE450/HW4/src/build/hw4_2', 'catkin_cmake_args': None, 'catkin_skip_building_tests': False, 'cmake_args': None, 'cmake_clean_cache': False, 'cmake_clean_first': False, 'cmake_force_configure': False, 'cmake_target': None, 'cmake_target_skip_unavailable': False, 'install_base': '/home/proving_ground_home/Documents/github/ENAE450/HW4/src/install/hw4_2', 'merge_install': False, 'path': '/home/proving_ground_home/Documents/github/ENAE450/HW4/src/hw4_2', 'symlink_install': True, 'test_result_base': None}
[1.214s] Level 5:colcon.colcon_core.verb:set package 'hw4_3' build argument 'cmake_args' from command line to 'None'
[1.215s] Level 5:colcon.colcon_core.verb:set package 'hw4_3' build argument 'cmake_target' from command line to 'None'
[1.215s] Level 5:colcon.colcon_core.verb:set package 'hw4_3' build argument 'cmake_target_skip_unavailable' from command line to 'False'
[1.215s] Level 5:colcon.colcon_core.verb:set package 'hw4_3' build argument 'cmake_clean_cache' from command line to 'False'
[1.215s] Level 5:colcon.colcon_core.verb:set package 'hw4_3' build argument 'cmake_clean_first' from command line to 'False'
[1.215s] Level 5:colcon.colcon_core.verb:set package 'hw4_3' build argument 'cmake_force_configure' from command line to 'False'
[1.215s] Level 5:colcon.colcon_core.verb:set package 'hw4_3' build argument 'ament_cmake_args' from command line to 'None'
[1.215s] Level 5:colcon.colcon_core.verb:set package 'hw4_3' build argument 'catkin_cmake_args' from command line to 'None'
[1.215s] Level 5:colcon.colcon_core.verb:set package 'hw4_3' build argument 'catkin_skip_building_tests' from command line to 'False'
[1.215s] DEBUG:colcon.colcon_core.verb:Building package 'hw4_3' with the following arguments: {'ament_cmake_args': None, 'build_base': '/home/proving_ground_home/Documents/github/ENAE450/HW4/src/build/hw4_3', 'catkin_cmake_args': None, 'catkin_skip_building_tests': False, 'cmake_args': None, 'cmake_clean_cache': False, 'cmake_clean_first': False, 'cmake_force_configure': False, 'cmake_target': None, 'cmake_target_skip_unavailable': False, 'install_base': '/home/proving_ground_home/Documents/github/ENAE450/HW4/src/install/hw4_3', 'merge_install': False, 'path': '/home/proving_ground_home/Documents/github/ENAE450/HW4/src/hw4_3', 'symlink_install': True, 'test_result_base': None}
[1.228s] INFO:colcon.colcon_core.executor:Executing jobs using 'parallel' executor
[1.242s] DEBUG:colcon.colcon_parallel_executor.executor.parallel:run_until_complete
[1.242s] INFO:colcon.colcon_ros.task.ament_python.build:Building ROS package in '/home/proving_ground_home/Documents/github/ENAE450/HW4/src/hw4_1' with build type 'ament_python'
[1.242s] Level 1:colcon.colcon_core.shell:create_environment_hook('hw4_1', 'ament_prefix_path')
[1.257s] INFO:colcon.colcon_core.plugin_system:Skipping extension 'colcon_core.shell.bat': Not used on non-Windows systems
[1.258s] INFO:colcon.colcon_core.shell:Creating environment hook '/home/proving_ground_home/Documents/github/ENAE450/HW4/src/install/hw4_1/share/hw4_1/hook/ament_prefix_path.ps1'
[1.258s] INFO:colcon.colcon_core.shell:Creating environment descriptor '/home/proving_ground_home/Documents/github/ENAE450/HW4/src/install/hw4_1/share/hw4_1/hook/ament_prefix_path.dsv'
[1.259s] INFO:colcon.colcon_core.shell:Creating environment hook '/home/proving_ground_home/Documents/github/ENAE450/HW4/src/install/hw4_1/share/hw4_1/hook/ament_prefix_path.sh'
[1.272s] INFO:colcon.colcon_core.shell:Skip shell extension 'powershell' for command environment: Not usable outside of PowerShell
[1.272s] DEBUG:colcon.colcon_core.shell:Skip shell extension 'dsv' for command environment
[1.326s] INFO:colcon.colcon_ros.task.ament_python.build:Building ROS package in '/home/proving_ground_home/Documents/github/ENAE450/HW4/src/hw4_2' with build type 'ament_python'
[1.326s] Level 1:colcon.colcon_core.shell:create_environment_hook('hw4_2', 'ament_prefix_path')
[1.340s] INFO:colcon.colcon_core.shell:Creating environment hook '/home/proving_ground_home/Documents/github/ENAE450/HW4/src/install/hw4_2/share/hw4_2/hook/ament_prefix_path.ps1'
[1.340s] INFO:colcon.colcon_core.shell:Creating environment descriptor '/home/proving_ground_home/Documents/github/ENAE450/HW4/src/install/hw4_2/share/hw4_2/hook/ament_prefix_path.dsv'
[1.341s] INFO:colcon.colcon_core.shell:Creating environment hook '/home/proving_ground_home/Documents/github/ENAE450/HW4/src/install/hw4_2/share/hw4_2/hook/ament_prefix_path.sh'
[1.355s] INFO:colcon.colcon_core.shell:Skip shell extension 'powershell' for command environment: Not usable outside of PowerShell
[1.355s] DEBUG:colcon.colcon_core.shell:Skip shell extension 'dsv' for command environment
[1.409s] INFO:colcon.colcon_ros.task.ament_python.build:Building ROS package in '/home/proving_ground_home/Documents/github/ENAE450/HW4/src/hw4_3' with build type 'ament_python'
[1.410s] Level 1:colcon.colcon_core.shell:create_environment_hook('hw4_3', 'ament_prefix_path')
[1.423s] INFO:colcon.colcon_core.shell:Creating environment hook '/home/proving_ground_home/Documents/github/ENAE450/HW4/src/install/hw4_3/share/hw4_3/hook/ament_prefix_path.ps1'
[1.423s] INFO:colcon.colcon_core.shell:Creating environment descriptor '/home/proving_ground_home/Documents/github/ENAE450/HW4/src/install/hw4_3/share/hw4_3/hook/ament_prefix_path.dsv'
[1.424s] INFO:colcon.colcon_core.shell:Creating environment hook '/home/proving_ground_home/Documents/github/ENAE450/HW4/src/install/hw4_3/share/hw4_3/hook/ament_prefix_path.sh'
[1.437s] INFO:colcon.colcon_core.shell:Skip shell extension 'powershell' for command environment: Not usable outside of PowerShell
[1.437s] DEBUG:colcon.colcon_core.shell:Skip shell extension 'dsv' for command environment
[1.721s] INFO:colcon.colcon_core.task.python.build:Building Python package in '/home/proving_ground_home/Documents/github/ENAE450/HW4/src/hw4_1'
[1.734s] INFO:colcon.colcon_core.shell:Skip shell extension 'powershell' for command environment: Not usable outside of PowerShell
[1.734s] DEBUG:colcon.colcon_core.shell:Skip shell extension 'dsv' for command environment
[2.014s] INFO:colcon.colcon_core.task.python.build:Building Python package in '/home/proving_ground_home/Documents/github/ENAE450/HW4/src/hw4_2'
[2.027s] INFO:colcon.colcon_core.shell:Skip shell extension 'powershell' for command environment: Not usable outside of PowerShell
[2.027s] DEBUG:colcon.colcon_core.shell:Skip shell extension 'dsv' for command environment
[2.317s] INFO:colcon.colcon_core.task.python.build:Building Python package in '/home/proving_ground_home/Documents/github/ENAE450/HW4/src/hw4_3'
[2.330s] INFO:colcon.colcon_core.shell:Skip shell extension 'powershell' for command environment: Not usable outside of PowerShell
[2.330s] DEBUG:colcon.colcon_core.shell:Skip shell extension 'dsv' for command environment
[2.728s] DEBUG:colcon.colcon_core.event_handler.log_command:Invoking command in '/home/proving_ground_home/Documents/github/ENAE450/HW4/src/build/hw4_3': PYTHONPATH=/home/proving_ground_home/Documents/github/ENAE450/HW4/src/build/hw4_3/prefix_override:/home/proving_ground_home/Documents/github/ENAE450/HW4/src/install/hw4_3/lib/python3.10/site-packages:${PYTHONPATH} /usr/bin/python3 setup.py develop --editable --build-directory /home/proving_ground_home/Documents/github/ENAE450/HW4/src/build/hw4_3/build --no-deps install_data
[2.729s] DEBUG:colcon.colcon_core.event_handler.log_command:Invoking command in '/home/proving_ground_home/Documents/github/ENAE450/HW4/src/build/hw4_2': PYTHONPATH=/home/proving_ground_home/Documents/github/ENAE450/HW4/src/build/hw4_2/prefix_override:/home/proving_ground_home/Documents/github/ENAE450/HW4/src/install/hw4_2/lib/python3.10/site-packages:${PYTHONPATH} /usr/bin/python3 setup.py develop --editable --build-directory /home/proving_ground_home/Documents/github/ENAE450/HW4/src/build/hw4_2/build --no-deps install_data
[2.734s] DEBUG:colcon.colcon_core.event_handler.log_command:Invoking command in '/home/proving_ground_home/Documents/github/ENAE450/HW4/src/build/hw4_1': PYTHONPATH=/home/proving_ground_home/Documents/github/ENAE450/HW4/src/build/hw4_1/prefix_override:/home/proving_ground_home/Documents/github/ENAE450/HW4/src/install/hw4_1/lib/python3.10/site-packages:${PYTHONPATH} /usr/bin/python3 setup.py develop --editable --build-directory /home/proving_ground_home/Documents/github/ENAE450/HW4/src/build/hw4_1/build --no-deps install_data
[3.155s] Level 1:colcon.colcon_core.shell:create_environment_hook('hw4_2', 'pythonpath_develop')
[3.155s] DEBUG:colcon.colcon_core.event_handler.log_command:Invoked command in '/home/proving_ground_home/Documents/github/ENAE450/HW4/src/build/hw4_2' returned '0': PYTHONPATH=/home/proving_ground_home/Documents/github/ENAE450/HW4/src/build/hw4_2/prefix_override:/home/proving_ground_home/Documents/github/ENAE450/HW4/src/install/hw4_2/lib/python3.10/site-packages:${PYTHONPATH} /usr/bin/python3 setup.py develop --editable --build-directory /home/proving_ground_home/Documents/github/ENAE450/HW4/src/build/hw4_2/build --no-deps install_data
[3.170s] INFO:colcon.colcon_core.shell:Creating environment hook '/home/proving_ground_home/Documents/github/ENAE450/HW4/src/build/hw4_2/share/hw4_2/hook/pythonpath_develop.ps1'
[3.170s] INFO:colcon.colcon_core.shell:Creating environment descriptor '/home/proving_ground_home/Documents/github/ENAE450/HW4/src/build/hw4_2/share/hw4_2/hook/pythonpath_develop.dsv'
[3.171s] INFO:colcon.colcon_core.shell:Creating environment hook '/home/proving_ground_home/Documents/github/ENAE450/HW4/src/build/hw4_2/share/hw4_2/hook/pythonpath_develop.sh'
[3.186s] Level 1:colcon.colcon_core.environment:checking '/home/proving_ground_home/Documents/github/ENAE450/HW4/src/install/hw4_2' for CMake module files
[3.186s] Level 1:colcon.colcon_core.environment:checking '/home/proving_ground_home/Documents/github/ENAE450/HW4/src/install/hw4_2' for CMake config files
[3.187s] Level 1:colcon.colcon_core.environment:checking '/home/proving_ground_home/Documents/github/ENAE450/HW4/src/install/hw4_2/lib'
[3.187s] Level 1:colcon.colcon_core.environment:checking '/home/proving_ground_home/Documents/github/ENAE450/HW4/src/install/hw4_2/bin'
[3.187s] Level 1:colcon.colcon_core.environment:checking '/home/proving_ground_home/Documents/github/ENAE450/HW4/src/install/hw4_2/lib/pkgconfig/hw4_2.pc'
[3.187s] Level 1:colcon.colcon_core.environment:checking '/home/proving_ground_home/Documents/github/ENAE450/HW4/src/install/hw4_2/lib/python3.10/site-packages'
[3.187s] Level 1:colcon.colcon_core.shell:create_environment_hook('hw4_2', 'pythonpath')
[3.201s] INFO:colcon.colcon_core.shell:Creating environment hook '/home/proving_ground_home/Documents/github/ENAE450/HW4/src/install/hw4_2/share/hw4_2/hook/pythonpath.ps1'
[3.202s] INFO:colcon.colcon_core.shell:Creating environment descriptor '/home/proving_ground_home/Documents/github/ENAE450/HW4/src/install/hw4_2/share/hw4_2/hook/pythonpath.dsv'
[3.202s] INFO:colcon.colcon_core.shell:Creating environment hook '/home/proving_ground_home/Documents/github/ENAE450/HW4/src/install/hw4_2/share/hw4_2/hook/pythonpath.sh'
[3.203s] Level 1:colcon.colcon_core.environment:checking '/home/proving_ground_home/Documents/github/ENAE450/HW4/src/install/hw4_2/bin'
[3.203s] Level 1:colcon.colcon_core.environment:create_environment_scripts_only(hw4_2)
[3.218s] INFO:colcon.colcon_core.shell:Creating package script '/home/proving_ground_home/Documents/github/ENAE450/HW4/src/install/hw4_2/share/hw4_2/package.ps1'
[3.218s] INFO:colcon.colcon_core.shell:Creating package descriptor '/home/proving_ground_home/Documents/github/ENAE450/HW4/src/install/hw4_2/share/hw4_2/package.dsv'
[3.219s] INFO:colcon.colcon_core.shell:Creating package script '/home/proving_ground_home/Documents/github/ENAE450/HW4/src/install/hw4_2/share/hw4_2/package.sh'
[3.220s] INFO:colcon.colcon_core.shell:Creating package script '/home/proving_ground_home/Documents/github/ENAE450/HW4/src/install/hw4_2/share/hw4_2/package.bash'
[3.220s] INFO:colcon.colcon_core.shell:Creating package script '/home/proving_ground_home/Documents/github/ENAE450/HW4/src/install/hw4_2/share/hw4_2/package.zsh'
[3.221s] Level 1:colcon.colcon_core.environment:create_file_with_runtime_dependencies(/home/proving_ground_home/Documents/github/ENAE450/HW4/src/install/hw4_2/share/colcon-core/packages/hw4_2)
[3.223s] Level 1:colcon.colcon_core.shell:create_environment_hook('hw4_3', 'pythonpath_develop')
[3.225s] DEBUG:colcon.colcon_core.event_handler.log_command:Invoked command in '/home/proving_ground_home/Documents/github/ENAE450/HW4/src/build/hw4_3' returned '0': PYTHONPATH=/home/proving_ground_home/Documents/github/ENAE450/HW4/src/build/hw4_3/prefix_override:/home/proving_ground_home/Documents/github/ENAE450/HW4/src/install/hw4_3/lib/python3.10/site-packages:${PYTHONPATH} /usr/bin/python3 setup.py develop --editable --build-directory /home/proving_ground_home/Documents/github/ENAE450/HW4/src/build/hw4_3/build --no-deps install_data
[3.237s] INFO:colcon.colcon_core.shell:Creating environment hook '/home/proving_ground_home/Documents/github/ENAE450/HW4/src/build/hw4_3/share/hw4_3/hook/pythonpath_develop.ps1'
[3.237s] INFO:colcon.colcon_core.shell:Creating environment descriptor '/home/proving_ground_home/Documents/github/ENAE450/HW4/src/build/hw4_3/share/hw4_3/hook/pythonpath_develop.dsv'
[3.238s] INFO:colcon.colcon_core.shell:Creating environment hook '/home/proving_ground_home/Documents/github/ENAE450/HW4/src/build/hw4_3/share/hw4_3/hook/pythonpath_develop.sh'
[3.251s] Level 1:colcon.colcon_core.environment:checking '/home/proving_ground_home/Documents/github/ENAE450/HW4/src/install/hw4_3' for CMake module files
[3.251s] Level 1:colcon.colcon_core.environment:checking '/home/proving_ground_home/Documents/github/ENAE450/HW4/src/install/hw4_3' for CMake config files
[3.252s] Level 1:colcon.colcon_core.environment:checking '/home/proving_ground_home/Documents/github/ENAE450/HW4/src/install/hw4_3/lib'
[3.252s] Level 1:colcon.colcon_core.environment:checking '/home/proving_ground_home/Documents/github/ENAE450/HW4/src/install/hw4_3/bin'
[3.252s] Level 1:colcon.colcon_core.environment:checking '/home/proving_ground_home/Documents/github/ENAE450/HW4/src/install/hw4_3/lib/pkgconfig/hw4_3.pc'
[3.252s] Level 1:colcon.colcon_core.environment:checking '/home/proving_ground_home/Documents/github/ENAE450/HW4/src/install/hw4_3/lib/python3.10/site-packages'
[3.252s] Level 1:colcon.colcon_core.shell:create_environment_hook('hw4_3', 'pythonpath')
[3.266s] INFO:colcon.colcon_core.shell:Creating environment hook '/home/proving_ground_home/Documents/github/ENAE450/HW4/src/install/hw4_3/share/hw4_3/hook/pythonpath.ps1'
[3.267s] INFO:colcon.colcon_core.shell:Creating environment descriptor '/home/proving_ground_home/Documents/github/ENAE450/HW4/src/install/hw4_3/share/hw4_3/hook/pythonpath.dsv'
[3.267s] INFO:colcon.colcon_core.shell:Creating environment hook '/home/proving_ground_home/Documents/github/ENAE450/HW4/src/install/hw4_3/share/hw4_3/hook/pythonpath.sh'
[3.268s] Level 1:colcon.colcon_core.environment:checking '/home/proving_ground_home/Documents/github/ENAE450/HW4/src/install/hw4_3/bin'
[3.268s] Level 1:colcon.colcon_core.environment:create_environment_scripts_only(hw4_3)
[3.280s] INFO:colcon.colcon_core.shell:Creating package script '/home/proving_ground_home/Documents/github/ENAE450/HW4/src/install/hw4_3/share/hw4_3/package.ps1'
[3.281s] INFO:colcon.colcon_core.shell:Creating package descriptor '/home/proving_ground_home/Documents/github/ENAE450/HW4/src/install/hw4_3/share/hw4_3/package.dsv'
[3.282s] INFO:colcon.colcon_core.shell:Creating package script '/home/proving_ground_home/Documents/github/ENAE450/HW4/src/install/hw4_3/share/hw4_3/package.sh'
[3.282s] INFO:colcon.colcon_core.shell:Creating package script '/home/proving_ground_home/Documents/github/ENAE450/HW4/src/install/hw4_3/share/hw4_3/package.bash'
[3.283s] INFO:colcon.colcon_core.shell:Creating package script '/home/proving_ground_home/Documents/github/ENAE450/HW4/src/install/hw4_3/share/hw4_3/package.zsh'
[3.283s] Level 1:colcon.colcon_core.environment:create_file_with_runtime_dependencies(/home/proving_ground_home/Documents/github/ENAE450/HW4/src/install/hw4_3/share/colcon-core/packages/hw4_3)
[3.283s] Level 1:colcon.colcon_core.shell:create_environment_hook('hw4_1', 'pythonpath_develop')
[3.286s] DEBUG:colcon.colcon_core.event_handler.log_command:Invoked command in '/home/proving_ground_home/Documents/github/ENAE450/HW4/src/build/hw4_1' returned '0': PYTHONPATH=/home/proving_ground_home/Documents/github/ENAE450/HW4/src/build/hw4_1/prefix_override:/home/proving_ground_home/Documents/github/ENAE450/HW4/src/install/hw4_1/lib/python3.10/site-packages:${PYTHONPATH} /usr/bin/python3 setup.py develop --editable --build-directory /home/proving_ground_home/Documents/github/ENAE450/HW4/src/build/hw4_1/build --no-deps install_data
[3.299s] INFO:colcon.colcon_core.shell:Creating environment hook '/home/proving_ground_home/Documents/github/ENAE450/HW4/src/build/hw4_1/share/hw4_1/hook/pythonpath_develop.ps1'
[3.299s] INFO:colcon.colcon_core.shell:Creating environment descriptor '/home/proving_ground_home/Documents/github/ENAE450/HW4/src/build/hw4_1/share/hw4_1/hook/pythonpath_develop.dsv'
[3.300s] INFO:colcon.colcon_core.shell:Creating environment hook '/home/proving_ground_home/Documents/github/ENAE450/HW4/src/build/hw4_1/share/hw4_1/hook/pythonpath_develop.sh'
[3.313s] Level 1:colcon.colcon_core.environment:checking '/home/proving_ground_home/Documents/github/ENAE450/HW4/src/install/hw4_1' for CMake module files
[3.314s] Level 1:colcon.colcon_core.environment:checking '/home/proving_ground_home/Documents/github/ENAE450/HW4/src/install/hw4_1' for CMake config files
[3.314s] Level 1:colcon.colcon_core.environment:checking '/home/proving_ground_home/Documents/github/ENAE450/HW4/src/install/hw4_1/lib'
[3.314s] Level 1:colcon.colcon_core.environment:checking '/home/proving_ground_home/Documents/github/ENAE450/HW4/src/install/hw4_1/bin'
[3.314s] Level 1:colcon.colcon_core.environment:checking '/home/proving_ground_home/Documents/github/ENAE450/HW4/src/install/hw4_1/lib/pkgconfig/hw4_1.pc'
[3.314s] Level 1:colcon.colcon_core.environment:checking '/home/proving_ground_home/Documents/github/ENAE450/HW4/src/install/hw4_1/lib/python3.10/site-packages'
[3.314s] Level 1:colcon.colcon_core.shell:create_environment_hook('hw4_1', 'pythonpath')
[3.327s] INFO:colcon.colcon_core.shell:Creating environment hook '/home/proving_ground_home/Documents/github/ENAE450/HW4/src/install/hw4_1/share/hw4_1/hook/pythonpath.ps1'
[3.328s] INFO:colcon.colcon_core.shell:Creating environment descriptor '/home/proving_ground_home/Documents/github/ENAE450/HW4/src/install/hw4_1/share/hw4_1/hook/pythonpath.dsv'
[3.328s] INFO:colcon.colcon_core.shell:Creating environment hook '/home/proving_ground_home/Documents/github/ENAE450/HW4/src/install/hw4_1/share/hw4_1/hook/pythonpath.sh'
[3.329s] Level 1:colcon.colcon_core.environment:checking '/home/proving_ground_home/Documents/github/ENAE450/HW4/src/install/hw4_1/bin'
[3.329s] Level 1:colcon.colcon_core.environment:create_environment_scripts_only(hw4_1)
[3.342s] INFO:colcon.colcon_core.shell:Creating package script '/home/proving_ground_home/Documents/github/ENAE450/HW4/src/install/hw4_1/share/hw4_1/package.ps1'
[3.343s] INFO:colcon.colcon_core.shell:Creating package descriptor '/home/proving_ground_home/Documents/github/ENAE450/HW4/src/install/hw4_1/share/hw4_1/package.dsv'
[3.343s] INFO:colcon.colcon_core.shell:Creating package script '/home/proving_ground_home/Documents/github/ENAE450/HW4/src/install/hw4_1/share/hw4_1/package.sh'
[3.344s] INFO:colcon.colcon_core.shell:Creating package script '/home/proving_ground_home/Documents/github/ENAE450/HW4/src/install/hw4_1/share/hw4_1/package.bash'
[3.344s] INFO:colcon.colcon_core.shell:Creating package script '/home/proving_ground_home/Documents/github/ENAE450/HW4/src/install/hw4_1/share/hw4_1/package.zsh'
[3.344s] Level 1:colcon.colcon_core.environment:create_file_with_runtime_dependencies(/home/proving_ground_home/Documents/github/ENAE450/HW4/src/install/hw4_1/share/colcon-core/packages/hw4_1)
[3.345s] DEBUG:colcon.colcon_parallel_executor.executor.parallel:closing loop
[3.345s] DEBUG:colcon.colcon_parallel_executor.executor.parallel:loop closed
[3.345s] DEBUG:colcon.colcon_parallel_executor.executor.parallel:run_until_complete finished with '0'
[3.345s] DEBUG:colcon.colcon_core.event_reactor:joining thread
[3.363s] INFO:colcon.colcon_core.plugin_system:Skipping extension 'colcon_notification.desktop_notification.notify_send': Could not find 'notify-send'
[3.364s] INFO:colcon.colcon_core.plugin_system:Skipping extension 'colcon_notification.desktop_notification.terminal_notifier': Not used on non-Darwin systems
[3.364s] INFO:colcon.colcon_core.plugin_system:Skipping extension 'colcon_notification.desktop_notification.win32': Not used on non-Windows systems
[3.364s] INFO:colcon.colcon_notification.desktop_notification:Sending desktop notification using 'notify2'
[3.384s] DEBUG:colcon.colcon_core.event_reactor:joined thread
[3.399s] INFO:colcon.colcon_core.shell:Creating prefix script '/home/proving_ground_home/Documents/github/ENAE450/HW4/src/install/local_setup.ps1'
[3.400s] INFO:colcon.colcon_core.shell:Creating prefix util module '/home/proving_ground_home/Documents/github/ENAE450/HW4/src/install/_local_setup_util_ps1.py'
[3.401s] INFO:colcon.colcon_core.shell:Creating prefix chain script '/home/proving_ground_home/Documents/github/ENAE450/HW4/src/install/setup.ps1'
[3.416s] INFO:colcon.colcon_core.shell:Creating prefix script '/home/proving_ground_home/Documents/github/ENAE450/HW4/src/install/local_setup.sh'
[3.416s] INFO:colcon.colcon_core.shell:Creating prefix util module '/home/proving_ground_home/Documents/github/ENAE450/HW4/src/install/_local_setup_util_sh.py'
[3.417s] INFO:colcon.colcon_core.shell:Creating prefix chain script '/home/proving_ground_home/Documents/github/ENAE450/HW4/src/install/setup.sh'
[3.448s] INFO:colcon.colcon_core.shell:Creating prefix script '/home/proving_ground_home/Documents/github/ENAE450/HW4/src/install/local_setup.bash'
[3.449s] INFO:colcon.colcon_core.shell:Creating prefix chain script '/home/proving_ground_home/Documents/github/ENAE450/HW4/src/install/setup.bash'
[3.463s] INFO:colcon.colcon_core.shell:Creating prefix script '/home/proving_ground_home/Documents/github/ENAE450/HW4/src/install/local_setup.zsh'
[3.464s] INFO:colcon.colcon_core.shell:Creating prefix chain script '/home/proving_ground_home/Documents/github/ENAE450/HW4/src/install/setup.zsh'
