[1.491s] Invoking command in '/home/proving_ground_home/Documents/github/ENAE450/HW4/src/build/hw4_1': PYTHONPATH=/home/proving_ground_home/Documents/github/ENAE450/HW4/src/build/hw4_1/prefix_override:/home/proving_ground_home/Documents/github/ENAE450/HW4/src/install/hw4_1/lib/python3.10/site-packages:${PYTHONPATH} /usr/bin/python3 setup.py develop --editable --build-directory /home/proving_ground_home/Documents/github/ENAE450/HW4/src/build/hw4_1/build --no-deps install_data
[1.729s] running develop
[1.730s] /usr/lib/python3/dist-packages/setuptools/command/easy_install.py:158: EasyInstallDeprecationWarning: easy_install command is deprecated. Use build and pip and other standards-based tools.
[1.730s]   warnings.warn(
[1.731s] /usr/lib/python3/dist-packages/setuptools/command/install.py:34: SetuptoolsDeprecationWarning: setup.py install is deprecated. Use build and pip and other standards-based tools.
[1.731s]   warnings.warn(
[1.878s] running egg_info
[1.879s] writing hw4_1.egg-info/PKG-INFO
[1.879s] writing dependency_links to hw4_1.egg-info/dependency_links.txt
[1.879s] writing entry points to hw4_1.egg-info/entry_points.txt
[1.879s] writing requirements to hw4_1.egg-info/requires.txt
[1.879s] writing top-level names to hw4_1.egg-info/top_level.txt
[1.882s] reading manifest file 'hw4_1.egg-info/SOURCES.txt'
[1.882s] writing manifest file 'hw4_1.egg-info/SOURCES.txt'
[1.882s] running build_ext
[1.882s] Creating /home/proving_ground_home/Documents/github/ENAE450/HW4/src/install/hw4_1/lib/python3.10/site-packages/hw4-1.egg-link (link to .)
[1.884s] Installing hw4_1_controller script to /home/proving_ground_home/Documents/github/ENAE450/HW4/src/install/hw4_1/lib/hw4_1
[1.884s] 
[1.884s] Installed /home/proving_ground_home/Documents/github/ENAE450/HW4/src/build/hw4_1
[1.884s] running install_data
[1.884s] creating /home/proving_ground_home/Documents/github/ENAE450/HW4/src/install/hw4_1/share/hw4_1/launch
[1.884s] copying launch/hw4_1_launch.py -> /home/proving_ground_home/Documents/github/ENAE450/HW4/src/install/hw4_1/share/hw4_1/launch
[2.044s] Invoked command in '/home/proving_ground_home/Documents/github/ENAE450/HW4/src/build/hw4_1' returned '0': PYTHONPATH=/home/proving_ground_home/Documents/github/ENAE450/HW4/src/build/hw4_1/prefix_override:/home/proving_ground_home/Documents/github/ENAE450/HW4/src/install/hw4_1/lib/python3.10/site-packages:${PYTHONPATH} /usr/bin/python3 setup.py develop --editable --build-directory /home/proving_ground_home/Documents/github/ENAE450/HW4/src/build/hw4_1/build --no-deps install_data
