[1.453s] Invoking command in '/home/proving_ground_home/Documents/github/ENAE450/HW4/src/build/hw4_1': PYTHONPATH=/home/proving_ground_home/Documents/github/ENAE450/HW4/src/build/hw4_1/prefix_override:/home/proving_ground_home/Documents/github/ENAE450/HW4/src/install/hw4_1/lib/python3.10/site-packages:${PYTHONPATH} /usr/bin/python3 setup.py develop --editable --build-directory /home/proving_ground_home/Documents/github/ENAE450/HW4/src/build/hw4_1/build --no-deps install_data
[1.681s] running develop
[1.682s] /usr/lib/python3/dist-packages/setuptools/command/easy_install.py:158: EasyInstallDeprecationWarning: easy_install command is deprecated. Use build and pip and other standards-based tools.
[1.682s]   warnings.warn(
[1.684s] /usr/lib/python3/dist-packages/setuptools/command/install.py:34: SetuptoolsDeprecationWarning: setup.py install is deprecated. Use build and pip and other standards-based tools.
[1.684s]   warnings.warn(
[1.840s] running egg_info
[1.840s] writing hw4_1.egg-info/PKG-INFO
[1.840s] writing dependency_links to hw4_1.egg-info/dependency_links.txt
[1.840s] writing entry points to hw4_1.egg-info/entry_points.txt
[1.843s] writing requirements to hw4_1.egg-info/requires.txt
[1.844s] writing top-level names to hw4_1.egg-info/top_level.txt
[1.844s] reading manifest file 'hw4_1.egg-info/SOURCES.txt'
[1.844s] writing manifest file 'hw4_1.egg-info/SOURCES.txt'
[1.845s] running build_ext
[1.845s] Creating /home/proving_ground_home/Documents/github/ENAE450/HW4/src/install/hw4_1/lib/python3.10/site-packages/hw4-1.egg-link (link to .)
[1.845s] Installing hw4_1_controller script to /home/proving_ground_home/Documents/github/ENAE450/HW4/src/install/hw4_1/lib/hw4_1
[1.845s] 
[1.846s] Installed /home/proving_ground_home/Documents/github/ENAE450/HW4/src/build/hw4_1
[1.846s] running install_data
[1.922s] Invoked command in '/home/proving_ground_home/Documents/github/ENAE450/HW4/src/build/hw4_1' returned '0': PYTHONPATH=/home/proving_ground_home/Documents/github/ENAE450/HW4/src/build/hw4_1/prefix_override:/home/proving_ground_home/Documents/github/ENAE450/HW4/src/install/hw4_1/lib/python3.10/site-packages:${PYTHONPATH} /usr/bin/python3 setup.py develop --editable --build-directory /home/proving_ground_home/Documents/github/ENAE450/HW4/src/build/hw4_1/build --no-deps install_data
