[1.494s] Invoking command in '/home/proving_ground_home/Documents/github/ENAE450/HW4/src/build/hw4_1': PYTHONPATH=/home/proving_ground_home/Documents/github/ENAE450/HW4/src/build/hw4_1/prefix_override:/home/proving_ground_home/Documents/github/ENAE450/HW4/src/install/hw4_1/lib/python3.10/site-packages:${PYTHONPATH} /usr/bin/python3 setup.py develop --editable --build-directory /home/proving_ground_home/Documents/github/ENAE450/HW4/src/build/hw4_1/build --no-deps install_data
[1.770s] running develop
[1.771s] /usr/lib/python3/dist-packages/setuptools/command/easy_install.py:158: EasyInstallDeprecationWarning: easy_install command is deprecated. Use build and pip and other standards-based tools.
[1.771s]   warnings.warn(
[1.772s] /usr/lib/python3/dist-packages/setuptools/command/install.py:34: SetuptoolsDeprecationWarning: setup.py install is deprecated. Use build and pip and other standards-based tools.
[1.772s]   warnings.warn(
[1.962s] running egg_info
[1.963s] writing hw4_1.egg-info/PKG-INFO
[1.963s] writing dependency_links to hw4_1.egg-info/dependency_links.txt
[1.964s] writing entry points to hw4_1.egg-info/entry_points.txt
[1.964s] writing requirements to hw4_1.egg-info/requires.txt
[1.964s] writing top-level names to hw4_1.egg-info/top_level.txt
[1.967s] reading manifest file 'hw4_1.egg-info/SOURCES.txt'
[1.968s] writing manifest file 'hw4_1.egg-info/SOURCES.txt'
[1.969s] running build_ext
[1.970s] Creating /home/proving_ground_home/Documents/github/ENAE450/HW4/src/install/hw4_1/lib/python3.10/site-packages/hw4-1.egg-link (link to .)
[1.971s] Installing hw4_1_controller script to /home/proving_ground_home/Documents/github/ENAE450/HW4/src/install/hw4_1/lib/hw4_1
[1.971s] 
[1.971s] Installed /home/proving_ground_home/Documents/github/ENAE450/HW4/src/build/hw4_1
[1.972s] running install_data
[2.064s] Invoked command in '/home/proving_ground_home/Documents/github/ENAE450/HW4/src/build/hw4_1' returned '0': PYTHONPATH=/home/proving_ground_home/Documents/github/ENAE450/HW4/src/build/hw4_1/prefix_override:/home/proving_ground_home/Documents/github/ENAE450/HW4/src/install/hw4_1/lib/python3.10/site-packages:${PYTHONPATH} /usr/bin/python3 setup.py develop --editable --build-directory /home/proving_ground_home/Documents/github/ENAE450/HW4/src/build/hw4_1/build --no-deps install_data
