[1.428s] Invoking command in '/home/proving_ground_home/Documents/github/ENAE450/HW4/src/build/hw4_2': PYTHONPATH=/home/proving_ground_home/Documents/github/ENAE450/HW4/src/build/hw4_2/prefix_override:/home/proving_ground_home/Documents/github/ENAE450/HW4/src/install/hw4_2/lib/python3.10/site-packages:${PYTHONPATH} /usr/bin/python3 setup.py develop --editable --build-directory /home/proving_ground_home/Documents/github/ENAE450/HW4/src/build/hw4_2/build --no-deps install_data
[1.682s] running develop
[1.682s] /usr/lib/python3/dist-packages/setuptools/command/easy_install.py:158: EasyInstallDeprecationWarning: easy_install command is deprecated. Use build and pip and other standards-based tools.
[1.682s]   warnings.warn(
[1.683s] /usr/lib/python3/dist-packages/setuptools/command/install.py:34: SetuptoolsDeprecationWarning: setup.py install is deprecated. Use build and pip and other standards-based tools.
[1.683s]   warnings.warn(
[1.847s] running egg_info
[1.847s] writing hw4_2.egg-info/PKG-INFO
[1.848s] writing dependency_links to hw4_2.egg-info/dependency_links.txt
[1.848s] writing entry points to hw4_2.egg-info/entry_points.txt
[1.848s] writing requirements to hw4_2.egg-info/requires.txt
[1.849s] writing top-level names to hw4_2.egg-info/top_level.txt
[1.852s] reading manifest file 'hw4_2.egg-info/SOURCES.txt'
[1.852s] writing manifest file 'hw4_2.egg-info/SOURCES.txt'
[1.853s] running build_ext
[1.853s] Creating /home/proving_ground_home/Documents/github/ENAE450/HW4/src/install/hw4_2/lib/python3.10/site-packages/hw4-2.egg-link (link to .)
[1.854s] Installing hw4_2_controller script to /home/proving_ground_home/Documents/github/ENAE450/HW4/src/install/hw4_2/lib/hw4_2
[1.854s] 
[1.854s] Installed /home/proving_ground_home/Documents/github/ENAE450/HW4/src/build/hw4_2
[1.854s] running install_data
[1.959s] Invoked command in '/home/proving_ground_home/Documents/github/ENAE450/HW4/src/build/hw4_2' returned '0': PYTHONPATH=/home/proving_ground_home/Documents/github/ENAE450/HW4/src/build/hw4_2/prefix_override:/home/proving_ground_home/Documents/github/ENAE450/HW4/src/install/hw4_2/lib/python3.10/site-packages:${PYTHONPATH} /usr/bin/python3 setup.py develop --editable --build-directory /home/proving_ground_home/Documents/github/ENAE450/HW4/src/build/hw4_2/build --no-deps install_data
