[1.700s] Invoking command in '/home/proving_ground_home/Documents/github/ENAE450/HW4/src/build/hw4_2': PYTHONPATH=/home/proving_ground_home/Documents/github/ENAE450/HW4/src/build/hw4_2/prefix_override:/home/proving_ground_home/Documents/github/ENAE450/HW4/src/install/hw4_2/lib/python3.10/site-packages:${PYTHONPATH} /usr/bin/python3 setup.py develop --editable --build-directory /home/proving_ground_home/Documents/github/ENAE450/HW4/src/build/hw4_2/build --no-deps install_data
[1.937s] running develop
[1.950s] /usr/lib/python3/dist-packages/setuptools/command/easy_install.py:158: EasyInstallDeprecationWarning: easy_install command is deprecated. Use build and pip and other standards-based tools.
[1.950s]   warnings.warn(
[1.954s] /usr/lib/python3/dist-packages/setuptools/command/install.py:34: SetuptoolsDeprecationWarning: setup.py install is deprecated. Use build and pip and other standards-based tools.
[1.954s]   warnings.warn(
[2.135s] running egg_info
[2.135s] creating hw4_2.egg-info
[2.136s] writing hw4_2.egg-info/PKG-INFO
[2.137s] writing dependency_links to hw4_2.egg-info/dependency_links.txt
[2.137s] writing entry points to hw4_2.egg-info/entry_points.txt
[2.137s] writing requirements to hw4_2.egg-info/requires.txt
[2.137s] writing top-level names to hw4_2.egg-info/top_level.txt
[2.137s] writing manifest file 'hw4_2.egg-info/SOURCES.txt'
[2.139s] reading manifest file 'hw4_2.egg-info/SOURCES.txt'
[2.140s] writing manifest file 'hw4_2.egg-info/SOURCES.txt'
[2.141s] running build_ext
[2.142s] Creating /home/proving_ground_home/Documents/github/ENAE450/HW4/src/install/hw4_2/lib/python3.10/site-packages/hw4-2.egg-link (link to .)
[2.143s] 
[2.143s] Installed /home/proving_ground_home/Documents/github/ENAE450/HW4/src/build/hw4_2
[2.143s] running install_data
[2.143s] creating /home/proving_ground_home/Documents/github/ENAE450/HW4/src/install/hw4_2/share/ament_index
[2.143s] creating /home/proving_ground_home/Documents/github/ENAE450/HW4/src/install/hw4_2/share/ament_index/resource_index
[2.144s] creating /home/proving_ground_home/Documents/github/ENAE450/HW4/src/install/hw4_2/share/ament_index/resource_index/packages
[2.144s] copying resource/hw4_2 -> /home/proving_ground_home/Documents/github/ENAE450/HW4/src/install/hw4_2/share/ament_index/resource_index/packages
[2.144s] copying package.xml -> /home/proving_ground_home/Documents/github/ENAE450/HW4/src/install/hw4_2/share/hw4_2
[2.340s] Invoked command in '/home/proving_ground_home/Documents/github/ENAE450/HW4/src/build/hw4_2' returned '0': PYTHONPATH=/home/proving_ground_home/Documents/github/ENAE450/HW4/src/build/hw4_2/prefix_override:/home/proving_ground_home/Documents/github/ENAE450/HW4/src/install/hw4_2/lib/python3.10/site-packages:${PYTHONPATH} /usr/bin/python3 setup.py develop --editable --build-directory /home/proving_ground_home/Documents/github/ENAE450/HW4/src/build/hw4_2/build --no-deps install_data
