[0.670s] Invoking command in '/home/proving_ground_home/Documents/github/ENAE450/HW5/build/hw5': PYTHONPATH=/home/proving_ground_home/Documents/github/ENAE450/HW5/build/hw5/prefix_override:/home/proving_ground_home/Documents/github/ENAE450/HW5/install/hw5/lib/python3.10/site-packages:${PYTHONPATH} /usr/bin/python3 setup.py develop --editable --build-directory /home/proving_ground_home/Documents/github/ENAE450/HW5/build/hw5/build --no-deps install_data
[0.903s] running develop
[0.903s] /usr/lib/python3/dist-packages/setuptools/command/easy_install.py:158: EasyInstallDeprecationWarning: easy_install command is deprecated. Use build and pip and other standards-based tools.
[0.903s]   warnings.warn(
[0.904s] /usr/lib/python3/dist-packages/setuptools/command/install.py:34: SetuptoolsDeprecationWarning: setup.py install is deprecated. Use build and pip and other standards-based tools.
[0.904s]   warnings.warn(
[1.062s] running egg_info
[1.062s] writing hw5.egg-info/PKG-INFO
[1.062s] writing dependency_links to hw5.egg-info/dependency_links.txt
[1.062s] writing entry points to hw5.egg-info/entry_points.txt
[1.062s] writing requirements to hw5.egg-info/requires.txt
[1.063s] writing top-level names to hw5.egg-info/top_level.txt
[1.064s] reading manifest file 'hw5.egg-info/SOURCES.txt'
[1.065s] writing manifest file 'hw5.egg-info/SOURCES.txt'
[1.066s] running build_ext
[1.066s] Creating /home/proving_ground_home/Documents/github/ENAE450/HW5/install/hw5/lib/python3.10/site-packages/hw5.egg-link (link to .)
[1.068s] Installing hw5_2_inside script to /home/proving_ground_home/Documents/github/ENAE450/HW5/install/hw5/lib/hw5
[1.068s] Installing hw5_3_outside script to /home/proving_ground_home/Documents/github/ENAE450/HW5/install/hw5/lib/hw5
[1.068s] 
[1.068s] Installed /home/proving_ground_home/Documents/github/ENAE450/HW5/build/hw5
[1.068s] running install_data
[1.092s] Invoked command in '/home/proving_ground_home/Documents/github/ENAE450/HW5/build/hw5' returned '0': PYTHONPATH=/home/proving_ground_home/Documents/github/ENAE450/HW5/build/hw5/prefix_override:/home/proving_ground_home/Documents/github/ENAE450/HW5/install/hw5/lib/python3.10/site-packages:${PYTHONPATH} /usr/bin/python3 setup.py develop --editable --build-directory /home/proving_ground_home/Documents/github/ENAE450/HW5/build/hw5/build --no-deps install_data
