running develop
running egg_info
creating hw4_1.egg-info
writing hw4_1.egg-info/PKG-INFO
writing dependency_links to hw4_1.egg-info/dependency_links.txt
writing entry points to hw4_1.egg-info/entry_points.txt
writing requirements to hw4_1.egg-info/requires.txt
writing top-level names to hw4_1.egg-info/top_level.txt
writing manifest file 'hw4_1.egg-info/SOURCES.txt'
reading manifest file 'hw4_1.egg-info/SOURCES.txt'
writing manifest file 'hw4_1.egg-info/SOURCES.txt'
running build_ext
Creating /home/proving_ground_home/Documents/github/ENAE450/HW4/src/install/hw4_1/lib/python3.10/site-packages/hw4-1.egg-link (link to .)

Installed /home/proving_ground_home/Documents/github/ENAE450/HW4/src/build/hw4_1
running install_data
creating /home/proving_ground_home/Documents/github/ENAE450/HW4/src/install/hw4_1/share/ament_index
creating /home/proving_ground_home/Documents/github/ENAE450/HW4/src/install/hw4_1/share/ament_index/resource_index
creating /home/proving_ground_home/Documents/github/ENAE450/HW4/src/install/hw4_1/share/ament_index/resource_index/packages
copying resource/hw4_1 -> /home/proving_ground_home/Documents/github/ENAE450/HW4/src/install/hw4_1/share/ament_index/resource_index/packages
copying package.xml -> /home/proving_ground_home/Documents/github/ENAE450/HW4/src/install/hw4_1/share/hw4_1
creating /home/proving_ground_home/Documents/github/ENAE450/HW4/src/install/hw4_1/share/hw4_1/launch
copying launch/hw4_1_launch.py -> /home/proving_ground_home/Documents/github/ENAE450/HW4/src/install/hw4_1/share/hw4_1/launch
