[0.966s] DEBUG:colcon:Command line arguments: ['/usr/bin/colcon', 'build', '--packages-select', 'hw3_1']
[0.966s] DEBUG:colcon:Parsed command line arguments: Namespace(log_base=None, log_level=None, verb_name='build', build_base='build', install_base='install', merge_install=False, symlink_install=False, test_result_base=None, continue_on_error=False, executor='parallel', parallel_workers=8, event_handlers=None, ignore_user_meta=False, metas=['./colcon.meta'], base_paths=['.'], packages_ignore=None, packages_ignore_regex=None, paths=None, packages_up_to=None, packages_up_to_regex=None, packages_above=None, packages_above_and_dependencies=None, packages_above_depth=None, packages_select_by_dep=None, packages_skip_by_dep=None, packages_skip_up_to=None, packages_select_build_failed=False, packages_skip_build_finished=False, packages_select_test_failures=False, packages_skip_test_passed=False, packages_select=['hw3_1'], packages_skip=None, packages_select_regex=None, packages_skip_regex=None, packages_start=None, packages_end=None, allow_overriding=[], cmake_args=None, cmake_target=None, cmake_target_skip_unavailable=False, cmake_clean_cache=False, cmake_clean_first=False, cmake_force_configure=False, ament_cmake_args=None, catkin_cmake_args=None, catkin_skip_building_tests=False, verb_parser=<colcon_defaults.argument_parser.defaults.DefaultArgumentsDecorator object at 0x7fe4308f3cd0>, verb_extension=<colcon_core.verb.build.BuildVerb object at 0x7fe4308f1ae0>, main=<bound method BuildVerb.main of <colcon_core.verb.build.BuildVerb object at 0x7fe4308f1ae0>>)
[1.010s] Level 1:colcon.colcon_core.package_discovery:discover_packages(colcon_meta) check parameters
[1.010s] Level 1:colcon.colcon_core.package_discovery:discover_packages(recursive) check parameters
[1.010s] Level 1:colcon.colcon_core.package_discovery:discover_packages(ignore) check parameters
[1.010s] Level 1:colcon.colcon_core.package_discovery:discover_packages(path) check parameters
[1.010s] Level 1:colcon.colcon_core.package_discovery:discover_packages(colcon_meta) discover
[1.010s] Level 1:colcon.colcon_core.package_discovery:discover_packages(recursive) discover
[1.010s] INFO:colcon.colcon_core.package_discovery:Crawling recursively for packages in '/home/proving_ground_home/Documents/github/ENAE450/HW3'
[1.010s] Level 1:colcon.colcon_core.package_identification:_identify(.) by extensions ['ignore', 'ignore_ament_install']
[1.011s] Level 1:colcon.colcon_core.package_identification:_identify(.) by extension 'ignore'
[1.011s] Level 1:colcon.colcon_core.package_identification:_identify(.) by extension 'ignore_ament_install'
[1.011s] Level 1:colcon.colcon_core.package_identification:_identify(.) by extensions ['colcon_pkg']
[1.011s] Level 1:colcon.colcon_core.package_identification:_identify(.) by extension 'colcon_pkg'
[1.011s] Level 1:colcon.colcon_core.package_identification:_identify(.) by extensions ['colcon_meta']
[1.011s] Level 1:colcon.colcon_core.package_identification:_identify(.) by extension 'colcon_meta'
[1.011s] Level 1:colcon.colcon_core.package_identification:_identify(.) by extensions ['ros']
[1.011s] Level 1:colcon.colcon_core.package_identification:_identify(.) by extension 'ros'
[1.022s] Level 1:colcon.colcon_core.package_identification:_identify(.) by extensions ['cmake', 'python']
[1.022s] Level 1:colcon.colcon_core.package_identification:_identify(.) by extension 'cmake'
[1.022s] Level 1:colcon.colcon_core.package_identification:_identify(.) by extension 'python'
[1.022s] Level 1:colcon.colcon_core.package_identification:_identify(.) by extensions ['python_setup_py']
[1.022s] Level 1:colcon.colcon_core.package_identification:_identify(.) by extension 'python_setup_py'
[1.022s] Level 1:colcon.colcon_core.package_identification:_identify(build) by extensions ['ignore', 'ignore_ament_install']
[1.022s] Level 1:colcon.colcon_core.package_identification:_identify(build) by extension 'ignore'
[1.022s] Level 1:colcon.colcon_core.package_identification:_identify(build) ignored
[1.022s] Level 1:colcon.colcon_core.package_identification:_identify(hw3_1) by extensions ['ignore', 'ignore_ament_install']
[1.022s] Level 1:colcon.colcon_core.package_identification:_identify(hw3_1) by extension 'ignore'
[1.022s] Level 1:colcon.colcon_core.package_identification:_identify(hw3_1) by extension 'ignore_ament_install'
[1.023s] Level 1:colcon.colcon_core.package_identification:_identify(hw3_1) by extensions ['colcon_pkg']
[1.023s] Level 1:colcon.colcon_core.package_identification:_identify(hw3_1) by extension 'colcon_pkg'
[1.023s] Level 1:colcon.colcon_core.package_identification:_identify(hw3_1) by extensions ['colcon_meta']
[1.023s] Level 1:colcon.colcon_core.package_identification:_identify(hw3_1) by extension 'colcon_meta'
[1.023s] Level 1:colcon.colcon_core.package_identification:_identify(hw3_1) by extensions ['ros']
[1.023s] Level 1:colcon.colcon_core.package_identification:_identify(hw3_1) by extension 'ros'
[1.025s] DEBUG:colcon.colcon_core.package_identification:Package 'hw3_1' with type 'ros.ament_cmake' and name 'hw3_1'
[1.025s] Level 1:colcon.colcon_core.package_identification:_identify(install) by extensions ['ignore', 'ignore_ament_install']
[1.026s] Level 1:colcon.colcon_core.package_identification:_identify(install) by extension 'ignore'
[1.026s] Level 1:colcon.colcon_core.package_identification:_identify(install) ignored
[1.026s] Level 1:colcon.colcon_core.package_identification:_identify(log) by extensions ['ignore', 'ignore_ament_install']
[1.026s] Level 1:colcon.colcon_core.package_identification:_identify(log) by extension 'ignore'
[1.026s] Level 1:colcon.colcon_core.package_identification:_identify(log) ignored
[1.026s] Level 1:colcon.colcon_core.package_discovery:discover_packages(recursive) using defaults
[1.026s] Level 1:colcon.colcon_core.package_discovery:discover_packages(ignore) discover
[1.026s] Level 1:colcon.colcon_core.package_discovery:discover_packages(ignore) using defaults
[1.026s] Level 1:colcon.colcon_core.package_discovery:discover_packages(path) discover
[1.026s] Level 1:colcon.colcon_core.package_discovery:discover_packages(path) using defaults
[1.124s] Level 1:colcon.colcon_core.package_discovery:discover_packages(prefix_path) check parameters
[1.124s] Level 1:colcon.colcon_core.package_discovery:discover_packages(prefix_path) discover
[1.156s] DEBUG:colcon.colcon_installed_package_information.package_discovery:Found 284 installed packages in /opt/ros/humble
[1.157s] Level 1:colcon.colcon_core.package_discovery:discover_packages(prefix_path) using defaults
[1.255s] Level 5:colcon.colcon_core.verb:set package 'hw3_1' build argument 'cmake_args' from command line to 'None'
[1.255s] Level 5:colcon.colcon_core.verb:set package 'hw3_1' build argument 'cmake_target' from command line to 'None'
[1.255s] Level 5:colcon.colcon_core.verb:set package 'hw3_1' build argument 'cmake_target_skip_unavailable' from command line to 'False'
[1.255s] Level 5:colcon.colcon_core.verb:set package 'hw3_1' build argument 'cmake_clean_cache' from command line to 'False'
[1.255s] Level 5:colcon.colcon_core.verb:set package 'hw3_1' build argument 'cmake_clean_first' from command line to 'False'
[1.255s] Level 5:colcon.colcon_core.verb:set package 'hw3_1' build argument 'cmake_force_configure' from command line to 'False'
[1.255s] Level 5:colcon.colcon_core.verb:set package 'hw3_1' build argument 'ament_cmake_args' from command line to 'None'
[1.255s] Level 5:colcon.colcon_core.verb:set package 'hw3_1' build argument 'catkin_cmake_args' from command line to 'None'
[1.256s] Level 5:colcon.colcon_core.verb:set package 'hw3_1' build argument 'catkin_skip_building_tests' from command line to 'False'
[1.256s] DEBUG:colcon.colcon_core.verb:Building package 'hw3_1' with the following arguments: {'ament_cmake_args': None, 'build_base': '/home/proving_ground_home/Documents/github/ENAE450/HW3/build/hw3_1', 'catkin_cmake_args': None, 'catkin_skip_building_tests': False, 'cmake_args': None, 'cmake_clean_cache': False, 'cmake_clean_first': False, 'cmake_force_configure': False, 'cmake_target': None, 'cmake_target_skip_unavailable': False, 'install_base': '/home/proving_ground_home/Documents/github/ENAE450/HW3/install/hw3_1', 'merge_install': False, 'path': '/home/proving_ground_home/Documents/github/ENAE450/HW3/hw3_1', 'symlink_install': False, 'test_result_base': None}
[1.270s] INFO:colcon.colcon_core.executor:Executing jobs using 'parallel' executor
[1.284s] DEBUG:colcon.colcon_parallel_executor.executor.parallel:run_until_complete
[1.285s] INFO:colcon.colcon_ros.task.ament_cmake.build:Building ROS package in '/home/proving_ground_home/Documents/github/ENAE450/HW3/hw3_1' with build type 'ament_cmake'
[1.285s] INFO:colcon.colcon_cmake.task.cmake.build:Building CMake package in '/home/proving_ground_home/Documents/github/ENAE450/HW3/hw3_1'
[1.301s] INFO:colcon.colcon_core.plugin_system:Skipping extension 'colcon_core.shell.bat': Not used on non-Windows systems
[1.301s] INFO:colcon.colcon_core.shell:Skip shell extension 'powershell' for command environment: Not usable outside of PowerShell
[1.301s] DEBUG:colcon.colcon_core.shell:Skip shell extension 'dsv' for command environment
[1.337s] DEBUG:colcon.colcon_core.event_handler.log_command:Invoking command in '/home/proving_ground_home/Documents/github/ENAE450/HW3/build/hw3_1': CMAKE_PREFIX_PATH=/opt/ros/humble /usr/bin/cmake /home/proving_ground_home/Documents/github/ENAE450/HW3/hw3_1 -DCMAKE_INSTALL_PREFIX=/home/proving_ground_home/Documents/github/ENAE450/HW3/install/hw3_1
[1.731s] DEBUG:colcon.colcon_core.event_handler.log_command:Invoked command in '/home/proving_ground_home/Documents/github/ENAE450/HW3/build/hw3_1' returned '1': CMAKE_PREFIX_PATH=/opt/ros/humble /usr/bin/cmake /home/proving_ground_home/Documents/github/ENAE450/HW3/hw3_1 -DCMAKE_INSTALL_PREFIX=/home/proving_ground_home/Documents/github/ENAE450/HW3/install/hw3_1
[1.742s] Level 1:colcon.colcon_core.environment:create_environment_scripts_only(hw3_1)
[1.758s] Level 1:colcon.colcon_core.environment:checking '/home/proving_ground_home/Documents/github/ENAE450/HW3/install/hw3_1' for CMake module files
[1.758s] Level 1:colcon.colcon_core.environment:checking '/home/proving_ground_home/Documents/github/ENAE450/HW3/install/hw3_1' for CMake config files
[1.758s] Level 1:colcon.colcon_core.environment:checking '/home/proving_ground_home/Documents/github/ENAE450/HW3/install/hw3_1/bin'
[1.758s] Level 1:colcon.colcon_core.environment:checking '/home/proving_ground_home/Documents/github/ENAE450/HW3/install/hw3_1/lib/pkgconfig/hw3_1.pc'
[1.759s] Level 1:colcon.colcon_core.environment:checking '/home/proving_ground_home/Documents/github/ENAE450/HW3/install/hw3_1/lib/python3.10/site-packages'
[1.759s] Level 1:colcon.colcon_core.environment:checking '/home/proving_ground_home/Documents/github/ENAE450/HW3/install/hw3_1/bin'
[1.773s] INFO:colcon.colcon_core.shell:Creating package script '/home/proving_ground_home/Documents/github/ENAE450/HW3/install/hw3_1/share/hw3_1/package.ps1'
[1.774s] INFO:colcon.colcon_core.shell:Creating package descriptor '/home/proving_ground_home/Documents/github/ENAE450/HW3/install/hw3_1/share/hw3_1/package.dsv'
[1.774s] INFO:colcon.colcon_core.shell:Creating package script '/home/proving_ground_home/Documents/github/ENAE450/HW3/install/hw3_1/share/hw3_1/package.sh'
[1.774s] INFO:colcon.colcon_core.shell:Creating package script '/home/proving_ground_home/Documents/github/ENAE450/HW3/install/hw3_1/share/hw3_1/package.bash'
[1.775s] INFO:colcon.colcon_core.shell:Creating package script '/home/proving_ground_home/Documents/github/ENAE450/HW3/install/hw3_1/share/hw3_1/package.zsh'
[1.776s] Level 1:colcon.colcon_core.environment:create_file_with_runtime_dependencies(/home/proving_ground_home/Documents/github/ENAE450/HW3/install/hw3_1/share/colcon-core/packages/hw3_1)
[1.786s] DEBUG:colcon.colcon_parallel_executor.executor.parallel:closing loop
[1.787s] DEBUG:colcon.colcon_parallel_executor.executor.parallel:loop closed
[1.787s] DEBUG:colcon.colcon_parallel_executor.executor.parallel:run_until_complete finished with '1'
[1.787s] DEBUG:colcon.colcon_core.event_reactor:joining thread
[1.805s] INFO:colcon.colcon_core.plugin_system:Skipping extension 'colcon_notification.desktop_notification.notify_send': Could not find 'notify-send'
[1.806s] INFO:colcon.colcon_core.plugin_system:Skipping extension 'colcon_notification.desktop_notification.terminal_notifier': Not used on non-Darwin systems
[1.806s] INFO:colcon.colcon_core.plugin_system:Skipping extension 'colcon_notification.desktop_notification.win32': Not used on non-Windows systems
[1.806s] INFO:colcon.colcon_notification.desktop_notification:Sending desktop notification using 'notify2'
[1.827s] DEBUG:colcon.colcon_core.event_reactor:joined thread
[1.841s] INFO:colcon.colcon_core.shell:Creating prefix script '/home/proving_ground_home/Documents/github/ENAE450/HW3/install/local_setup.ps1'
[1.842s] INFO:colcon.colcon_core.shell:Creating prefix util module '/home/proving_ground_home/Documents/github/ENAE450/HW3/install/_local_setup_util_ps1.py'
[1.844s] INFO:colcon.colcon_core.shell:Creating prefix chain script '/home/proving_ground_home/Documents/github/ENAE450/HW3/install/setup.ps1'
[1.858s] INFO:colcon.colcon_core.shell:Creating prefix script '/home/proving_ground_home/Documents/github/ENAE450/HW3/install/local_setup.sh'
[1.859s] INFO:colcon.colcon_core.shell:Creating prefix util module '/home/proving_ground_home/Documents/github/ENAE450/HW3/install/_local_setup_util_sh.py'
[1.859s] INFO:colcon.colcon_core.shell:Creating prefix chain script '/home/proving_ground_home/Documents/github/ENAE450/HW3/install/setup.sh'
[1.877s] INFO:colcon.colcon_core.shell:Creating prefix script '/home/proving_ground_home/Documents/github/ENAE450/HW3/install/local_setup.bash'
[1.877s] INFO:colcon.colcon_core.shell:Creating prefix chain script '/home/proving_ground_home/Documents/github/ENAE450/HW3/install/setup.bash'
[1.893s] INFO:colcon.colcon_core.shell:Creating prefix script '/home/proving_ground_home/Documents/github/ENAE450/HW3/install/local_setup.zsh'
[1.893s] INFO:colcon.colcon_core.shell:Creating prefix chain script '/home/proving_ground_home/Documents/github/ENAE450/HW3/install/setup.zsh'
