[2.096s] Invoking command in '/home/proving_ground_home/Documents/github/ENAE450/HW4/src/build/hw4_1': PYTHONPATH=/home/proving_ground_home/Documents/github/ENAE450/HW4/src/build/hw4_1/prefix_override:/home/proving_ground_home/Documents/github/ENAE450/HW4/src/install/hw4_1/lib/python3.10/site-packages:${PYTHONPATH} /usr/bin/python3 setup.py develop --editable --build-directory /home/proving_ground_home/Documents/github/ENAE450/HW4/src/build/hw4_1/build --no-deps install_data
[2.348s] running develop
[2.356s] /usr/lib/python3/dist-packages/setuptools/command/easy_install.py:158: EasyInstallDeprecationWarning: easy_install command is deprecated. Use build and pip and other standards-based tools.
[2.356s]   warnings.warn(
[2.358s] /usr/lib/python3/dist-packages/setuptools/command/install.py:34: SetuptoolsDeprecationWarning: setup.py install is deprecated. Use build and pip and other standards-based tools.
[2.358s]   warnings.warn(
[2.529s] running egg_info
[2.529s] writing hw4_1.egg-info/PKG-INFO
[2.529s] writing dependency_links to hw4_1.egg-info/dependency_links.txt
[2.530s] writing entry points to hw4_1.egg-info/entry_points.txt
[2.530s] writing requirements to hw4_1.egg-info/requires.txt
[2.530s] writing top-level names to hw4_1.egg-info/top_level.txt
[2.532s] reading manifest file 'hw4_1.egg-info/SOURCES.txt'
[2.542s] writing manifest file 'hw4_1.egg-info/SOURCES.txt'
[2.543s] running build_ext
[2.543s] Creating /home/proving_ground_home/Documents/github/ENAE450/HW4/src/install/hw4_1/lib/python3.10/site-packages/hw4-1.egg-link (link to .)
[2.544s] Installing hw4_1_controller script to /home/proving_ground_home/Documents/github/ENAE450/HW4/src/install/hw4_1/lib/hw4_1
[2.545s] 
[2.545s] Installed /home/proving_ground_home/Documents/github/ENAE450/HW4/src/build/hw4_1
[2.545s] running install_data
[2.682s] Invoked command in '/home/proving_ground_home/Documents/github/ENAE450/HW4/src/build/hw4_1' returned '0': PYTHONPATH=/home/proving_ground_home/Documents/github/ENAE450/HW4/src/build/hw4_1/prefix_override:/home/proving_ground_home/Documents/github/ENAE450/HW4/src/install/hw4_1/lib/python3.10/site-packages:${PYTHONPATH} /usr/bin/python3 setup.py develop --editable --build-directory /home/proving_ground_home/Documents/github/ENAE450/HW4/src/build/hw4_1/build --no-deps install_data
