[0.761s] Invoking command in '/home/proving_ground_home/Documents/github/ENAE450/HW5/build/hw5': PYTHONPATH=/home/proving_ground_home/Documents/github/ENAE450/HW5/build/hw5/prefix_override:/home/proving_ground_home/Documents/github/ENAE450/HW5/install/hw5/lib/python3.10/site-packages:${PYTHONPATH} /usr/bin/python3 setup.py develop --editable --build-directory /home/proving_ground_home/Documents/github/ENAE450/HW5/build/hw5/build --no-deps install_data
[1.000s] running develop
[1.001s] /usr/lib/python3/dist-packages/setuptools/command/easy_install.py:158: EasyInstallDeprecationWarning: easy_install command is deprecated. Use build and pip and other standards-based tools.
[1.001s]   warnings.warn(
[1.001s] /usr/lib/python3/dist-packages/setuptools/command/install.py:34: SetuptoolsDeprecationWarning: setup.py install is deprecated. Use build and pip and other standards-based tools.
[1.001s]   warnings.warn(
[1.168s] running egg_info
[1.168s] writing hw5.egg-info/PKG-INFO
[1.168s] writing dependency_links to hw5.egg-info/dependency_links.txt
[1.169s] writing entry points to hw5.egg-info/entry_points.txt
[1.169s] writing requirements to hw5.egg-info/requires.txt
[1.169s] writing top-level names to hw5.egg-info/top_level.txt
[1.170s] reading manifest file 'hw5.egg-info/SOURCES.txt'
[1.171s] writing manifest file 'hw5.egg-info/SOURCES.txt'
[1.173s] running build_ext
[1.173s] Creating /home/proving_ground_home/Documents/github/ENAE450/HW5/install/hw5/lib/python3.10/site-packages/hw5.egg-link (link to .)
[1.173s] Installing hw5_2_inside script to /home/proving_ground_home/Documents/github/ENAE450/HW5/install/hw5/lib/hw5
[1.175s] Installing hw5_3_outside script to /home/proving_ground_home/Documents/github/ENAE450/HW5/install/hw5/lib/hw5
[1.175s] 
[1.175s] Installed /home/proving_ground_home/Documents/github/ENAE450/HW5/build/hw5
[1.175s] running install_data
[1.199s] Invoked command in '/home/proving_ground_home/Documents/github/ENAE450/HW5/build/hw5' returned '0': PYTHONPATH=/home/proving_ground_home/Documents/github/ENAE450/HW5/build/hw5/prefix_override:/home/proving_ground_home/Documents/github/ENAE450/HW5/install/hw5/lib/python3.10/site-packages:${PYTHONPATH} /usr/bin/python3 setup.py develop --editable --build-directory /home/proving_ground_home/Documents/github/ENAE450/HW5/build/hw5/build --no-deps install_data
