[1.422s] Invoking command in '/home/proving_ground_home/Documents/github/ENAE450/HW4/src/build/hw4_3': PYTHONPATH=/home/proving_ground_home/Documents/github/ENAE450/HW4/src/build/hw4_3/prefix_override:/home/proving_ground_home/Documents/github/ENAE450/HW4/src/install/hw4_3/lib/python3.10/site-packages:${PYTHONPATH} /usr/bin/python3 setup.py develop --editable --build-directory /home/proving_ground_home/Documents/github/ENAE450/HW4/src/build/hw4_3/build --no-deps install_data
[1.701s] running develop
[1.701s] /usr/lib/python3/dist-packages/setuptools/command/easy_install.py:158: EasyInstallDeprecationWarning: easy_install command is deprecated. Use build and pip and other standards-based tools.
[1.701s]   warnings.warn(
[1.702s] /usr/lib/python3/dist-packages/setuptools/command/install.py:34: SetuptoolsDeprecationWarning: setup.py install is deprecated. Use build and pip and other standards-based tools.
[1.702s]   warnings.warn(
[1.897s] running egg_info
[1.898s] writing hw4_3.egg-info/PKG-INFO
[1.898s] writing dependency_links to hw4_3.egg-info/dependency_links.txt
[1.898s] writing entry points to hw4_3.egg-info/entry_points.txt
[1.898s] writing requirements to hw4_3.egg-info/requires.txt
[1.898s] writing top-level names to hw4_3.egg-info/top_level.txt
[1.899s] reading manifest file 'hw4_3.egg-info/SOURCES.txt'
[1.900s] writing manifest file 'hw4_3.egg-info/SOURCES.txt'
[1.902s] running build_ext
[1.902s] Creating /home/proving_ground_home/Documents/github/ENAE450/HW4/src/install/hw4_3/lib/python3.10/site-packages/hw4-3.egg-link (link to .)
[1.903s] 
[1.904s] Installed /home/proving_ground_home/Documents/github/ENAE450/HW4/src/build/hw4_3
[1.904s] running install_data
[2.015s] Invoked command in '/home/proving_ground_home/Documents/github/ENAE450/HW4/src/build/hw4_3' returned '0': PYTHONPATH=/home/proving_ground_home/Documents/github/ENAE450/HW4/src/build/hw4_3/prefix_override:/home/proving_ground_home/Documents/github/ENAE450/HW4/src/install/hw4_3/lib/python3.10/site-packages:${PYTHONPATH} /usr/bin/python3 setup.py develop --editable --build-directory /home/proving_ground_home/Documents/github/ENAE450/HW4/src/build/hw4_3/build --no-deps install_data
