[0.687s] Invoking command in '/home/proving_ground_home/Documents/github/ENAE450/HW5/build/hw5': PYTHONPATH=/home/proving_ground_home/Documents/github/ENAE450/HW5/build/hw5/prefix_override:/home/proving_ground_home/Documents/github/ENAE450/HW5/install/hw5/lib/python3.10/site-packages:${PYTHONPATH} /usr/bin/python3 setup.py develop --editable --build-directory /home/proving_ground_home/Documents/github/ENAE450/HW5/build/hw5/build --no-deps install_data
[0.911s] running develop
[0.912s] /usr/lib/python3/dist-packages/setuptools/command/easy_install.py:158: EasyInstallDeprecationWarning: easy_install command is deprecated. Use build and pip and other standards-based tools.
[0.912s]   warnings.warn(
[0.912s] /usr/lib/python3/dist-packages/setuptools/command/install.py:34: SetuptoolsDeprecationWarning: setup.py install is deprecated. Use build and pip and other standards-based tools.
[0.912s]   warnings.warn(
[1.067s] running egg_info
[1.067s] writing hw5.egg-info/PKG-INFO
[1.068s] writing dependency_links to hw5.egg-info/dependency_links.txt
[1.068s] writing entry points to hw5.egg-info/entry_points.txt
[1.068s] writing requirements to hw5.egg-info/requires.txt
[1.068s] writing top-level names to hw5.egg-info/top_level.txt
[1.069s] reading manifest file 'hw5.egg-info/SOURCES.txt'
[1.070s] writing manifest file 'hw5.egg-info/SOURCES.txt'
[1.071s] running build_ext
[1.071s] Creating /home/proving_ground_home/Documents/github/ENAE450/HW5/install/hw5/lib/python3.10/site-packages/hw5.egg-link (link to .)
[1.073s] Installing hw5_2_inside script to /home/proving_ground_home/Documents/github/ENAE450/HW5/install/hw5/lib/hw5
[1.073s] Installing hw5_3_outside script to /home/proving_ground_home/Documents/github/ENAE450/HW5/install/hw5/lib/hw5
[1.073s] 
[1.073s] Installed /home/proving_ground_home/Documents/github/ENAE450/HW5/build/hw5
[1.073s] running install_data
[1.073s] copying launch/tb3_4walls_inside.launch.py -> /home/proving_ground_home/Documents/github/ENAE450/HW5/install/hw5/share/hw5/launch
[1.097s] Invoked command in '/home/proving_ground_home/Documents/github/ENAE450/HW5/build/hw5' returned '0': PYTHONPATH=/home/proving_ground_home/Documents/github/ENAE450/HW5/build/hw5/prefix_override:/home/proving_ground_home/Documents/github/ENAE450/HW5/install/hw5/lib/python3.10/site-packages:${PYTHONPATH} /usr/bin/python3 setup.py develop --editable --build-directory /home/proving_ground_home/Documents/github/ENAE450/HW5/build/hw5/build --no-deps install_data
