[0.981s] DEBUG:colcon:Command line arguments: ['/usr/bin/colcon', 'build', '--symlink-install']
[0.982s] DEBUG:colcon:Parsed command line arguments: Namespace(log_base=None, log_level=None, verb_name='build', build_base='build', install_base='install', merge_install=False, symlink_install=True, test_result_base=None, continue_on_error=False, executor='parallel', parallel_workers=8, event_handlers=None, ignore_user_meta=False, metas=['./colcon.meta'], base_paths=['.'], packages_ignore=None, packages_ignore_regex=None, paths=None, packages_up_to=None, packages_up_to_regex=None, packages_above=None, packages_above_and_dependencies=None, packages_above_depth=None, packages_select_by_dep=None, packages_skip_by_dep=None, packages_skip_up_to=None, packages_select_build_failed=False, packages_skip_build_finished=False, packages_select_test_failures=False, packages_skip_test_passed=False, packages_select=None, packages_skip=None, packages_select_regex=None, packages_skip_regex=None, packages_start=None, packages_end=None, allow_overriding=[], cmake_args=None, cmake_target=None, cmake_target_skip_unavailable=False, cmake_clean_cache=False, cmake_clean_first=False, cmake_force_configure=False, ament_cmake_args=None, catkin_cmake_args=None, catkin_skip_building_tests=False, verb_parser=<colcon_defaults.argument_parser.defaults.DefaultArgumentsDecorator object at 0x7fb8ec7478b0>, verb_extension=<colcon_core.verb.build.BuildVerb object at 0x7fb8ec746230>, main=<bound method BuildVerb.main of <colcon_core.verb.build.BuildVerb object at 0x7fb8ec746230>>)
[1.028s] Level 1:colcon.colcon_core.package_discovery:discover_packages(colcon_meta) check parameters
[1.028s] Level 1:colcon.colcon_core.package_discovery:discover_packages(recursive) check parameters
[1.028s] Level 1:colcon.colcon_core.package_discovery:discover_packages(ignore) check parameters
[1.028s] Level 1:colcon.colcon_core.package_discovery:discover_packages(path) check parameters
[1.028s] Level 1:colcon.colcon_core.package_discovery:discover_packages(colcon_meta) discover
[1.028s] Level 1:colcon.colcon_core.package_discovery:discover_packages(recursive) discover
[1.028s] INFO:colcon.colcon_core.package_discovery:Crawling recursively for packages in '/home/proving_ground_home/Documents/github/ENAE450/HW4/src'
[1.028s] Level 1:colcon.colcon_core.package_identification:_identify(.) by extensions ['ignore', 'ignore_ament_install']
[1.028s] Level 1:colcon.colcon_core.package_identification:_identify(.) by extension 'ignore'
[1.028s] Level 1:colcon.colcon_core.package_identification:_identify(.) by extension 'ignore_ament_install'
[1.028s] Level 1:colcon.colcon_core.package_identification:_identify(.) by extensions ['colcon_pkg']
[1.028s] Level 1:colcon.colcon_core.package_identification:_identify(.) by extension 'colcon_pkg'
[1.028s] Level 1:colcon.colcon_core.package_identification:_identify(.) by extensions ['colcon_meta']
[1.028s] Level 1:colcon.colcon_core.package_identification:_identify(.) by extension 'colcon_meta'
[1.029s] Level 1:colcon.colcon_core.package_identification:_identify(.) by extensions ['ros']
[1.029s] Level 1:colcon.colcon_core.package_identification:_identify(.) by extension 'ros'
[1.039s] Level 1:colcon.colcon_core.package_identification:_identify(.) by extensions ['cmake', 'python']
[1.039s] Level 1:colcon.colcon_core.package_identification:_identify(.) by extension 'cmake'
[1.039s] Level 1:colcon.colcon_core.package_identification:_identify(.) by extension 'python'
[1.039s] Level 1:colcon.colcon_core.package_identification:_identify(.) by extensions ['python_setup_py']
[1.039s] Level 1:colcon.colcon_core.package_identification:_identify(.) by extension 'python_setup_py'
[1.039s] Level 1:colcon.colcon_core.package_identification:_identify(build) by extensions ['ignore', 'ignore_ament_install']
[1.039s] Level 1:colcon.colcon_core.package_identification:_identify(build) by extension 'ignore'
[1.039s] Level 1:colcon.colcon_core.package_identification:_identify(build) ignored
[1.039s] Level 1:colcon.colcon_core.package_identification:_identify(hw4_1) by extensions ['ignore', 'ignore_ament_install']
[1.039s] Level 1:colcon.colcon_core.package_identification:_identify(hw4_1) by extension 'ignore'
[1.040s] Level 1:colcon.colcon_core.package_identification:_identify(hw4_1) by extension 'ignore_ament_install'
[1.040s] Level 1:colcon.colcon_core.package_identification:_identify(hw4_1) by extensions ['colcon_pkg']
[1.040s] Level 1:colcon.colcon_core.package_identification:_identify(hw4_1) by extension 'colcon_pkg'
[1.040s] Level 1:colcon.colcon_core.package_identification:_identify(hw4_1) by extensions ['colcon_meta']
[1.040s] Level 1:colcon.colcon_core.package_identification:_identify(hw4_1) by extension 'colcon_meta'
[1.040s] Level 1:colcon.colcon_core.package_identification:_identify(hw4_1) by extensions ['ros']
[1.040s] Level 1:colcon.colcon_core.package_identification:_identify(hw4_1) by extension 'ros'
[1.042s] DEBUG:colcon.colcon_core.package_identification:Package 'hw4_1' with type 'ros.ament_python' and name 'hw4_1'
[1.042s] Level 1:colcon.colcon_core.package_identification:_identify(hw4_2) by extensions ['ignore', 'ignore_ament_install']
[1.042s] Level 1:colcon.colcon_core.package_identification:_identify(hw4_2) by extension 'ignore'
[1.042s] Level 1:colcon.colcon_core.package_identification:_identify(hw4_2) by extension 'ignore_ament_install'
[1.042s] Level 1:colcon.colcon_core.package_identification:_identify(hw4_2) by extensions ['colcon_pkg']
[1.042s] Level 1:colcon.colcon_core.package_identification:_identify(hw4_2) by extension 'colcon_pkg'
[1.042s] Level 1:colcon.colcon_core.package_identification:_identify(hw4_2) by extensions ['colcon_meta']
[1.043s] Level 1:colcon.colcon_core.package_identification:_identify(hw4_2) by extension 'colcon_meta'
[1.043s] Level 1:colcon.colcon_core.package_identification:_identify(hw4_2) by extensions ['ros']
[1.043s] Level 1:colcon.colcon_core.package_identification:_identify(hw4_2) by extension 'ros'
[1.043s] DEBUG:colcon.colcon_core.package_identification:Package 'hw4_2' with type 'ros.ament_python' and name 'hw4_2'
[1.043s] Level 1:colcon.colcon_core.package_identification:_identify(hw4_3) by extensions ['ignore', 'ignore_ament_install']
[1.043s] Level 1:colcon.colcon_core.package_identification:_identify(hw4_3) by extension 'ignore'
[1.043s] Level 1:colcon.colcon_core.package_identification:_identify(hw4_3) by extension 'ignore_ament_install'
[1.043s] Level 1:colcon.colcon_core.package_identification:_identify(hw4_3) by extensions ['colcon_pkg']
[1.043s] Level 1:colcon.colcon_core.package_identification:_identify(hw4_3) by extension 'colcon_pkg'
[1.043s] Level 1:colcon.colcon_core.package_identification:_identify(hw4_3) by extensions ['colcon_meta']
[1.043s] Level 1:colcon.colcon_core.package_identification:_identify(hw4_3) by extension 'colcon_meta'
[1.043s] Level 1:colcon.colcon_core.package_identification:_identify(hw4_3) by extensions ['ros']
[1.044s] Level 1:colcon.colcon_core.package_identification:_identify(hw4_3) by extension 'ros'
[1.044s] DEBUG:colcon.colcon_core.package_identification:Package 'hw4_3' with type 'ros.ament_python' and name 'hw4_3'
[1.044s] Level 1:colcon.colcon_core.package_identification:_identify(install) by extensions ['ignore', 'ignore_ament_install']
[1.044s] Level 1:colcon.colcon_core.package_identification:_identify(install) by extension 'ignore'
[1.044s] Level 1:colcon.colcon_core.package_identification:_identify(install) ignored
[1.044s] Level 1:colcon.colcon_core.package_identification:_identify(log) by extensions ['ignore', 'ignore_ament_install']
[1.044s] Level 1:colcon.colcon_core.package_identification:_identify(log) by extension 'ignore'
[1.044s] Level 1:colcon.colcon_core.package_identification:_identify(log) ignored
[1.044s] Level 1:colcon.colcon_core.package_discovery:discover_packages(recursive) using defaults
[1.044s] Level 1:colcon.colcon_core.package_discovery:discover_packages(ignore) discover
[1.045s] Level 1:colcon.colcon_core.package_discovery:discover_packages(ignore) using defaults
[1.045s] Level 1:colcon.colcon_core.package_discovery:discover_packages(path) discover
[1.045s] Level 1:colcon.colcon_core.package_discovery:discover_packages(path) using defaults
[1.132s] Level 1:colcon.colcon_core.package_discovery:discover_packages(prefix_path) check parameters
[1.132s] Level 1:colcon.colcon_core.package_discovery:discover_packages(prefix_path) discover
[1.162s] DEBUG:colcon.colcon_installed_package_information.package_discovery:Found 3 installed packages in /home/proving_ground_home/Documents/github/ENAE450/HW4/src/install
[1.176s] DEBUG:colcon.colcon_installed_package_information.package_discovery:Found 2 installed packages in /home/proving_ground_home/Documents/github/ENAE450/HW3/install
[1.191s] DEBUG:colcon.colcon_installed_package_information.package_discovery:Found 284 installed packages in /opt/ros/humble
[1.192s] Level 1:colcon.colcon_core.package_discovery:discover_packages(prefix_path) using defaults
[1.287s] Level 5:colcon.colcon_core.verb:set package 'hw4_1' build argument 'cmake_args' from command line to 'None'
[1.287s] Level 5:colcon.colcon_core.verb:set package 'hw4_1' build argument 'cmake_target' from command line to 'None'
[1.287s] Level 5:colcon.colcon_core.verb:set package 'hw4_1' build argument 'cmake_target_skip_unavailable' from command line to 'False'
[1.287s] Level 5:colcon.colcon_core.verb:set package 'hw4_1' build argument 'cmake_clean_cache' from command line to 'False'
[1.287s] Level 5:colcon.colcon_core.verb:set package 'hw4_1' build argument 'cmake_clean_first' from command line to 'False'
[1.287s] Level 5:colcon.colcon_core.verb:set package 'hw4_1' build argument 'cmake_force_configure' from command line to 'False'
[1.287s] Level 5:colcon.colcon_core.verb:set package 'hw4_1' build argument 'ament_cmake_args' from command line to 'None'
[1.287s] Level 5:colcon.colcon_core.verb:set package 'hw4_1' build argument 'catkin_cmake_args' from command line to 'None'
[1.287s] Level 5:colcon.colcon_core.verb:set package 'hw4_1' build argument 'catkin_skip_building_tests' from command line to 'False'
[1.288s] DEBUG:colcon.colcon_core.verb:Building package 'hw4_1' with the following arguments: {'ament_cmake_args': None, 'build_base': '/home/proving_ground_home/Documents/github/ENAE450/HW4/src/build/hw4_1', 'catkin_cmake_args': None, 'catkin_skip_building_tests': False, 'cmake_args': None, 'cmake_clean_cache': False, 'cmake_clean_first': False, 'cmake_force_configure': False, 'cmake_target': None, 'cmake_target_skip_unavailable': False, 'install_base': '/home/proving_ground_home/Documents/github/ENAE450/HW4/src/install/hw4_1', 'merge_install': False, 'path': '/home/proving_ground_home/Documents/github/ENAE450/HW4/src/hw4_1', 'symlink_install': True, 'test_result_base': None}
[1.302s] Level 5:colcon.colcon_core.verb:set package 'hw4_2' build argument 'cmake_args' from command line to 'None'
[1.302s] Level 5:colcon.colcon_core.verb:set package 'hw4_2' build argument 'cmake_target' from command line to 'None'
[1.303s] Level 5:colcon.colcon_core.verb:set package 'hw4_2' build argument 'cmake_target_skip_unavailable' from command line to 'False'
[1.303s] Level 5:colcon.colcon_core.verb:set package 'hw4_2' build argument 'cmake_clean_cache' from command line to 'False'
[1.303s] Level 5:colcon.colcon_core.verb:set package 'hw4_2' build argument 'cmake_clean_first' from command line to 'False'
[1.303s] Level 5:colcon.colcon_core.verb:set package 'hw4_2' build argument 'cmake_force_configure' from command line to 'False'
[1.303s] Level 5:colcon.colcon_core.verb:set package 'hw4_2' build argument 'ament_cmake_args' from command line to 'None'
[1.303s] Level 5:colcon.colcon_core.verb:set package 'hw4_2' build argument 'catkin_cmake_args' from command line to 'None'
[1.303s] Level 5:colcon.colcon_core.verb:set package 'hw4_2' build argument 'catkin_skip_building_tests' from command line to 'False'
[1.303s] DEBUG:colcon.colcon_core.verb:Building package 'hw4_2' with the following arguments: {'ament_cmake_args': None, 'build_base': '/home/proving_ground_home/Documents/github/ENAE450/HW4/src/build/hw4_2', 'catkin_cmake_args': None, 'catkin_skip_building_tests': False, 'cmake_args': None, 'cmake_clean_cache': False, 'cmake_clean_first': False, 'cmake_force_configure': False, 'cmake_target': None, 'cmake_target_skip_unavailable': False, 'install_base': '/home/proving_ground_home/Documents/github/ENAE450/HW4/src/install/hw4_2', 'merge_install': False, 'path': '/home/proving_ground_home/Documents/github/ENAE450/HW4/src/hw4_2', 'symlink_install': True, 'test_result_base': None}
[1.317s] Level 5:colcon.colcon_core.verb:set package 'hw4_3' build argument 'cmake_args' from command line to 'None'
[1.318s] Level 5:colcon.colcon_core.verb:set package 'hw4_3' build argument 'cmake_target' from command line to 'None'
[1.318s] Level 5:colcon.colcon_core.verb:set package 'hw4_3' build argument 'cmake_target_skip_unavailable' from command line to 'False'
[1.318s] Level 5:colcon.colcon_core.verb:set package 'hw4_3' build argument 'cmake_clean_cache' from command line to 'False'
[1.318s] Level 5:colcon.colcon_core.verb:set package 'hw4_3' build argument 'cmake_clean_first' from command line to 'False'
[1.318s] Level 5:colcon.colcon_core.verb:set package 'hw4_3' build argument 'cmake_force_configure' from command line to 'False'
[1.318s] Level 5:colcon.colcon_core.verb:set package 'hw4_3' build argument 'ament_cmake_args' from command line to 'None'
[1.318s] Level 5:colcon.colcon_core.verb:set package 'hw4_3' build argument 'catkin_cmake_args' from command line to 'None'
[1.318s] Level 5:colcon.colcon_core.verb:set package 'hw4_3' build argument 'catkin_skip_building_tests' from command line to 'False'
[1.318s] DEBUG:colcon.colcon_core.verb:Building package 'hw4_3' with the following arguments: {'ament_cmake_args': None, 'build_base': '/home/proving_ground_home/Documents/github/ENAE450/HW4/src/build/hw4_3', 'catkin_cmake_args': None, 'catkin_skip_building_tests': False, 'cmake_args': None, 'cmake_clean_cache': False, 'cmake_clean_first': False, 'cmake_force_configure': False, 'cmake_target': None, 'cmake_target_skip_unavailable': False, 'install_base': '/home/proving_ground_home/Documents/github/ENAE450/HW4/src/install/hw4_3', 'merge_install': False, 'path': '/home/proving_ground_home/Documents/github/ENAE450/HW4/src/hw4_3', 'symlink_install': True, 'test_result_base': None}
[1.332s] INFO:colcon.colcon_core.executor:Executing jobs using 'parallel' executor
[1.348s] DEBUG:colcon.colcon_parallel_executor.executor.parallel:run_until_complete
[1.348s] INFO:colcon.colcon_ros.task.ament_python.build:Building ROS package in '/home/proving_ground_home/Documents/github/ENAE450/HW4/src/hw4_1' with build type 'ament_python'
[1.348s] Level 1:colcon.colcon_core.shell:create_environment_hook('hw4_1', 'ament_prefix_path')
[1.365s] INFO:colcon.colcon_core.plugin_system:Skipping extension 'colcon_core.shell.bat': Not used on non-Windows systems
[1.365s] INFO:colcon.colcon_core.shell:Creating environment hook '/home/proving_ground_home/Documents/github/ENAE450/HW4/src/install/hw4_1/share/hw4_1/hook/ament_prefix_path.ps1'
[1.366s] INFO:colcon.colcon_core.shell:Creating environment descriptor '/home/proving_ground_home/Documents/github/ENAE450/HW4/src/install/hw4_1/share/hw4_1/hook/ament_prefix_path.dsv'
[1.366s] INFO:colcon.colcon_core.shell:Creating environment hook '/home/proving_ground_home/Documents/github/ENAE450/HW4/src/install/hw4_1/share/hw4_1/hook/ament_prefix_path.sh'
[1.381s] INFO:colcon.colcon_core.shell:Skip shell extension 'powershell' for command environment: Not usable outside of PowerShell
[1.381s] DEBUG:colcon.colcon_core.shell:Skip shell extension 'dsv' for command environment
[1.442s] INFO:colcon.colcon_ros.task.ament_python.build:Building ROS package in '/home/proving_ground_home/Documents/github/ENAE450/HW4/src/hw4_2' with build type 'ament_python'
[1.442s] Level 1:colcon.colcon_core.shell:create_environment_hook('hw4_2', 'ament_prefix_path')
[1.458s] INFO:colcon.colcon_core.shell:Creating environment hook '/home/proving_ground_home/Documents/github/ENAE450/HW4/src/install/hw4_2/share/hw4_2/hook/ament_prefix_path.ps1'
[1.459s] INFO:colcon.colcon_core.shell:Creating environment descriptor '/home/proving_ground_home/Documents/github/ENAE450/HW4/src/install/hw4_2/share/hw4_2/hook/ament_prefix_path.dsv'
[1.459s] INFO:colcon.colcon_core.shell:Creating environment hook '/home/proving_ground_home/Documents/github/ENAE450/HW4/src/install/hw4_2/share/hw4_2/hook/ament_prefix_path.sh'
[1.474s] INFO:colcon.colcon_core.shell:Skip shell extension 'powershell' for command environment: Not usable outside of PowerShell
[1.474s] DEBUG:colcon.colcon_core.shell:Skip shell extension 'dsv' for command environment
[1.540s] INFO:colcon.colcon_ros.task.ament_python.build:Building ROS package in '/home/proving_ground_home/Documents/github/ENAE450/HW4/src/hw4_3' with build type 'ament_python'
[1.540s] Level 1:colcon.colcon_core.shell:create_environment_hook('hw4_3', 'ament_prefix_path')
[1.558s] INFO:colcon.colcon_core.shell:Creating environment hook '/home/proving_ground_home/Documents/github/ENAE450/HW4/src/install/hw4_3/share/hw4_3/hook/ament_prefix_path.ps1'
[1.558s] INFO:colcon.colcon_core.shell:Creating environment descriptor '/home/proving_ground_home/Documents/github/ENAE450/HW4/src/install/hw4_3/share/hw4_3/hook/ament_prefix_path.dsv'
[1.559s] INFO:colcon.colcon_core.shell:Creating environment hook '/home/proving_ground_home/Documents/github/ENAE450/HW4/src/install/hw4_3/share/hw4_3/hook/ament_prefix_path.sh'
[1.576s] INFO:colcon.colcon_core.shell:Skip shell extension 'powershell' for command environment: Not usable outside of PowerShell
[1.576s] DEBUG:colcon.colcon_core.shell:Skip shell extension 'dsv' for command environment
[1.879s] INFO:colcon.colcon_core.task.python.build:Building Python package in '/home/proving_ground_home/Documents/github/ENAE450/HW4/src/hw4_1'
[1.893s] INFO:colcon.colcon_core.shell:Skip shell extension 'powershell' for command environment: Not usable outside of PowerShell
[1.894s] DEBUG:colcon.colcon_core.shell:Skip shell extension 'dsv' for command environment
[2.190s] INFO:colcon.colcon_core.task.python.build:Building Python package in '/home/proving_ground_home/Documents/github/ENAE450/HW4/src/hw4_2'
[2.205s] INFO:colcon.colcon_core.shell:Skip shell extension 'powershell' for command environment: Not usable outside of PowerShell
[2.205s] DEBUG:colcon.colcon_core.shell:Skip shell extension 'dsv' for command environment
[2.510s] INFO:colcon.colcon_core.task.python.build:Building Python package in '/home/proving_ground_home/Documents/github/ENAE450/HW4/src/hw4_3'
[2.525s] INFO:colcon.colcon_core.shell:Skip shell extension 'powershell' for command environment: Not usable outside of PowerShell
[2.525s] DEBUG:colcon.colcon_core.shell:Skip shell extension 'dsv' for command environment
[2.941s] DEBUG:colcon.colcon_core.event_handler.log_command:Invoking command in '/home/proving_ground_home/Documents/github/ENAE450/HW4/src/build/hw4_1': PYTHONPATH=/home/proving_ground_home/Documents/github/ENAE450/HW4/src/build/hw4_1/prefix_override:/home/proving_ground_home/Documents/github/ENAE450/HW4/src/install/hw4_1/lib/python3.10/site-packages:${PYTHONPATH} /usr/bin/python3 setup.py develop --editable --build-directory /home/proving_ground_home/Documents/github/ENAE450/HW4/src/build/hw4_1/build --no-deps install_data
[2.963s] DEBUG:colcon.colcon_core.event_handler.log_command:Invoking command in '/home/proving_ground_home/Documents/github/ENAE450/HW4/src/build/hw4_3': PYTHONPATH=/home/proving_ground_home/Documents/github/ENAE450/HW4/src/build/hw4_3/prefix_override:/home/proving_ground_home/Documents/github/ENAE450/HW4/src/install/hw4_3/lib/python3.10/site-packages:${PYTHONPATH} /usr/bin/python3 setup.py develop --editable --build-directory /home/proving_ground_home/Documents/github/ENAE450/HW4/src/build/hw4_3/build --no-deps install_data
[2.975s] DEBUG:colcon.colcon_core.event_handler.log_command:Invoking command in '/home/proving_ground_home/Documents/github/ENAE450/HW4/src/build/hw4_2': PYTHONPATH=/home/proving_ground_home/Documents/github/ENAE450/HW4/src/build/hw4_2/prefix_override:/home/proving_ground_home/Documents/github/ENAE450/HW4/src/install/hw4_2/lib/python3.10/site-packages:${PYTHONPATH} /usr/bin/python3 setup.py develop --editable --build-directory /home/proving_ground_home/Documents/github/ENAE450/HW4/src/build/hw4_2/build --no-deps install_data
[3.406s] Level 1:colcon.colcon_core.shell:create_environment_hook('hw4_1', 'pythonpath_develop')
[3.406s] DEBUG:colcon.colcon_core.event_handler.log_command:Invoked command in '/home/proving_ground_home/Documents/github/ENAE450/HW4/src/build/hw4_1' returned '0': PYTHONPATH=/home/proving_ground_home/Documents/github/ENAE450/HW4/src/build/hw4_1/prefix_override:/home/proving_ground_home/Documents/github/ENAE450/HW4/src/install/hw4_1/lib/python3.10/site-packages:${PYTHONPATH} /usr/bin/python3 setup.py develop --editable --build-directory /home/proving_ground_home/Documents/github/ENAE450/HW4/src/build/hw4_1/build --no-deps install_data
[3.424s] INFO:colcon.colcon_core.shell:Creating environment hook '/home/proving_ground_home/Documents/github/ENAE450/HW4/src/build/hw4_1/share/hw4_1/hook/pythonpath_develop.ps1'
[3.425s] INFO:colcon.colcon_core.shell:Creating environment descriptor '/home/proving_ground_home/Documents/github/ENAE450/HW4/src/build/hw4_1/share/hw4_1/hook/pythonpath_develop.dsv'
[3.426s] INFO:colcon.colcon_core.shell:Creating environment hook '/home/proving_ground_home/Documents/github/ENAE450/HW4/src/build/hw4_1/share/hw4_1/hook/pythonpath_develop.sh'
[3.449s] Level 1:colcon.colcon_core.environment:checking '/home/proving_ground_home/Documents/github/ENAE450/HW4/src/install/hw4_1' for CMake module files
[3.450s] Level 1:colcon.colcon_core.environment:checking '/home/proving_ground_home/Documents/github/ENAE450/HW4/src/install/hw4_1' for CMake config files
[3.450s] Level 1:colcon.colcon_core.environment:checking '/home/proving_ground_home/Documents/github/ENAE450/HW4/src/install/hw4_1/lib'
[3.450s] Level 1:colcon.colcon_core.environment:checking '/home/proving_ground_home/Documents/github/ENAE450/HW4/src/install/hw4_1/bin'
[3.450s] Level 1:colcon.colcon_core.environment:checking '/home/proving_ground_home/Documents/github/ENAE450/HW4/src/install/hw4_1/lib/pkgconfig/hw4_1.pc'
[3.451s] Level 1:colcon.colcon_core.environment:checking '/home/proving_ground_home/Documents/github/ENAE450/HW4/src/install/hw4_1/lib/python3.10/site-packages'
[3.451s] Level 1:colcon.colcon_core.shell:create_environment_hook('hw4_1', 'pythonpath')
[3.466s] INFO:colcon.colcon_core.shell:Creating environment hook '/home/proving_ground_home/Documents/github/ENAE450/HW4/src/install/hw4_1/share/hw4_1/hook/pythonpath.ps1'
[3.467s] INFO:colcon.colcon_core.shell:Creating environment descriptor '/home/proving_ground_home/Documents/github/ENAE450/HW4/src/install/hw4_1/share/hw4_1/hook/pythonpath.dsv'
[3.467s] INFO:colcon.colcon_core.shell:Creating environment hook '/home/proving_ground_home/Documents/github/ENAE450/HW4/src/install/hw4_1/share/hw4_1/hook/pythonpath.sh'
[3.468s] Level 1:colcon.colcon_core.environment:checking '/home/proving_ground_home/Documents/github/ENAE450/HW4/src/install/hw4_1/bin'
[3.468s] Level 1:colcon.colcon_core.environment:create_environment_scripts_only(hw4_1)
[3.483s] INFO:colcon.colcon_core.shell:Creating package script '/home/proving_ground_home/Documents/github/ENAE450/HW4/src/install/hw4_1/share/hw4_1/package.ps1'
[3.483s] INFO:colcon.colcon_core.shell:Creating package descriptor '/home/proving_ground_home/Documents/github/ENAE450/HW4/src/install/hw4_1/share/hw4_1/package.dsv'
[3.484s] INFO:colcon.colcon_core.shell:Creating package script '/home/proving_ground_home/Documents/github/ENAE450/HW4/src/install/hw4_1/share/hw4_1/package.sh'
[3.485s] INFO:colcon.colcon_core.shell:Creating package script '/home/proving_ground_home/Documents/github/ENAE450/HW4/src/install/hw4_1/share/hw4_1/package.bash'
[3.485s] INFO:colcon.colcon_core.shell:Creating package script '/home/proving_ground_home/Documents/github/ENAE450/HW4/src/install/hw4_1/share/hw4_1/package.zsh'
[3.486s] Level 1:colcon.colcon_core.environment:create_file_with_runtime_dependencies(/home/proving_ground_home/Documents/github/ENAE450/HW4/src/install/hw4_1/share/colcon-core/packages/hw4_1)
[3.488s] Level 1:colcon.colcon_core.shell:create_environment_hook('hw4_2', 'pythonpath_develop')
[3.489s] DEBUG:colcon.colcon_core.event_handler.log_command:Invoked command in '/home/proving_ground_home/Documents/github/ENAE450/HW4/src/build/hw4_2' returned '0': PYTHONPATH=/home/proving_ground_home/Documents/github/ENAE450/HW4/src/build/hw4_2/prefix_override:/home/proving_ground_home/Documents/github/ENAE450/HW4/src/install/hw4_2/lib/python3.10/site-packages:${PYTHONPATH} /usr/bin/python3 setup.py develop --editable --build-directory /home/proving_ground_home/Documents/github/ENAE450/HW4/src/build/hw4_2/build --no-deps install_data
[3.504s] INFO:colcon.colcon_core.shell:Creating environment hook '/home/proving_ground_home/Documents/github/ENAE450/HW4/src/build/hw4_2/share/hw4_2/hook/pythonpath_develop.ps1'
[3.505s] INFO:colcon.colcon_core.shell:Creating environment descriptor '/home/proving_ground_home/Documents/github/ENAE450/HW4/src/build/hw4_2/share/hw4_2/hook/pythonpath_develop.dsv'
[3.505s] INFO:colcon.colcon_core.shell:Creating environment hook '/home/proving_ground_home/Documents/github/ENAE450/HW4/src/build/hw4_2/share/hw4_2/hook/pythonpath_develop.sh'
[3.520s] Level 1:colcon.colcon_core.environment:checking '/home/proving_ground_home/Documents/github/ENAE450/HW4/src/install/hw4_2' for CMake module files
[3.520s] Level 1:colcon.colcon_core.environment:checking '/home/proving_ground_home/Documents/github/ENAE450/HW4/src/install/hw4_2' for CMake config files
[3.520s] Level 1:colcon.colcon_core.environment:checking '/home/proving_ground_home/Documents/github/ENAE450/HW4/src/install/hw4_2/lib'
[3.520s] Level 1:colcon.colcon_core.environment:checking '/home/proving_ground_home/Documents/github/ENAE450/HW4/src/install/hw4_2/bin'
[3.521s] Level 1:colcon.colcon_core.environment:checking '/home/proving_ground_home/Documents/github/ENAE450/HW4/src/install/hw4_2/lib/pkgconfig/hw4_2.pc'
[3.521s] Level 1:colcon.colcon_core.environment:checking '/home/proving_ground_home/Documents/github/ENAE450/HW4/src/install/hw4_2/lib/python3.10/site-packages'
[3.521s] Level 1:colcon.colcon_core.shell:create_environment_hook('hw4_2', 'pythonpath')
[3.535s] INFO:colcon.colcon_core.shell:Creating environment hook '/home/proving_ground_home/Documents/github/ENAE450/HW4/src/install/hw4_2/share/hw4_2/hook/pythonpath.ps1'
[3.536s] INFO:colcon.colcon_core.shell:Creating environment descriptor '/home/proving_ground_home/Documents/github/ENAE450/HW4/src/install/hw4_2/share/hw4_2/hook/pythonpath.dsv'
[3.536s] INFO:colcon.colcon_core.shell:Creating environment hook '/home/proving_ground_home/Documents/github/ENAE450/HW4/src/install/hw4_2/share/hw4_2/hook/pythonpath.sh'
[3.536s] Level 1:colcon.colcon_core.environment:checking '/home/proving_ground_home/Documents/github/ENAE450/HW4/src/install/hw4_2/bin'
[3.537s] Level 1:colcon.colcon_core.environment:create_environment_scripts_only(hw4_2)
[3.551s] INFO:colcon.colcon_core.shell:Creating package script '/home/proving_ground_home/Documents/github/ENAE450/HW4/src/install/hw4_2/share/hw4_2/package.ps1'
[3.552s] INFO:colcon.colcon_core.shell:Creating package descriptor '/home/proving_ground_home/Documents/github/ENAE450/HW4/src/install/hw4_2/share/hw4_2/package.dsv'
[3.553s] INFO:colcon.colcon_core.shell:Creating package script '/home/proving_ground_home/Documents/github/ENAE450/HW4/src/install/hw4_2/share/hw4_2/package.sh'
[3.553s] INFO:colcon.colcon_core.shell:Creating package script '/home/proving_ground_home/Documents/github/ENAE450/HW4/src/install/hw4_2/share/hw4_2/package.bash'
[3.553s] INFO:colcon.colcon_core.shell:Creating package script '/home/proving_ground_home/Documents/github/ENAE450/HW4/src/install/hw4_2/share/hw4_2/package.zsh'
[3.554s] Level 1:colcon.colcon_core.environment:create_file_with_runtime_dependencies(/home/proving_ground_home/Documents/github/ENAE450/HW4/src/install/hw4_2/share/colcon-core/packages/hw4_2)
[3.554s] Level 1:colcon.colcon_core.shell:create_environment_hook('hw4_3', 'pythonpath_develop')
[3.555s] DEBUG:colcon.colcon_core.event_handler.log_command:Invoked command in '/home/proving_ground_home/Documents/github/ENAE450/HW4/src/build/hw4_3' returned '0': PYTHONPATH=/home/proving_ground_home/Documents/github/ENAE450/HW4/src/build/hw4_3/prefix_override:/home/proving_ground_home/Documents/github/ENAE450/HW4/src/install/hw4_3/lib/python3.10/site-packages:${PYTHONPATH} /usr/bin/python3 setup.py develop --editable --build-directory /home/proving_ground_home/Documents/github/ENAE450/HW4/src/build/hw4_3/build --no-deps install_data
[3.570s] INFO:colcon.colcon_core.shell:Creating environment hook '/home/proving_ground_home/Documents/github/ENAE450/HW4/src/build/hw4_3/share/hw4_3/hook/pythonpath_develop.ps1'
[3.571s] INFO:colcon.colcon_core.shell:Creating environment descriptor '/home/proving_ground_home/Documents/github/ENAE450/HW4/src/build/hw4_3/share/hw4_3/hook/pythonpath_develop.dsv'
[3.571s] INFO:colcon.colcon_core.shell:Creating environment hook '/home/proving_ground_home/Documents/github/ENAE450/HW4/src/build/hw4_3/share/hw4_3/hook/pythonpath_develop.sh'
[3.586s] Level 1:colcon.colcon_core.environment:checking '/home/proving_ground_home/Documents/github/ENAE450/HW4/src/install/hw4_3' for CMake module files
[3.586s] Level 1:colcon.colcon_core.environment:checking '/home/proving_ground_home/Documents/github/ENAE450/HW4/src/install/hw4_3' for CMake config files
[3.586s] Level 1:colcon.colcon_core.environment:checking '/home/proving_ground_home/Documents/github/ENAE450/HW4/src/install/hw4_3/lib'
[3.586s] Level 1:colcon.colcon_core.environment:checking '/home/proving_ground_home/Documents/github/ENAE450/HW4/src/install/hw4_3/bin'
[3.587s] Level 1:colcon.colcon_core.environment:checking '/home/proving_ground_home/Documents/github/ENAE450/HW4/src/install/hw4_3/lib/pkgconfig/hw4_3.pc'
[3.587s] Level 1:colcon.colcon_core.environment:checking '/home/proving_ground_home/Documents/github/ENAE450/HW4/src/install/hw4_3/lib/python3.10/site-packages'
[3.587s] Level 1:colcon.colcon_core.shell:create_environment_hook('hw4_3', 'pythonpath')
[3.601s] INFO:colcon.colcon_core.shell:Creating environment hook '/home/proving_ground_home/Documents/github/ENAE450/HW4/src/install/hw4_3/share/hw4_3/hook/pythonpath.ps1'
[3.601s] INFO:colcon.colcon_core.shell:Creating environment descriptor '/home/proving_ground_home/Documents/github/ENAE450/HW4/src/install/hw4_3/share/hw4_3/hook/pythonpath.dsv'
[3.602s] INFO:colcon.colcon_core.shell:Creating environment hook '/home/proving_ground_home/Documents/github/ENAE450/HW4/src/install/hw4_3/share/hw4_3/hook/pythonpath.sh'
[3.602s] Level 1:colcon.colcon_core.environment:checking '/home/proving_ground_home/Documents/github/ENAE450/HW4/src/install/hw4_3/bin'
[3.602s] Level 1:colcon.colcon_core.environment:create_environment_scripts_only(hw4_3)
[3.617s] INFO:colcon.colcon_core.shell:Creating package script '/home/proving_ground_home/Documents/github/ENAE450/HW4/src/install/hw4_3/share/hw4_3/package.ps1'
[3.618s] INFO:colcon.colcon_core.shell:Creating package descriptor '/home/proving_ground_home/Documents/github/ENAE450/HW4/src/install/hw4_3/share/hw4_3/package.dsv'
[3.618s] INFO:colcon.colcon_core.shell:Creating package script '/home/proving_ground_home/Documents/github/ENAE450/HW4/src/install/hw4_3/share/hw4_3/package.sh'
[3.619s] INFO:colcon.colcon_core.shell:Creating package script '/home/proving_ground_home/Documents/github/ENAE450/HW4/src/install/hw4_3/share/hw4_3/package.bash'
[3.619s] INFO:colcon.colcon_core.shell:Creating package script '/home/proving_ground_home/Documents/github/ENAE450/HW4/src/install/hw4_3/share/hw4_3/package.zsh'
[3.620s] Level 1:colcon.colcon_core.environment:create_file_with_runtime_dependencies(/home/proving_ground_home/Documents/github/ENAE450/HW4/src/install/hw4_3/share/colcon-core/packages/hw4_3)
[3.620s] DEBUG:colcon.colcon_parallel_executor.executor.parallel:closing loop
[3.620s] DEBUG:colcon.colcon_parallel_executor.executor.parallel:loop closed
[3.621s] DEBUG:colcon.colcon_parallel_executor.executor.parallel:run_until_complete finished with '0'
[3.621s] DEBUG:colcon.colcon_core.event_reactor:joining thread
[3.640s] INFO:colcon.colcon_core.plugin_system:Skipping extension 'colcon_notification.desktop_notification.notify_send': Could not find 'notify-send'
[3.640s] INFO:colcon.colcon_core.plugin_system:Skipping extension 'colcon_notification.desktop_notification.terminal_notifier': Not used on non-Darwin systems
[3.640s] INFO:colcon.colcon_core.plugin_system:Skipping extension 'colcon_notification.desktop_notification.win32': Not used on non-Windows systems
[3.640s] INFO:colcon.colcon_notification.desktop_notification:Sending desktop notification using 'notify2'
[3.664s] DEBUG:colcon.colcon_core.event_reactor:joined thread
[3.682s] INFO:colcon.colcon_core.shell:Creating prefix script '/home/proving_ground_home/Documents/github/ENAE450/HW4/src/install/local_setup.ps1'
[3.683s] INFO:colcon.colcon_core.shell:Creating prefix util module '/home/proving_ground_home/Documents/github/ENAE450/HW4/src/install/_local_setup_util_ps1.py'
[3.684s] INFO:colcon.colcon_core.shell:Creating prefix chain script '/home/proving_ground_home/Documents/github/ENAE450/HW4/src/install/setup.ps1'
[3.701s] INFO:colcon.colcon_core.shell:Creating prefix script '/home/proving_ground_home/Documents/github/ENAE450/HW4/src/install/local_setup.sh'
[3.701s] INFO:colcon.colcon_core.shell:Creating prefix util module '/home/proving_ground_home/Documents/github/ENAE450/HW4/src/install/_local_setup_util_sh.py'
[3.702s] INFO:colcon.colcon_core.shell:Creating prefix chain script '/home/proving_ground_home/Documents/github/ENAE450/HW4/src/install/setup.sh'
[3.729s] INFO:colcon.colcon_core.shell:Creating prefix script '/home/proving_ground_home/Documents/github/ENAE450/HW4/src/install/local_setup.bash'
[3.730s] INFO:colcon.colcon_core.shell:Creating prefix chain script '/home/proving_ground_home/Documents/github/ENAE450/HW4/src/install/setup.bash'
[3.747s] INFO:colcon.colcon_core.shell:Creating prefix script '/home/proving_ground_home/Documents/github/ENAE450/HW4/src/install/local_setup.zsh'
[3.747s] INFO:colcon.colcon_core.shell:Creating prefix chain script '/home/proving_ground_home/Documents/github/ENAE450/HW4/src/install/setup.zsh'
