running develop
running egg_info
creating hw5.egg-info
writing hw5.egg-info/PKG-INFO
writing dependency_links to hw5.egg-info/dependency_links.txt
writing entry points to hw5.egg-info/entry_points.txt
writing requirements to hw5.egg-info/requires.txt
writing top-level names to hw5.egg-info/top_level.txt
writing manifest file 'hw5.egg-info/SOURCES.txt'
reading manifest file 'hw5.egg-info/SOURCES.txt'
writing manifest file 'hw5.egg-info/SOURCES.txt'
running build_ext
Creating /home/proving_ground_home/Documents/github/ENAE450/HW5/install/hw5/lib/python3.10/site-packages/hw5.egg-link (link to .)
Installing hw5_2_inside script to /home/proving_ground_home/Documents/github/ENAE450/HW5/install/hw5/lib/hw5
Installing hw5_3_outside script to /home/proving_ground_home/Documents/github/ENAE450/HW5/install/hw5/lib/hw5

Installed /home/proving_ground_home/Documents/github/ENAE450/HW5/build/hw5
running install_data
creating /home/proving_ground_home/Documents/github/ENAE450/HW5/install/hw5/share/ament_index
creating /home/proving_ground_home/Documents/github/ENAE450/HW5/install/hw5/share/ament_index/resource_index
creating /home/proving_ground_home/Documents/github/ENAE450/HW5/install/hw5/share/ament_index/resource_index/packages
copying resource/hw5 -> /home/proving_ground_home/Documents/github/ENAE450/HW5/install/hw5/share/ament_index/resource_index/packages
copying package.xml -> /home/proving_ground_home/Documents/github/ENAE450/HW5/install/hw5/share/hw5
creating /home/proving_ground_home/Documents/github/ENAE450/HW5/install/hw5/share/hw5/launch
copying launch/tb3_4walls_outside.launch.py -> /home/proving_ground_home/Documents/github/ENAE450/HW5/install/hw5/share/hw5/launch
copying launch/tb3_4walls_inside.launch.py -> /home/proving_ground_home/Documents/github/ENAE450/HW5/install/hw5/share/hw5/launch
creating /home/proving_ground_home/Documents/github/ENAE450/HW5/install/hw5/share/hw5/worlds
copying worlds/tb3_4walls.world -> /home/proving_ground_home/Documents/github/ENAE450/HW5/install/hw5/share/hw5/worlds
creating /home/proving_ground_home/Documents/github/ENAE450/HW5/install/hw5/share/hw5/models
creating /home/proving_ground_home/Documents/github/ENAE450/HW5/install/hw5/share/hw5/models/tb3_4walls
copying models/tb3_4walls/four_walls.sdf -> /home/proving_ground_home/Documents/github/ENAE450/HW5/install/hw5/share/hw5/models/tb3_4walls
copying models/tb3_4walls/model.config -> /home/proving_ground_home/Documents/github/ENAE450/HW5/install/hw5/share/hw5/models/tb3_4walls
