[0.797s] Invoking command in '/home/proving_ground_home/Documents/github/ENAE450/HW3/hw3_2': PYTHONPATH=/home/proving_ground_home/Documents/github/ENAE450/HW3/build/hw3_2/prefix_override:/home/proving_ground_home/Documents/github/ENAE450/HW3/install/hw3_2/lib/python3.10/site-packages:${PYTHONPATH} /usr/bin/python3 setup.py egg_info --egg-base ../build/hw3_2 build --build-base /home/proving_ground_home/Documents/github/ENAE450/HW3/build/hw3_2/build install --record /home/proving_ground_home/Documents/github/ENAE450/HW3/build/hw3_2/install.log --single-version-externally-managed
[1.019s] running egg_info
[1.020s] writing ../build/hw3_2/hw3_2.egg-info/PKG-INFO
[1.021s] writing dependency_links to ../build/hw3_2/hw3_2.egg-info/dependency_links.txt
[1.021s] writing entry points to ../build/hw3_2/hw3_2.egg-info/entry_points.txt
[1.021s] writing requirements to ../build/hw3_2/hw3_2.egg-info/requires.txt
[1.021s] writing top-level names to ../build/hw3_2/hw3_2.egg-info/top_level.txt
[1.023s] reading manifest file '../build/hw3_2/hw3_2.egg-info/SOURCES.txt'
[1.023s] writing manifest file '../build/hw3_2/hw3_2.egg-info/SOURCES.txt'
[1.024s] running build
[1.024s] running build_py
[1.024s] copying hw3_2/hw3_2_sub.py -> /home/proving_ground_home/Documents/github/ENAE450/HW3/build/hw3_2/build/lib/hw3_2
[1.025s] running install
[1.025s] /usr/lib/python3/dist-packages/setuptools/command/install.py:34: SetuptoolsDeprecationWarning: setup.py install is deprecated. Use build and pip and other standards-based tools.
[1.025s]   warnings.warn(
[1.025s] running install_lib
[1.025s] copying /home/proving_ground_home/Documents/github/ENAE450/HW3/build/hw3_2/build/lib/hw3_2/hw3_2_sub.py -> /home/proving_ground_home/Documents/github/ENAE450/HW3/install/hw3_2/lib/python3.10/site-packages/hw3_2
[1.026s] byte-compiling /home/proving_ground_home/Documents/github/ENAE450/HW3/install/hw3_2/lib/python3.10/site-packages/hw3_2/hw3_2_sub.py to hw3_2_sub.cpython-310.pyc
[1.026s] running install_data
[1.027s] running install_egg_info
[1.028s] removing '/home/proving_ground_home/Documents/github/ENAE450/HW3/install/hw3_2/lib/python3.10/site-packages/hw3_2-0.0.0-py3.10.egg-info' (and everything under it)
[1.029s] Copying ../build/hw3_2/hw3_2.egg-info to /home/proving_ground_home/Documents/github/ENAE450/HW3/install/hw3_2/lib/python3.10/site-packages/hw3_2-0.0.0-py3.10.egg-info
[1.029s] running install_scripts
[1.049s] Installing hw3_2_pub script to /home/proving_ground_home/Documents/github/ENAE450/HW3/install/hw3_2/lib/hw3_2
[1.049s] Installing hw3_2_sub script to /home/proving_ground_home/Documents/github/ENAE450/HW3/install/hw3_2/lib/hw3_2
[1.050s] writing list of installed files to '/home/proving_ground_home/Documents/github/ENAE450/HW3/build/hw3_2/install.log'
[1.070s] Invoked command in '/home/proving_ground_home/Documents/github/ENAE450/HW3/hw3_2' returned '0': PYTHONPATH=/home/proving_ground_home/Documents/github/ENAE450/HW3/build/hw3_2/prefix_override:/home/proving_ground_home/Documents/github/ENAE450/HW3/install/hw3_2/lib/python3.10/site-packages:${PYTHONPATH} /usr/bin/python3 setup.py egg_info --egg-base ../build/hw3_2 build --build-base /home/proving_ground_home/Documents/github/ENAE450/HW3/build/hw3_2/build install --record /home/proving_ground_home/Documents/github/ENAE450/HW3/build/hw3_2/install.log --single-version-externally-managed
